<?xml version="1.0" encoding="UTF-8"?>
<testsuite xmlns:xsi="http://www.w3.org/2001/XMLSchema-instance" xsi:noNamespaceSchemaLocation="https://maven.apache.org/surefire/maven-surefire-plugin/xsd/surefire-test-report-3.0.xsd" version="3.0" name="com.ar.bzassesment.controller.RecipeControllerIntTest" time="4.786" tests="12" errors="0" skipped="0" failures="0">
  <properties>
    <property name="java.specification.version" value="21"/>
    <property name="sun.jnu.encoding" value="UTF-8"/>
    <property name="java.class.path" value="/Users/rajeshravi/Desktop/bz-assessment/target/test-classes:/Users/rajeshravi/Desktop/bz-assessment/target/classes:/Users/rajeshravi/.m2/repository/org/springframework/boot/spring-boot-starter-actuator/3.2.0/spring-boot-starter-actuator-3.2.0.jar:/Users/rajeshravi/.m2/repository/org/springframework/boot/spring-boot-starter/3.2.0/spring-boot-starter-3.2.0.jar:/Users/rajeshravi/.m2/repository/org/springframework/boot/spring-boot/3.2.0/spring-boot-3.2.0.jar:/Users/rajeshravi/.m2/repository/org/springframework/boot/spring-boot-starter-logging/3.2.0/spring-boot-starter-logging-3.2.0.jar:/Users/rajeshravi/.m2/repository/ch/qos/logback/logback-classic/1.4.11/logback-classic-1.4.11.jar:/Users/rajeshravi/.m2/repository/ch/qos/logback/logback-core/1.4.11/logback-core-1.4.11.jar:/Users/rajeshravi/.m2/repository/org/apache/logging/log4j/log4j-to-slf4j/2.21.1/log4j-to-slf4j-2.21.1.jar:/Users/rajeshravi/.m2/repository/org/apache/logging/log4j/log4j-api/2.21.1/log4j-api-2.21.1.jar:/Users/rajeshravi/.m2/repository/org/slf4j/jul-to-slf4j/2.0.9/jul-to-slf4j-2.0.9.jar:/Users/rajeshravi/.m2/repository/jakarta/annotation/jakarta.annotation-api/2.1.1/jakarta.annotation-api-2.1.1.jar:/Users/rajeshravi/.m2/repository/org/yaml/snakeyaml/2.2/snakeyaml-2.2.jar:/Users/rajeshravi/.m2/repository/org/springframework/boot/spring-boot-actuator-autoconfigure/3.2.0/spring-boot-actuator-autoconfigure-3.2.0.jar:/Users/rajeshravi/.m2/repository/org/springframework/boot/spring-boot-actuator/3.2.0/spring-boot-actuator-3.2.0.jar:/Users/rajeshravi/.m2/repository/com/fasterxml/jackson/core/jackson-databind/2.15.3/jackson-databind-2.15.3.jar:/Users/rajeshravi/.m2/repository/com/fasterxml/jackson/core/jackson-annotations/2.15.3/jackson-annotations-2.15.3.jar:/Users/rajeshravi/.m2/repository/com/fasterxml/jackson/core/jackson-core/2.15.3/jackson-core-2.15.3.jar:/Users/rajeshravi/.m2/repository/com/fasterxml/jackson/datatype/jackson-datatype-jsr310/2.15.3/jackson-datatype-jsr310-2.15.3.jar:/Users/rajeshravi/.m2/repository/io/micrometer/micrometer-observation/1.12.0/micrometer-observation-1.12.0.jar:/Users/rajeshravi/.m2/repository/io/micrometer/micrometer-commons/1.12.0/micrometer-commons-1.12.0.jar:/Users/rajeshravi/.m2/repository/io/micrometer/micrometer-jakarta9/1.12.0/micrometer-jakarta9-1.12.0.jar:/Users/rajeshravi/.m2/repository/org/springframework/boot/spring-boot-starter-data-jpa/3.2.0/spring-boot-starter-data-jpa-3.2.0.jar:/Users/rajeshravi/.m2/repository/org/springframework/boot/spring-boot-starter-aop/3.2.0/spring-boot-starter-aop-3.2.0.jar:/Users/rajeshravi/.m2/repository/org/springframework/spring-aop/6.1.1/spring-aop-6.1.1.jar:/Users/rajeshravi/.m2/repository/org/aspectj/aspectjweaver/1.9.20.1/aspectjweaver-1.9.20.1.jar:/Users/rajeshravi/.m2/repository/org/springframework/boot/spring-boot-starter-jdbc/3.2.0/spring-boot-starter-jdbc-3.2.0.jar:/Users/rajeshravi/.m2/repository/com/zaxxer/HikariCP/5.0.1/HikariCP-5.0.1.jar:/Users/rajeshravi/.m2/repository/org/springframework/spring-jdbc/6.1.1/spring-jdbc-6.1.1.jar:/Users/rajeshravi/.m2/repository/org/hibernate/orm/hibernate-core/6.3.1.Final/hibernate-core-6.3.1.Final.jar:/Users/rajeshravi/.m2/repository/jakarta/persistence/jakarta.persistence-api/3.1.0/jakarta.persistence-api-3.1.0.jar:/Users/rajeshravi/.m2/repository/jakarta/transaction/jakarta.transaction-api/2.0.1/jakarta.transaction-api-2.0.1.jar:/Users/rajeshravi/.m2/repository/org/jboss/logging/jboss-logging/3.5.3.Final/jboss-logging-3.5.3.Final.jar:/Users/rajeshravi/.m2/repository/org/hibernate/common/hibernate-commons-annotations/6.0.6.Final/hibernate-commons-annotations-6.0.6.Final.jar:/Users/rajeshravi/.m2/repository/io/smallrye/jandex/3.1.2/jandex-3.1.2.jar:/Users/rajeshravi/.m2/repository/org/glassfish/jaxb/jaxb-runtime/4.0.4/jaxb-runtime-4.0.4.jar:/Users/rajeshravi/.m2/repository/org/glassfish/jaxb/jaxb-core/4.0.4/jaxb-core-4.0.4.jar:/Users/rajeshravi/.m2/repository/org/eclipse/angus/angus-activation/2.0.1/angus-activation-2.0.1.jar:/Users/rajeshravi/.m2/repository/org/glassfish/jaxb/txw2/4.0.4/txw2-4.0.4.jar:/Users/rajeshravi/.m2/repository/com/sun/istack/istack-commons-runtime/4.1.2/istack-commons-runtime-4.1.2.jar:/Users/rajeshravi/.m2/repository/jakarta/inject/jakarta.inject-api/2.0.1/jakarta.inject-api-2.0.1.jar:/Users/rajeshravi/.m2/repository/org/antlr/antlr4-runtime/4.10.1/antlr4-runtime-4.10.1.jar:/Users/rajeshravi/.m2/repository/org/springframework/data/spring-data-jpa/3.2.0/spring-data-jpa-3.2.0.jar:/Users/rajeshravi/.m2/repository/org/springframework/data/spring-data-commons/3.2.0/spring-data-commons-3.2.0.jar:/Users/rajeshravi/.m2/repository/org/springframework/spring-orm/6.1.1/spring-orm-6.1.1.jar:/Users/rajeshravi/.m2/repository/org/springframework/spring-context/6.1.1/spring-context-6.1.1.jar:/Users/rajeshravi/.m2/repository/org/springframework/spring-tx/6.1.1/spring-tx-6.1.1.jar:/Users/rajeshravi/.m2/repository/org/springframework/spring-beans/6.1.1/spring-beans-6.1.1.jar:/Users/rajeshravi/.m2/repository/org/springframework/spring-aspects/6.1.1/spring-aspects-6.1.1.jar:/Users/rajeshravi/.m2/repository/org/springframework/boot/spring-boot-starter-web/3.2.0/spring-boot-starter-web-3.2.0.jar:/Users/rajeshravi/.m2/repository/org/springframework/boot/spring-boot-starter-json/3.2.0/spring-boot-starter-json-3.2.0.jar:/Users/rajeshravi/.m2/repository/com/fasterxml/jackson/datatype/jackson-datatype-jdk8/2.15.3/jackson-datatype-jdk8-2.15.3.jar:/Users/rajeshravi/.m2/repository/com/fasterxml/jackson/module/jackson-module-parameter-names/2.15.3/jackson-module-parameter-names-2.15.3.jar:/Users/rajeshravi/.m2/repository/org/springframework/boot/spring-boot-starter-tomcat/3.2.0/spring-boot-starter-tomcat-3.2.0.jar:/Users/rajeshravi/.m2/repository/org/apache/tomcat/embed/tomcat-embed-core/10.1.16/tomcat-embed-core-10.1.16.jar:/Users/rajeshravi/.m2/repository/org/apache/tomcat/embed/tomcat-embed-websocket/10.1.16/tomcat-embed-websocket-10.1.16.jar:/Users/rajeshravi/.m2/repository/org/springframework/spring-web/6.1.1/spring-web-6.1.1.jar:/Users/rajeshravi/.m2/repository/org/springframework/spring-webmvc/6.1.1/spring-webmvc-6.1.1.jar:/Users/rajeshravi/.m2/repository/org/springframework/spring-expression/6.1.1/spring-expression-6.1.1.jar:/Users/rajeshravi/.m2/repository/org/springframework/boot/spring-boot-starter-validation/3.2.0/spring-boot-starter-validation-3.2.0.jar:/Users/rajeshravi/.m2/repository/org/apache/tomcat/embed/tomcat-embed-el/10.1.16/tomcat-embed-el-10.1.16.jar:/Users/rajeshravi/.m2/repository/org/hibernate/validator/hibernate-validator/8.0.1.Final/hibernate-validator-8.0.1.Final.jar:/Users/rajeshravi/.m2/repository/jakarta/validation/jakarta.validation-api/3.0.2/jakarta.validation-api-3.0.2.jar:/Users/rajeshravi/.m2/repository/org/springframework/boot/spring-boot-starter-oauth2-resource-server/3.2.0/spring-boot-starter-oauth2-resource-server-3.2.0.jar:/Users/rajeshravi/.m2/repository/org/springframework/security/spring-security-config/6.2.0/spring-security-config-6.2.0.jar:/Users/rajeshravi/.m2/repository/org/springframework/security/spring-security-core/6.2.0/spring-security-core-6.2.0.jar:/Users/rajeshravi/.m2/repository/org/springframework/security/spring-security-crypto/6.2.0/spring-security-crypto-6.2.0.jar:/Users/rajeshravi/.m2/repository/org/springframework/security/spring-security-oauth2-resource-server/6.2.0/spring-security-oauth2-resource-server-6.2.0.jar:/Users/rajeshravi/.m2/repository/org/springframework/security/spring-security-oauth2-core/6.2.0/spring-security-oauth2-core-6.2.0.jar:/Users/rajeshravi/.m2/repository/org/springframework/security/spring-security-web/6.2.0/spring-security-web-6.2.0.jar:/Users/rajeshravi/.m2/repository/org/springframework/security/spring-security-oauth2-jose/6.2.0/spring-security-oauth2-jose-6.2.0.jar:/Users/rajeshravi/.m2/repository/com/nimbusds/nimbus-jose-jwt/9.24.4/nimbus-jose-jwt-9.24.4.jar:/Users/rajeshravi/.m2/repository/com/github/stephenc/jcip/jcip-annotations/1.0-1/jcip-annotations-1.0-1.jar:/Users/rajeshravi/.m2/repository/org/springframework/boot/spring-boot-configuration-processor/3.2.0/spring-boot-configuration-processor-3.2.0.jar:/Users/rajeshravi/.m2/repository/org/springdoc/springdoc-openapi-starter-webmvc-ui/2.1.0/springdoc-openapi-starter-webmvc-ui-2.1.0.jar:/Users/rajeshravi/.m2/repository/org/springdoc/springdoc-openapi-starter-webmvc-api/2.1.0/springdoc-openapi-starter-webmvc-api-2.1.0.jar:/Users/rajeshravi/.m2/repository/org/springdoc/springdoc-openapi-starter-common/2.1.0/springdoc-openapi-starter-common-2.1.0.jar:/Users/rajeshravi/.m2/repository/io/swagger/core/v3/swagger-core-jakarta/2.2.9/swagger-core-jakarta-2.2.9.jar:/Users/rajeshravi/.m2/repository/org/apache/commons/commons-lang3/3.13.0/commons-lang3-3.13.0.jar:/Users/rajeshravi/.m2/repository/io/swagger/core/v3/swagger-annotations-jakarta/2.2.9/swagger-annotations-jakarta-2.2.9.jar:/Users/rajeshravi/.m2/repository/io/swagger/core/v3/swagger-models-jakarta/2.2.9/swagger-models-jakarta-2.2.9.jar:/Users/rajeshravi/.m2/repository/com/fasterxml/jackson/dataformat/jackson-dataformat-yaml/2.15.3/jackson-dataformat-yaml-2.15.3.jar:/Users/rajeshravi/.m2/repository/org/webjars/swagger-ui/4.18.2/swagger-ui-4.18.2.jar:/Users/rajeshravi/.m2/repository/io/springfox/springfox-boot-starter/3.0.0/springfox-boot-starter-3.0.0.jar:/Users/rajeshravi/.m2/repository/io/springfox/springfox-oas/3.0.0/springfox-oas-3.0.0.jar:/Users/rajeshravi/.m2/repository/io/swagger/core/v3/swagger-annotations/2.1.2/swagger-annotations-2.1.2.jar:/Users/rajeshravi/.m2/repository/io/swagger/core/v3/swagger-models/2.1.2/swagger-models-2.1.2.jar:/Users/rajeshravi/.m2/repository/io/springfox/springfox-spi/3.0.0/springfox-spi-3.0.0.jar:/Users/rajeshravi/.m2/repository/io/springfox/springfox-schema/3.0.0/springfox-schema-3.0.0.jar:/Users/rajeshravi/.m2/repository/io/springfox/springfox-core/3.0.0/springfox-core-3.0.0.jar:/Users/rajeshravi/.m2/repository/io/springfox/springfox-spring-web/3.0.0/springfox-spring-web-3.0.0.jar:/Users/rajeshravi/.m2/repository/io/github/classgraph/classgraph/4.8.83/classgraph-4.8.83.jar:/Users/rajeshravi/.m2/repository/io/springfox/springfox-spring-webmvc/3.0.0/springfox-spring-webmvc-3.0.0.jar:/Users/rajeshravi/.m2/repository/io/springfox/springfox-spring-webflux/3.0.0/springfox-spring-webflux-3.0.0.jar:/Users/rajeshravi/.m2/repository/io/springfox/springfox-swagger-common/3.0.0/springfox-swagger-common-3.0.0.jar:/Users/rajeshravi/.m2/repository/org/mapstruct/mapstruct/1.3.1.Final/mapstruct-1.3.1.Final.jar:/Users/rajeshravi/.m2/repository/io/springfox/springfox-data-rest/3.0.0/springfox-data-rest-3.0.0.jar:/Users/rajeshravi/.m2/repository/io/springfox/springfox-bean-validators/3.0.0/springfox-bean-validators-3.0.0.jar:/Users/rajeshravi/.m2/repository/io/springfox/springfox-swagger2/3.0.0/springfox-swagger2-3.0.0.jar:/Users/rajeshravi/.m2/repository/io/swagger/swagger-annotations/1.5.20/swagger-annotations-1.5.20.jar:/Users/rajeshravi/.m2/repository/io/swagger/swagger-models/1.5.20/swagger-models-1.5.20.jar:/Users/rajeshravi/.m2/repository/io/springfox/springfox-swagger-ui/3.0.0/springfox-swagger-ui-3.0.0.jar:/Users/rajeshravi/.m2/repository/com/fasterxml/classmate/1.6.0/classmate-1.6.0.jar:/Users/rajeshravi/.m2/repository/org/slf4j/slf4j-api/2.0.9/slf4j-api-2.0.9.jar:/Users/rajeshravi/.m2/repository/org/springframework/plugin/spring-plugin-core/2.0.0.RELEASE/spring-plugin-core-2.0.0.RELEASE.jar:/Users/rajeshravi/.m2/repository/org/springframework/plugin/spring-plugin-metadata/2.0.0.RELEASE/spring-plugin-metadata-2.0.0.RELEASE.jar:/Users/rajeshravi/.m2/repository/io/micrometer/micrometer-registry-prometheus/1.12.0/micrometer-registry-prometheus-1.12.0.jar:/Users/rajeshravi/.m2/repository/io/micrometer/micrometer-core/1.12.0/micrometer-core-1.12.0.jar:/Users/rajeshravi/.m2/repository/org/hdrhistogram/HdrHistogram/2.1.12/HdrHistogram-2.1.12.jar:/Users/rajeshravi/.m2/repository/org/latencyutils/LatencyUtils/2.0.3/LatencyUtils-2.0.3.jar:/Users/rajeshravi/.m2/repository/io/prometheus/simpleclient_common/0.16.0/simpleclient_common-0.16.0.jar:/Users/rajeshravi/.m2/repository/io/prometheus/simpleclient/0.16.0/simpleclient-0.16.0.jar:/Users/rajeshravi/.m2/repository/io/prometheus/simpleclient_tracer_otel/0.16.0/simpleclient_tracer_otel-0.16.0.jar:/Users/rajeshravi/.m2/repository/io/prometheus/simpleclient_tracer_common/0.16.0/simpleclient_tracer_common-0.16.0.jar:/Users/rajeshravi/.m2/repository/io/prometheus/simpleclient_tracer_otel_agent/0.16.0/simpleclient_tracer_otel_agent-0.16.0.jar:/Users/rajeshravi/.m2/repository/org/postgresql/postgresql/42.6.0/postgresql-42.6.0.jar:/Users/rajeshravi/.m2/repository/org/checkerframework/checker-qual/3.31.0/checker-qual-3.31.0.jar:/Users/rajeshravi/.m2/repository/org/projectlombok/lombok/1.18.30/lombok-1.18.30.jar:/Users/rajeshravi/.m2/repository/org/springframework/boot/spring-boot-starter-data-jdbc/3.2.0/spring-boot-starter-data-jdbc-3.2.0.jar:/Users/rajeshravi/.m2/repository/org/springframework/data/spring-data-jdbc/3.2.0/spring-data-jdbc-3.2.0.jar:/Users/rajeshravi/.m2/repository/org/springframework/data/spring-data-relational/3.2.0/spring-data-relational-3.2.0.jar:/Users/rajeshravi/.m2/repository/com/github/jsqlparser/jsqlparser/4.6/jsqlparser-4.6.jar:/Users/rajeshravi/.m2/repository/org/springframework/boot/spring-boot-starter-test/3.2.0/spring-boot-starter-test-3.2.0.jar:/Users/rajeshravi/.m2/repository/org/springframework/boot/spring-boot-test/3.2.0/spring-boot-test-3.2.0.jar:/Users/rajeshravi/.m2/repository/org/springframework/boot/spring-boot-test-autoconfigure/3.2.0/spring-boot-test-autoconfigure-3.2.0.jar:/Users/rajeshravi/.m2/repository/com/jayway/jsonpath/json-path/2.8.0/json-path-2.8.0.jar:/Users/rajeshravi/.m2/repository/jakarta/xml/bind/jakarta.xml.bind-api/4.0.1/jakarta.xml.bind-api-4.0.1.jar:/Users/rajeshravi/.m2/repository/jakarta/activation/jakarta.activation-api/2.1.2/jakarta.activation-api-2.1.2.jar:/Users/rajeshravi/.m2/repository/net/minidev/json-smart/2.5.0/json-smart-2.5.0.jar:/Users/rajeshravi/.m2/repository/net/minidev/accessors-smart/2.5.0/accessors-smart-2.5.0.jar:/Users/rajeshravi/.m2/repository/org/ow2/asm/asm/9.3/asm-9.3.jar:/Users/rajeshravi/.m2/repository/org/assertj/assertj-core/3.24.2/assertj-core-3.24.2.jar:/Users/rajeshravi/.m2/repository/org/awaitility/awaitility/4.2.0/awaitility-4.2.0.jar:/Users/rajeshravi/.m2/repository/org/hamcrest/hamcrest/2.2/hamcrest-2.2.jar:/Users/rajeshravi/.m2/repository/org/junit/jupiter/junit-jupiter/5.10.1/junit-jupiter-5.10.1.jar:/Users/rajeshravi/.m2/repository/org/junit/jupiter/junit-jupiter-api/5.10.1/junit-jupiter-api-5.10.1.jar:/Users/rajeshravi/.m2/repository/org/opentest4j/opentest4j/1.3.0/opentest4j-1.3.0.jar:/Users/rajeshravi/.m2/repository/org/junit/platform/junit-platform-commons/1.10.1/junit-platform-commons-1.10.1.jar:/Users/rajeshravi/.m2/repository/org/apiguardian/apiguardian-api/1.1.2/apiguardian-api-1.1.2.jar:/Users/rajeshravi/.m2/repository/org/junit/jupiter/junit-jupiter-params/5.10.1/junit-jupiter-params-5.10.1.jar:/Users/rajeshravi/.m2/repository/org/junit/jupiter/junit-jupiter-engine/5.10.1/junit-jupiter-engine-5.10.1.jar:/Users/rajeshravi/.m2/repository/org/junit/platform/junit-platform-engine/1.10.1/junit-platform-engine-1.10.1.jar:/Users/rajeshravi/.m2/repository/org/mockito/mockito-junit-jupiter/5.7.0/mockito-junit-jupiter-5.7.0.jar:/Users/rajeshravi/.m2/repository/org/skyscreamer/jsonassert/1.5.1/jsonassert-1.5.1.jar:/Users/rajeshravi/.m2/repository/com/vaadin/external/google/android-json/0.0.20131108.vaadin1/android-json-0.0.20131108.vaadin1.jar:/Users/rajeshravi/.m2/repository/org/springframework/spring-core/6.1.1/spring-core-6.1.1.jar:/Users/rajeshravi/.m2/repository/org/springframework/spring-jcl/6.1.1/spring-jcl-6.1.1.jar:/Users/rajeshravi/.m2/repository/org/springframework/spring-test/6.1.1/spring-test-6.1.1.jar:/Users/rajeshravi/.m2/repository/org/xmlunit/xmlunit-core/2.9.1/xmlunit-core-2.9.1.jar:/Users/rajeshravi/.m2/repository/org/mockito/mockito-core/2.21.0/mockito-core-2.21.0.jar:/Users/rajeshravi/.m2/repository/net/bytebuddy/byte-buddy/1.14.10/byte-buddy-1.14.10.jar:/Users/rajeshravi/.m2/repository/net/bytebuddy/byte-buddy-agent/1.14.10/byte-buddy-agent-1.14.10.jar:/Users/rajeshravi/.m2/repository/org/objenesis/objenesis/2.6/objenesis-2.6.jar:/Users/rajeshravi/.m2/repository/org/springframework/boot/spring-boot-testcontainers/3.2.0/spring-boot-testcontainers-3.2.0.jar:/Users/rajeshravi/.m2/repository/org/springframework/boot/spring-boot-autoconfigure/3.2.0/spring-boot-autoconfigure-3.2.0.jar:/Users/rajeshravi/.m2/repository/org/testcontainers/testcontainers/1.19.3/testcontainers-1.19.3.jar:/Users/rajeshravi/.m2/repository/junit/junit/4.13.2/junit-4.13.2.jar:/Users/rajeshravi/.m2/repository/org/hamcrest/hamcrest-core/2.2/hamcrest-core-2.2.jar:/Users/rajeshravi/.m2/repository/org/apache/commons/commons-compress/1.24.0/commons-compress-1.24.0.jar:/Users/rajeshravi/.m2/repository/org/rnorth/duct-tape/duct-tape/1.0.8/duct-tape-1.0.8.jar:/Users/rajeshravi/.m2/repository/org/jetbrains/annotations/17.0.0/annotations-17.0.0.jar:/Users/rajeshravi/.m2/repository/com/github/docker-java/docker-java-api/3.3.4/docker-java-api-3.3.4.jar:/Users/rajeshravi/.m2/repository/com/github/docker-java/docker-java-transport-zerodep/3.3.4/docker-java-transport-zerodep-3.3.4.jar:/Users/rajeshravi/.m2/repository/com/github/docker-java/docker-java-transport/3.3.4/docker-java-transport-3.3.4.jar:/Users/rajeshravi/.m2/repository/net/java/dev/jna/jna/5.13.0/jna-5.13.0.jar:/Users/rajeshravi/.m2/repository/org/testcontainers/junit-jupiter/1.19.3/junit-jupiter-1.19.3.jar:/Users/rajeshravi/.m2/repository/org/testcontainers/postgresql/1.19.3/postgresql-1.19.3.jar:/Users/rajeshravi/.m2/repository/org/testcontainers/jdbc/1.19.3/jdbc-1.19.3.jar:/Users/rajeshravi/.m2/repository/org/testcontainers/database-commons/1.19.3/database-commons-1.19.3.jar:"/>
    <property name="java.vm.vendor" value="Homebrew"/>
    <property name="sun.arch.data.model" value="64"/>
    <property name="java.vendor.url" value="https://github.com/Homebrew/homebrew-core/issues"/>
    <property name="catalina.useNaming" value="false"/>
    <property name="user.timezone" value="Europe/Stockholm"/>
    <property name="org.jboss.logging.provider" value="slf4j"/>
    <property name="os.name" value="Mac OS X"/>
    <property name="java.vm.specification.version" value="21"/>
    <property name="sun.java.launcher" value="SUN_STANDARD"/>
    <property name="user.country" value="SE"/>
    <property name="sun.boot.library.path" value="/opt/homebrew/Cellar/openjdk/21.0.1/libexec/openjdk.jdk/Contents/Home/lib"/>
    <property name="sun.java.command" value="/Users/rajeshravi/Desktop/bz-assessment/target/surefire/surefirebooter-20231202185807783_3.jar /Users/rajeshravi/Desktop/bz-assessment/target/surefire 2023-12-02T18-58-07_723-jvmRun1 surefire-20231202185807783_1tmp surefire_0-20231202185807783_2tmp"/>
    <property name="http.nonProxyHosts" value="local|*.local|169.254/16|*.169.254/16"/>
    <property name="jdk.debug" value="release"/>
    <property name="surefire.test.class.path" value="/Users/rajeshravi/Desktop/bz-assessment/target/test-classes:/Users/rajeshravi/Desktop/bz-assessment/target/classes:/Users/rajeshravi/.m2/repository/org/springframework/boot/spring-boot-starter-actuator/3.2.0/spring-boot-starter-actuator-3.2.0.jar:/Users/rajeshravi/.m2/repository/org/springframework/boot/spring-boot-starter/3.2.0/spring-boot-starter-3.2.0.jar:/Users/rajeshravi/.m2/repository/org/springframework/boot/spring-boot/3.2.0/spring-boot-3.2.0.jar:/Users/rajeshravi/.m2/repository/org/springframework/boot/spring-boot-starter-logging/3.2.0/spring-boot-starter-logging-3.2.0.jar:/Users/rajeshravi/.m2/repository/ch/qos/logback/logback-classic/1.4.11/logback-classic-1.4.11.jar:/Users/rajeshravi/.m2/repository/ch/qos/logback/logback-core/1.4.11/logback-core-1.4.11.jar:/Users/rajeshravi/.m2/repository/org/apache/logging/log4j/log4j-to-slf4j/2.21.1/log4j-to-slf4j-2.21.1.jar:/Users/rajeshravi/.m2/repository/org/apache/logging/log4j/log4j-api/2.21.1/log4j-api-2.21.1.jar:/Users/rajeshravi/.m2/repository/org/slf4j/jul-to-slf4j/2.0.9/jul-to-slf4j-2.0.9.jar:/Users/rajeshravi/.m2/repository/jakarta/annotation/jakarta.annotation-api/2.1.1/jakarta.annotation-api-2.1.1.jar:/Users/rajeshravi/.m2/repository/org/yaml/snakeyaml/2.2/snakeyaml-2.2.jar:/Users/rajeshravi/.m2/repository/org/springframework/boot/spring-boot-actuator-autoconfigure/3.2.0/spring-boot-actuator-autoconfigure-3.2.0.jar:/Users/rajeshravi/.m2/repository/org/springframework/boot/spring-boot-actuator/3.2.0/spring-boot-actuator-3.2.0.jar:/Users/rajeshravi/.m2/repository/com/fasterxml/jackson/core/jackson-databind/2.15.3/jackson-databind-2.15.3.jar:/Users/rajeshravi/.m2/repository/com/fasterxml/jackson/core/jackson-annotations/2.15.3/jackson-annotations-2.15.3.jar:/Users/rajeshravi/.m2/repository/com/fasterxml/jackson/core/jackson-core/2.15.3/jackson-core-2.15.3.jar:/Users/rajeshravi/.m2/repository/com/fasterxml/jackson/datatype/jackson-datatype-jsr310/2.15.3/jackson-datatype-jsr310-2.15.3.jar:/Users/rajeshravi/.m2/repository/io/micrometer/micrometer-observation/1.12.0/micrometer-observation-1.12.0.jar:/Users/rajeshravi/.m2/repository/io/micrometer/micrometer-commons/1.12.0/micrometer-commons-1.12.0.jar:/Users/rajeshravi/.m2/repository/io/micrometer/micrometer-jakarta9/1.12.0/micrometer-jakarta9-1.12.0.jar:/Users/rajeshravi/.m2/repository/org/springframework/boot/spring-boot-starter-data-jpa/3.2.0/spring-boot-starter-data-jpa-3.2.0.jar:/Users/rajeshravi/.m2/repository/org/springframework/boot/spring-boot-starter-aop/3.2.0/spring-boot-starter-aop-3.2.0.jar:/Users/rajeshravi/.m2/repository/org/springframework/spring-aop/6.1.1/spring-aop-6.1.1.jar:/Users/rajeshravi/.m2/repository/org/aspectj/aspectjweaver/1.9.20.1/aspectjweaver-1.9.20.1.jar:/Users/rajeshravi/.m2/repository/org/springframework/boot/spring-boot-starter-jdbc/3.2.0/spring-boot-starter-jdbc-3.2.0.jar:/Users/rajeshravi/.m2/repository/com/zaxxer/HikariCP/5.0.1/HikariCP-5.0.1.jar:/Users/rajeshravi/.m2/repository/org/springframework/spring-jdbc/6.1.1/spring-jdbc-6.1.1.jar:/Users/rajeshravi/.m2/repository/org/hibernate/orm/hibernate-core/6.3.1.Final/hibernate-core-6.3.1.Final.jar:/Users/rajeshravi/.m2/repository/jakarta/persistence/jakarta.persistence-api/3.1.0/jakarta.persistence-api-3.1.0.jar:/Users/rajeshravi/.m2/repository/jakarta/transaction/jakarta.transaction-api/2.0.1/jakarta.transaction-api-2.0.1.jar:/Users/rajeshravi/.m2/repository/org/jboss/logging/jboss-logging/3.5.3.Final/jboss-logging-3.5.3.Final.jar:/Users/rajeshravi/.m2/repository/org/hibernate/common/hibernate-commons-annotations/6.0.6.Final/hibernate-commons-annotations-6.0.6.Final.jar:/Users/rajeshravi/.m2/repository/io/smallrye/jandex/3.1.2/jandex-3.1.2.jar:/Users/rajeshravi/.m2/repository/org/glassfish/jaxb/jaxb-runtime/4.0.4/jaxb-runtime-4.0.4.jar:/Users/rajeshravi/.m2/repository/org/glassfish/jaxb/jaxb-core/4.0.4/jaxb-core-4.0.4.jar:/Users/rajeshravi/.m2/repository/org/eclipse/angus/angus-activation/2.0.1/angus-activation-2.0.1.jar:/Users/rajeshravi/.m2/repository/org/glassfish/jaxb/txw2/4.0.4/txw2-4.0.4.jar:/Users/rajeshravi/.m2/repository/com/sun/istack/istack-commons-runtime/4.1.2/istack-commons-runtime-4.1.2.jar:/Users/rajeshravi/.m2/repository/jakarta/inject/jakarta.inject-api/2.0.1/jakarta.inject-api-2.0.1.jar:/Users/rajeshravi/.m2/repository/org/antlr/antlr4-runtime/4.10.1/antlr4-runtime-4.10.1.jar:/Users/rajeshravi/.m2/repository/org/springframework/data/spring-data-jpa/3.2.0/spring-data-jpa-3.2.0.jar:/Users/rajeshravi/.m2/repository/org/springframework/data/spring-data-commons/3.2.0/spring-data-commons-3.2.0.jar:/Users/rajeshravi/.m2/repository/org/springframework/spring-orm/6.1.1/spring-orm-6.1.1.jar:/Users/rajeshravi/.m2/repository/org/springframework/spring-context/6.1.1/spring-context-6.1.1.jar:/Users/rajeshravi/.m2/repository/org/springframework/spring-tx/6.1.1/spring-tx-6.1.1.jar:/Users/rajeshravi/.m2/repository/org/springframework/spring-beans/6.1.1/spring-beans-6.1.1.jar:/Users/rajeshravi/.m2/repository/org/springframework/spring-aspects/6.1.1/spring-aspects-6.1.1.jar:/Users/rajeshravi/.m2/repository/org/springframework/boot/spring-boot-starter-web/3.2.0/spring-boot-starter-web-3.2.0.jar:/Users/rajeshravi/.m2/repository/org/springframework/boot/spring-boot-starter-json/3.2.0/spring-boot-starter-json-3.2.0.jar:/Users/rajeshravi/.m2/repository/com/fasterxml/jackson/datatype/jackson-datatype-jdk8/2.15.3/jackson-datatype-jdk8-2.15.3.jar:/Users/rajeshravi/.m2/repository/com/fasterxml/jackson/module/jackson-module-parameter-names/2.15.3/jackson-module-parameter-names-2.15.3.jar:/Users/rajeshravi/.m2/repository/org/springframework/boot/spring-boot-starter-tomcat/3.2.0/spring-boot-starter-tomcat-3.2.0.jar:/Users/rajeshravi/.m2/repository/org/apache/tomcat/embed/tomcat-embed-core/10.1.16/tomcat-embed-core-10.1.16.jar:/Users/rajeshravi/.m2/repository/org/apache/tomcat/embed/tomcat-embed-websocket/10.1.16/tomcat-embed-websocket-10.1.16.jar:/Users/rajeshravi/.m2/repository/org/springframework/spring-web/6.1.1/spring-web-6.1.1.jar:/Users/rajeshravi/.m2/repository/org/springframework/spring-webmvc/6.1.1/spring-webmvc-6.1.1.jar:/Users/rajeshravi/.m2/repository/org/springframework/spring-expression/6.1.1/spring-expression-6.1.1.jar:/Users/rajeshravi/.m2/repository/org/springframework/boot/spring-boot-starter-validation/3.2.0/spring-boot-starter-validation-3.2.0.jar:/Users/rajeshravi/.m2/repository/org/apache/tomcat/embed/tomcat-embed-el/10.1.16/tomcat-embed-el-10.1.16.jar:/Users/rajeshravi/.m2/repository/org/hibernate/validator/hibernate-validator/8.0.1.Final/hibernate-validator-8.0.1.Final.jar:/Users/rajeshravi/.m2/repository/jakarta/validation/jakarta.validation-api/3.0.2/jakarta.validation-api-3.0.2.jar:/Users/rajeshravi/.m2/repository/org/springframework/boot/spring-boot-starter-oauth2-resource-server/3.2.0/spring-boot-starter-oauth2-resource-server-3.2.0.jar:/Users/rajeshravi/.m2/repository/org/springframework/security/spring-security-config/6.2.0/spring-security-config-6.2.0.jar:/Users/rajeshravi/.m2/repository/org/springframework/security/spring-security-core/6.2.0/spring-security-core-6.2.0.jar:/Users/rajeshravi/.m2/repository/org/springframework/security/spring-security-crypto/6.2.0/spring-security-crypto-6.2.0.jar:/Users/rajeshravi/.m2/repository/org/springframework/security/spring-security-oauth2-resource-server/6.2.0/spring-security-oauth2-resource-server-6.2.0.jar:/Users/rajeshravi/.m2/repository/org/springframework/security/spring-security-oauth2-core/6.2.0/spring-security-oauth2-core-6.2.0.jar:/Users/rajeshravi/.m2/repository/org/springframework/security/spring-security-web/6.2.0/spring-security-web-6.2.0.jar:/Users/rajeshravi/.m2/repository/org/springframework/security/spring-security-oauth2-jose/6.2.0/spring-security-oauth2-jose-6.2.0.jar:/Users/rajeshravi/.m2/repository/com/nimbusds/nimbus-jose-jwt/9.24.4/nimbus-jose-jwt-9.24.4.jar:/Users/rajeshravi/.m2/repository/com/github/stephenc/jcip/jcip-annotations/1.0-1/jcip-annotations-1.0-1.jar:/Users/rajeshravi/.m2/repository/org/springframework/boot/spring-boot-configuration-processor/3.2.0/spring-boot-configuration-processor-3.2.0.jar:/Users/rajeshravi/.m2/repository/org/springdoc/springdoc-openapi-starter-webmvc-ui/2.1.0/springdoc-openapi-starter-webmvc-ui-2.1.0.jar:/Users/rajeshravi/.m2/repository/org/springdoc/springdoc-openapi-starter-webmvc-api/2.1.0/springdoc-openapi-starter-webmvc-api-2.1.0.jar:/Users/rajeshravi/.m2/repository/org/springdoc/springdoc-openapi-starter-common/2.1.0/springdoc-openapi-starter-common-2.1.0.jar:/Users/rajeshravi/.m2/repository/io/swagger/core/v3/swagger-core-jakarta/2.2.9/swagger-core-jakarta-2.2.9.jar:/Users/rajeshravi/.m2/repository/org/apache/commons/commons-lang3/3.13.0/commons-lang3-3.13.0.jar:/Users/rajeshravi/.m2/repository/io/swagger/core/v3/swagger-annotations-jakarta/2.2.9/swagger-annotations-jakarta-2.2.9.jar:/Users/rajeshravi/.m2/repository/io/swagger/core/v3/swagger-models-jakarta/2.2.9/swagger-models-jakarta-2.2.9.jar:/Users/rajeshravi/.m2/repository/com/fasterxml/jackson/dataformat/jackson-dataformat-yaml/2.15.3/jackson-dataformat-yaml-2.15.3.jar:/Users/rajeshravi/.m2/repository/org/webjars/swagger-ui/4.18.2/swagger-ui-4.18.2.jar:/Users/rajeshravi/.m2/repository/io/springfox/springfox-boot-starter/3.0.0/springfox-boot-starter-3.0.0.jar:/Users/rajeshravi/.m2/repository/io/springfox/springfox-oas/3.0.0/springfox-oas-3.0.0.jar:/Users/rajeshravi/.m2/repository/io/swagger/core/v3/swagger-annotations/2.1.2/swagger-annotations-2.1.2.jar:/Users/rajeshravi/.m2/repository/io/swagger/core/v3/swagger-models/2.1.2/swagger-models-2.1.2.jar:/Users/rajeshravi/.m2/repository/io/springfox/springfox-spi/3.0.0/springfox-spi-3.0.0.jar:/Users/rajeshravi/.m2/repository/io/springfox/springfox-schema/3.0.0/springfox-schema-3.0.0.jar:/Users/rajeshravi/.m2/repository/io/springfox/springfox-core/3.0.0/springfox-core-3.0.0.jar:/Users/rajeshravi/.m2/repository/io/springfox/springfox-spring-web/3.0.0/springfox-spring-web-3.0.0.jar:/Users/rajeshravi/.m2/repository/io/github/classgraph/classgraph/4.8.83/classgraph-4.8.83.jar:/Users/rajeshravi/.m2/repository/io/springfox/springfox-spring-webmvc/3.0.0/springfox-spring-webmvc-3.0.0.jar:/Users/rajeshravi/.m2/repository/io/springfox/springfox-spring-webflux/3.0.0/springfox-spring-webflux-3.0.0.jar:/Users/rajeshravi/.m2/repository/io/springfox/springfox-swagger-common/3.0.0/springfox-swagger-common-3.0.0.jar:/Users/rajeshravi/.m2/repository/org/mapstruct/mapstruct/1.3.1.Final/mapstruct-1.3.1.Final.jar:/Users/rajeshravi/.m2/repository/io/springfox/springfox-data-rest/3.0.0/springfox-data-rest-3.0.0.jar:/Users/rajeshravi/.m2/repository/io/springfox/springfox-bean-validators/3.0.0/springfox-bean-validators-3.0.0.jar:/Users/rajeshravi/.m2/repository/io/springfox/springfox-swagger2/3.0.0/springfox-swagger2-3.0.0.jar:/Users/rajeshravi/.m2/repository/io/swagger/swagger-annotations/1.5.20/swagger-annotations-1.5.20.jar:/Users/rajeshravi/.m2/repository/io/swagger/swagger-models/1.5.20/swagger-models-1.5.20.jar:/Users/rajeshravi/.m2/repository/io/springfox/springfox-swagger-ui/3.0.0/springfox-swagger-ui-3.0.0.jar:/Users/rajeshravi/.m2/repository/com/fasterxml/classmate/1.6.0/classmate-1.6.0.jar:/Users/rajeshravi/.m2/repository/org/slf4j/slf4j-api/2.0.9/slf4j-api-2.0.9.jar:/Users/rajeshravi/.m2/repository/org/springframework/plugin/spring-plugin-core/2.0.0.RELEASE/spring-plugin-core-2.0.0.RELEASE.jar:/Users/rajeshravi/.m2/repository/org/springframework/plugin/spring-plugin-metadata/2.0.0.RELEASE/spring-plugin-metadata-2.0.0.RELEASE.jar:/Users/rajeshravi/.m2/repository/io/micrometer/micrometer-registry-prometheus/1.12.0/micrometer-registry-prometheus-1.12.0.jar:/Users/rajeshravi/.m2/repository/io/micrometer/micrometer-core/1.12.0/micrometer-core-1.12.0.jar:/Users/rajeshravi/.m2/repository/org/hdrhistogram/HdrHistogram/2.1.12/HdrHistogram-2.1.12.jar:/Users/rajeshravi/.m2/repository/org/latencyutils/LatencyUtils/2.0.3/LatencyUtils-2.0.3.jar:/Users/rajeshravi/.m2/repository/io/prometheus/simpleclient_common/0.16.0/simpleclient_common-0.16.0.jar:/Users/rajeshravi/.m2/repository/io/prometheus/simpleclient/0.16.0/simpleclient-0.16.0.jar:/Users/rajeshravi/.m2/repository/io/prometheus/simpleclient_tracer_otel/0.16.0/simpleclient_tracer_otel-0.16.0.jar:/Users/rajeshravi/.m2/repository/io/prometheus/simpleclient_tracer_common/0.16.0/simpleclient_tracer_common-0.16.0.jar:/Users/rajeshravi/.m2/repository/io/prometheus/simpleclient_tracer_otel_agent/0.16.0/simpleclient_tracer_otel_agent-0.16.0.jar:/Users/rajeshravi/.m2/repository/org/postgresql/postgresql/42.6.0/postgresql-42.6.0.jar:/Users/rajeshravi/.m2/repository/org/checkerframework/checker-qual/3.31.0/checker-qual-3.31.0.jar:/Users/rajeshravi/.m2/repository/org/projectlombok/lombok/1.18.30/lombok-1.18.30.jar:/Users/rajeshravi/.m2/repository/org/springframework/boot/spring-boot-starter-data-jdbc/3.2.0/spring-boot-starter-data-jdbc-3.2.0.jar:/Users/rajeshravi/.m2/repository/org/springframework/data/spring-data-jdbc/3.2.0/spring-data-jdbc-3.2.0.jar:/Users/rajeshravi/.m2/repository/org/springframework/data/spring-data-relational/3.2.0/spring-data-relational-3.2.0.jar:/Users/rajeshravi/.m2/repository/com/github/jsqlparser/jsqlparser/4.6/jsqlparser-4.6.jar:/Users/rajeshravi/.m2/repository/org/springframework/boot/spring-boot-starter-test/3.2.0/spring-boot-starter-test-3.2.0.jar:/Users/rajeshravi/.m2/repository/org/springframework/boot/spring-boot-test/3.2.0/spring-boot-test-3.2.0.jar:/Users/rajeshravi/.m2/repository/org/springframework/boot/spring-boot-test-autoconfigure/3.2.0/spring-boot-test-autoconfigure-3.2.0.jar:/Users/rajeshravi/.m2/repository/com/jayway/jsonpath/json-path/2.8.0/json-path-2.8.0.jar:/Users/rajeshravi/.m2/repository/jakarta/xml/bind/jakarta.xml.bind-api/4.0.1/jakarta.xml.bind-api-4.0.1.jar:/Users/rajeshravi/.m2/repository/jakarta/activation/jakarta.activation-api/2.1.2/jakarta.activation-api-2.1.2.jar:/Users/rajeshravi/.m2/repository/net/minidev/json-smart/2.5.0/json-smart-2.5.0.jar:/Users/rajeshravi/.m2/repository/net/minidev/accessors-smart/2.5.0/accessors-smart-2.5.0.jar:/Users/rajeshravi/.m2/repository/org/ow2/asm/asm/9.3/asm-9.3.jar:/Users/rajeshravi/.m2/repository/org/assertj/assertj-core/3.24.2/assertj-core-3.24.2.jar:/Users/rajeshravi/.m2/repository/org/awaitility/awaitility/4.2.0/awaitility-4.2.0.jar:/Users/rajeshravi/.m2/repository/org/hamcrest/hamcrest/2.2/hamcrest-2.2.jar:/Users/rajeshravi/.m2/repository/org/junit/jupiter/junit-jupiter/5.10.1/junit-jupiter-5.10.1.jar:/Users/rajeshravi/.m2/repository/org/junit/jupiter/junit-jupiter-api/5.10.1/junit-jupiter-api-5.10.1.jar:/Users/rajeshravi/.m2/repository/org/opentest4j/opentest4j/1.3.0/opentest4j-1.3.0.jar:/Users/rajeshravi/.m2/repository/org/junit/platform/junit-platform-commons/1.10.1/junit-platform-commons-1.10.1.jar:/Users/rajeshravi/.m2/repository/org/apiguardian/apiguardian-api/1.1.2/apiguardian-api-1.1.2.jar:/Users/rajeshravi/.m2/repository/org/junit/jupiter/junit-jupiter-params/5.10.1/junit-jupiter-params-5.10.1.jar:/Users/rajeshravi/.m2/repository/org/junit/jupiter/junit-jupiter-engine/5.10.1/junit-jupiter-engine-5.10.1.jar:/Users/rajeshravi/.m2/repository/org/junit/platform/junit-platform-engine/1.10.1/junit-platform-engine-1.10.1.jar:/Users/rajeshravi/.m2/repository/org/mockito/mockito-junit-jupiter/5.7.0/mockito-junit-jupiter-5.7.0.jar:/Users/rajeshravi/.m2/repository/org/skyscreamer/jsonassert/1.5.1/jsonassert-1.5.1.jar:/Users/rajeshravi/.m2/repository/com/vaadin/external/google/android-json/0.0.20131108.vaadin1/android-json-0.0.20131108.vaadin1.jar:/Users/rajeshravi/.m2/repository/org/springframework/spring-core/6.1.1/spring-core-6.1.1.jar:/Users/rajeshravi/.m2/repository/org/springframework/spring-jcl/6.1.1/spring-jcl-6.1.1.jar:/Users/rajeshravi/.m2/repository/org/springframework/spring-test/6.1.1/spring-test-6.1.1.jar:/Users/rajeshravi/.m2/repository/org/xmlunit/xmlunit-core/2.9.1/xmlunit-core-2.9.1.jar:/Users/rajeshravi/.m2/repository/org/mockito/mockito-core/2.21.0/mockito-core-2.21.0.jar:/Users/rajeshravi/.m2/repository/net/bytebuddy/byte-buddy/1.14.10/byte-buddy-1.14.10.jar:/Users/rajeshravi/.m2/repository/net/bytebuddy/byte-buddy-agent/1.14.10/byte-buddy-agent-1.14.10.jar:/Users/rajeshravi/.m2/repository/org/objenesis/objenesis/2.6/objenesis-2.6.jar:/Users/rajeshravi/.m2/repository/org/springframework/boot/spring-boot-testcontainers/3.2.0/spring-boot-testcontainers-3.2.0.jar:/Users/rajeshravi/.m2/repository/org/springframework/boot/spring-boot-autoconfigure/3.2.0/spring-boot-autoconfigure-3.2.0.jar:/Users/rajeshravi/.m2/repository/org/testcontainers/testcontainers/1.19.3/testcontainers-1.19.3.jar:/Users/rajeshravi/.m2/repository/junit/junit/4.13.2/junit-4.13.2.jar:/Users/rajeshravi/.m2/repository/org/hamcrest/hamcrest-core/2.2/hamcrest-core-2.2.jar:/Users/rajeshravi/.m2/repository/org/apache/commons/commons-compress/1.24.0/commons-compress-1.24.0.jar:/Users/rajeshravi/.m2/repository/org/rnorth/duct-tape/duct-tape/1.0.8/duct-tape-1.0.8.jar:/Users/rajeshravi/.m2/repository/org/jetbrains/annotations/17.0.0/annotations-17.0.0.jar:/Users/rajeshravi/.m2/repository/com/github/docker-java/docker-java-api/3.3.4/docker-java-api-3.3.4.jar:/Users/rajeshravi/.m2/repository/com/github/docker-java/docker-java-transport-zerodep/3.3.4/docker-java-transport-zerodep-3.3.4.jar:/Users/rajeshravi/.m2/repository/com/github/docker-java/docker-java-transport/3.3.4/docker-java-transport-3.3.4.jar:/Users/rajeshravi/.m2/repository/net/java/dev/jna/jna/5.13.0/jna-5.13.0.jar:/Users/rajeshravi/.m2/repository/org/testcontainers/junit-jupiter/1.19.3/junit-jupiter-1.19.3.jar:/Users/rajeshravi/.m2/repository/org/testcontainers/postgresql/1.19.3/postgresql-1.19.3.jar:/Users/rajeshravi/.m2/repository/org/testcontainers/jdbc/1.19.3/jdbc-1.19.3.jar:/Users/rajeshravi/.m2/repository/org/testcontainers/database-commons/1.19.3/database-commons-1.19.3.jar:"/>
    <property name="sun.cpu.endian" value="little"/>
    <property name="user.home" value="/Users/rajeshravi"/>
    <property name="user.language" value="en"/>
    <property name="java.specification.vendor" value="Oracle Corporation"/>
    <property name="java.version.date" value="2023-10-17"/>
    <property name="java.home" value="/opt/homebrew/Cellar/openjdk/21.0.1/libexec/openjdk.jdk/Contents/Home"/>
    <property name="file.separator" value="/"/>
    <property name="basedir" value="/Users/rajeshravi/Desktop/bz-assessment"/>
    <property name="java.vm.compressedOopsMode" value="Zero based"/>
    <property name="line.separator" value="&#10;"/>
    <property name="java.vm.specification.vendor" value="Oracle Corporation"/>
    <property name="java.specification.name" value="Java Platform API Specification"/>
    <property name="FILE_LOG_CHARSET" value="UTF-8"/>
    <property name="java.awt.headless" value="true"/>
    <property name="apple.awt.application.name" value="ForkedBooter"/>
    <property name="surefire.real.class.path" value="/Users/rajeshravi/Desktop/bz-assessment/target/surefire/surefirebooter-20231202185807783_3.jar"/>
    <property name="sun.management.compiler" value="HotSpot 64-Bit Tiered Compilers"/>
    <property name="ftp.nonProxyHosts" value="local|*.local|169.254/16|*.169.254/16"/>
    <property name="java.runtime.version" value="21.0.1"/>
    <property name="user.name" value="rajeshravi"/>
    <property name="stdout.encoding" value="UTF-8"/>
    <property name="path.separator" value=":"/>
    <property name="os.version" value="12.6"/>
    <property name="java.runtime.name" value="OpenJDK Runtime Environment"/>
    <property name="file.encoding" value="UTF-8"/>
    <property name="java.vm.name" value="OpenJDK 64-Bit Server VM"/>
    <property name="java.vendor.version" value="Homebrew"/>
    <property name="localRepository" value="/Users/rajeshravi/.m2/repository"/>
    <property name="java.vendor.url.bug" value="https://github.com/Homebrew/homebrew-core/issues"/>
    <property name="java.io.tmpdir" value="/var/folders/8y/lxt99_094kb2z3226wkp6rk80000gn/T/"/>
    <property name="com.zaxxer.hikari.pool_number" value="2"/>
    <property name="catalina.home" value="/private/var/folders/8y/lxt99_094kb2z3226wkp6rk80000gn/T/tomcat.0.28980935826827339"/>
    <property name="java.version" value="21.0.1"/>
    <property name="user.dir" value="/Users/rajeshravi/Desktop/bz-assessment"/>
    <property name="os.arch" value="aarch64"/>
    <property name="java.vm.specification.name" value="Java Virtual Machine Specification"/>
    <property name="PID" value="6940"/>
    <property name="CONSOLE_LOG_CHARSET" value="UTF-8"/>
    <property name="catalina.base" value="/private/var/folders/8y/lxt99_094kb2z3226wkp6rk80000gn/T/tomcat.0.28980935826827339"/>
    <property name="native.encoding" value="UTF-8"/>
    <property name="java.library.path" value="/Users/rajeshravi/Library/Java/Extensions:/Library/Java/Extensions:/Network/Library/Java/Extensions:/System/Library/Java/Extensions:/usr/lib/java:."/>
    <property name="java.vm.info" value="mixed mode, sharing"/>
    <property name="stderr.encoding" value="UTF-8"/>
    <property name="java.vendor" value="Homebrew"/>
    <property name="java.vm.version" value="21.0.1"/>
    <property name="sun.io.unicode.encoding" value="UnicodeBig"/>
    <property name="socksNonProxyHosts" value="local|*.local|169.254/16|*.169.254/16"/>
    <property name="java.class.version" value="65.0"/>
  </properties>
  <testcase name="connectionEstablished" classname="com.ar.bzassesment.controller.RecipeControllerIntTest" time="0.028">
    <system-out><![CDATA[2023-12-02T18:58:12.617+01:00  INFO 6940 --- [           main] tc.postgres:16.0                         : Creating container for image: postgres:16.0
2023-12-02T18:58:12.662+01:00  INFO 6940 --- [           main] tc.postgres:16.0                         : Container postgres:16.0 is starting: 0597b0bb30a2ba0cf8d03f14a8601ba52109e7a1a587072815c9bd620944f817
2023-12-02T18:58:13.808+01:00  INFO 6940 --- [           main] tc.postgres:16.0                         : Container postgres:16.0 started in PT1.191414S
2023-12-02T18:58:13.808+01:00  INFO 6940 --- [           main] tc.postgres:16.0                         : Container is started (JDBC URL: jdbc:postgresql://localhost:52072/test?loggerLevel=OFF)
2023-12-02T18:58:13.810+01:00  INFO 6940 --- [           main] t.c.s.AnnotationConfigContextLoaderUtils : Could not detect default configuration classes for test class [com.ar.bzassesment.controller.RecipeControllerIntTest]: RecipeControllerIntTest does not declare any static, non-private, non-final, nested classes annotated with @Configuration.
2023-12-02T18:58:13.819+01:00  INFO 6940 --- [           main] .b.t.c.SpringBootTestContextBootstrapper : Found @SpringBootConfiguration com.ar.bzassesment.BzAssessmentApplication for test class com.ar.bzassesment.controller.RecipeControllerIntTest

  .   ____          _            __ _ _
 /\\ / ___'_ __ _ _(_)_ __  __ _ \ \ \ \
( ( )\___ | '_ | '_| | '_ \/ _` | \ \ \ \
 \\/  ___)| |_)| | | | | || (_| |  ) ) ) )
  '  |____| .__|_| |_|_| |_\__, | / / / /
 =========|_|==============|___/=/_/_/_/
 :: Spring Boot ::                (v3.2.0)

2023-12-02T18:58:13.844+01:00  INFO 6940 --- [           main] c.a.b.c.RecipeControllerIntTest          : Starting RecipeControllerIntTest using Java 21.0.1 with PID 6940 (started by rajeshravi in /Users/rajeshravi/Desktop/bz-assessment)
2023-12-02T18:58:13.844+01:00  INFO 6940 --- [           main] c.a.b.c.RecipeControllerIntTest          : No active profile set, falling back to 1 default profile: "default"
2023-12-02T18:58:14.249+01:00  INFO 6940 --- [           main] .s.d.r.c.RepositoryConfigurationDelegate : Multiple Spring Data modules found, entering strict repository configuration mode
2023-12-02T18:58:14.249+01:00  INFO 6940 --- [           main] .s.d.r.c.RepositoryConfigurationDelegate : Bootstrapping Spring Data JDBC repositories in DEFAULT mode.
2023-12-02T18:58:14.252+01:00  INFO 6940 --- [           main] .RepositoryConfigurationExtensionSupport : Spring Data JDBC - Could not safely identify store assignment for repository candidate interface com.ar.bzassesment.dao.repo.IngredientsRepository; If you want this repository to be a JDBC repository, consider annotating your entities with one of these annotations: org.springframework.data.relational.core.mapping.Table.
2023-12-02T18:58:14.252+01:00  INFO 6940 --- [           main] .RepositoryConfigurationExtensionSupport : Spring Data JDBC - Could not safely identify store assignment for repository candidate interface com.ar.bzassesment.dao.repo.InstructionsRepository; If you want this repository to be a JDBC repository, consider annotating your entities with one of these annotations: org.springframework.data.relational.core.mapping.Table.
2023-12-02T18:58:14.252+01:00  INFO 6940 --- [           main] .RepositoryConfigurationExtensionSupport : Spring Data JDBC - Could not safely identify store assignment for repository candidate interface com.ar.bzassesment.dao.repo.RecipeIngredientsRepository; If you want this repository to be a JDBC repository, consider annotating your entities with one of these annotations: org.springframework.data.relational.core.mapping.Table.
2023-12-02T18:58:14.252+01:00  INFO 6940 --- [           main] .RepositoryConfigurationExtensionSupport : Spring Data JDBC - Could not safely identify store assignment for repository candidate interface com.ar.bzassesment.dao.repo.RecipeRepository; If you want this repository to be a JDBC repository, consider annotating your entities with one of these annotations: org.springframework.data.relational.core.mapping.Table.
2023-12-02T18:58:14.252+01:00  INFO 6940 --- [           main] .s.d.r.c.RepositoryConfigurationDelegate : Finished Spring Data repository scanning in 3 ms. Found 0 JDBC repository interfaces.
2023-12-02T18:58:14.255+01:00  INFO 6940 --- [           main] .s.d.r.c.RepositoryConfigurationDelegate : Multiple Spring Data modules found, entering strict repository configuration mode
2023-12-02T18:58:14.255+01:00  INFO 6940 --- [           main] .s.d.r.c.RepositoryConfigurationDelegate : Bootstrapping Spring Data JPA repositories in DEFAULT mode.
2023-12-02T18:58:14.260+01:00  INFO 6940 --- [           main] .s.d.r.c.RepositoryConfigurationDelegate : Finished Spring Data repository scanning in 5 ms. Found 4 JPA repository interfaces.
2023-12-02T18:58:14.698+01:00  INFO 6940 --- [           main] o.s.b.w.embedded.tomcat.TomcatWebServer  : Tomcat initialized with port 0 (http)
2023-12-02T18:58:14.702+01:00  INFO 6940 --- [           main] o.apache.catalina.core.StandardService   : Starting service [Tomcat]
2023-12-02T18:58:14.703+01:00  INFO 6940 --- [           main] o.apache.catalina.core.StandardEngine    : Starting Servlet engine: [Apache Tomcat/10.1.16]
2023-12-02T18:58:14.734+01:00  INFO 6940 --- [           main] o.a.c.c.C.[Tomcat].[localhost].[/]       : Initializing Spring embedded WebApplicationContext
2023-12-02T18:58:14.734+01:00  INFO 6940 --- [           main] w.s.c.ServletWebServerApplicationContext : Root WebApplicationContext: initialization completed in 890 ms
2023-12-02T18:58:14.879+01:00  INFO 6940 --- [           main] com.zaxxer.hikari.HikariDataSource       : HikariPool-2 - Starting...
2023-12-02T18:58:14.911+01:00  INFO 6940 --- [           main] com.zaxxer.hikari.pool.HikariPool        : HikariPool-2 - Added connection org.postgresql.jdbc.PgConnection@1ec22804
2023-12-02T18:58:14.911+01:00  INFO 6940 --- [           main] com.zaxxer.hikari.HikariDataSource       : HikariPool-2 - Start completed.
2023-12-02T18:58:14.983+01:00  INFO 6940 --- [           main] o.hibernate.jpa.internal.util.LogHelper  : HHH000204: Processing PersistenceUnitInfo [name: default]
2023-12-02T18:58:14.984+01:00  INFO 6940 --- [           main] o.h.c.internal.RegionFactoryInitiator    : HHH000026: Second-level cache disabled
2023-12-02T18:58:14.985+01:00  INFO 6940 --- [           main] o.s.o.j.p.SpringPersistenceUnitInfo      : No LoadTimeWeaver setup: ignoring JPA class transformer
2023-12-02T18:58:15.051+01:00  INFO 6940 --- [           main] o.h.e.t.j.p.i.JtaPlatformInitiator       : HHH000489: No JTA platform available (set 'hibernate.transaction.jta.platform' to enable JTA platform integration)
2023-12-02T18:58:15.051+01:00  INFO 6940 --- [           main] j.LocalContainerEntityManagerFactoryBean : Initialized JPA EntityManagerFactory for persistence unit 'default'
2023-12-02T18:58:15.477+01:00  WARN 6940 --- [           main] JpaBaseConfiguration$JpaWebConfiguration : spring.jpa.open-in-view is enabled by default. Therefore, database queries may be performed during view rendering. Explicitly configure spring.jpa.open-in-view to disable this warning
2023-12-02T18:58:15.494+01:00 TRACE 6940 --- [           main] eGlobalAuthenticationAutowiredConfigurer : Eagerly initializing {securityConfig=com.ar.bzassesment.config.SecurityConfig$$SpringCGLIB$$0@3746749}
2023-12-02T18:58:15.767+01:00  INFO 6940 --- [           main] o.s.b.a.e.web.EndpointLinksResolver      : Exposing 1 endpoint(s) beneath base path '/actuator'
2023-12-02T18:58:15.827+01:00  INFO 6940 --- [           main] o.s.s.web.DefaultSecurityFilterChain     : Will secure any request with [org.springframework.security.web.session.DisableEncodeUrlFilter@5575b4c2, org.springframework.security.web.context.request.async.WebAsyncManagerIntegrationFilter@4c89b58, org.springframework.security.web.context.SecurityContextHolderFilter@46611be4, org.springframework.security.web.header.HeaderWriterFilter@7094f0ae, org.springframework.web.filter.CorsFilter@472cf6af, org.springframework.security.web.authentication.logout.LogoutFilter@745690d7, org.springframework.security.oauth2.server.resource.web.authentication.BearerTokenAuthenticationFilter@30f51f8a, org.springframework.security.web.savedrequest.RequestCacheAwareFilter@17e77d57, org.springframework.security.web.servletapi.SecurityContextHolderAwareRequestFilter@2e7da886, org.springframework.security.web.authentication.AnonymousAuthenticationFilter@1fab1909, org.springframework.security.web.session.SessionManagementFilter@46663674, org.springframework.security.web.access.ExceptionTranslationFilter@27d40ca5, org.springframework.security.web.access.intercept.AuthorizationFilter@44e4fa97]
2023-12-02T18:58:16.239+01:00  INFO 6940 --- [           main] o.s.b.w.embedded.tomcat.TomcatWebServer  : Tomcat started on port 52084 (http) with context path ''
2023-12-02T18:58:16.247+01:00  INFO 6940 --- [           main] c.a.b.c.RecipeControllerIntTest          : Started RecipeControllerIntTest in 2.424 seconds (process running for 8.399)
]]></system-out>
  </testcase>
  <testcase name="shouldThrowNotFoundWhenInvalidRecipeID" classname="com.ar.bzassesment.controller.RecipeControllerIntTest" time="0.264">
    <system-out><![CDATA[2023-12-02T18:58:16.379+01:00  INFO 6940 --- [o-auto-1-exec-1] o.a.c.c.C.[Tomcat].[localhost].[/]       : Initializing Spring DispatcherServlet 'dispatcherServlet'
2023-12-02T18:58:16.379+01:00  INFO 6940 --- [o-auto-1-exec-1] o.s.web.servlet.DispatcherServlet        : Initializing Servlet 'dispatcherServlet'
2023-12-02T18:58:16.380+01:00  INFO 6940 --- [o-auto-1-exec-1] o.s.web.servlet.DispatcherServlet        : Completed initialization in 1 ms
2023-12-02T18:58:16.385+01:00 TRACE 6940 --- [o-auto-1-exec-1] o.s.security.web.FilterChainProxy        : Trying to match request against DefaultSecurityFilterChain [RequestMatcher=any request, Filters=[org.springframework.security.web.session.DisableEncodeUrlFilter@5575b4c2, org.springframework.security.web.context.request.async.WebAsyncManagerIntegrationFilter@4c89b58, org.springframework.security.web.context.SecurityContextHolderFilter@46611be4, org.springframework.security.web.header.HeaderWriterFilter@7094f0ae, org.springframework.web.filter.CorsFilter@472cf6af, org.springframework.security.web.authentication.logout.LogoutFilter@745690d7, org.springframework.security.oauth2.server.resource.web.authentication.BearerTokenAuthenticationFilter@30f51f8a, org.springframework.security.web.savedrequest.RequestCacheAwareFilter@17e77d57, org.springframework.security.web.servletapi.SecurityContextHolderAwareRequestFilter@2e7da886, org.springframework.security.web.authentication.AnonymousAuthenticationFilter@1fab1909, org.springframework.security.web.session.SessionManagementFilter@46663674, org.springframework.security.web.access.ExceptionTranslationFilter@27d40ca5, org.springframework.security.web.access.intercept.AuthorizationFilter@44e4fa97]] (1/1)
2023-12-02T18:58:16.385+01:00 DEBUG 6940 --- [o-auto-1-exec-1] o.s.security.web.FilterChainProxy        : Securing POST /token
2023-12-02T18:58:16.386+01:00 TRACE 6940 --- [o-auto-1-exec-1] o.s.security.web.FilterChainProxy        : Invoking DisableEncodeUrlFilter (1/13)
2023-12-02T18:58:16.390+01:00 TRACE 6940 --- [o-auto-1-exec-1] o.s.security.web.FilterChainProxy        : Invoking WebAsyncManagerIntegrationFilter (2/13)
2023-12-02T18:58:16.391+01:00 TRACE 6940 --- [o-auto-1-exec-1] o.s.security.web.FilterChainProxy        : Invoking SecurityContextHolderFilter (3/13)
2023-12-02T18:58:16.391+01:00 TRACE 6940 --- [o-auto-1-exec-1] o.s.security.web.FilterChainProxy        : Invoking HeaderWriterFilter (4/13)
2023-12-02T18:58:16.392+01:00 TRACE 6940 --- [o-auto-1-exec-1] o.s.security.web.FilterChainProxy        : Invoking CorsFilter (5/13)
2023-12-02T18:58:16.393+01:00 TRACE 6940 --- [o-auto-1-exec-1] o.s.security.web.FilterChainProxy        : Invoking LogoutFilter (6/13)
2023-12-02T18:58:16.393+01:00 TRACE 6940 --- [o-auto-1-exec-1] o.s.s.w.a.logout.LogoutFilter            : Did not match request to Or [Ant [pattern='/logout', GET], Ant [pattern='/logout', POST], Ant [pattern='/logout', PUT], Ant [pattern='/logout', DELETE]]
2023-12-02T18:58:16.393+01:00 TRACE 6940 --- [o-auto-1-exec-1] o.s.security.web.FilterChainProxy        : Invoking BearerTokenAuthenticationFilter (7/13)
2023-12-02T18:58:16.394+01:00 TRACE 6940 --- [o-auto-1-exec-1] .s.r.w.a.BearerTokenAuthenticationFilter : Did not process request since did not find bearer token
2023-12-02T18:58:16.394+01:00 TRACE 6940 --- [o-auto-1-exec-1] o.s.security.web.FilterChainProxy        : Invoking RequestCacheAwareFilter (8/13)
2023-12-02T18:58:16.394+01:00 TRACE 6940 --- [o-auto-1-exec-1] o.s.security.web.FilterChainProxy        : Invoking SecurityContextHolderAwareRequestFilter (9/13)
2023-12-02T18:58:16.394+01:00 TRACE 6940 --- [o-auto-1-exec-1] o.s.security.web.FilterChainProxy        : Invoking AnonymousAuthenticationFilter (10/13)
2023-12-02T18:58:16.394+01:00 TRACE 6940 --- [o-auto-1-exec-1] o.s.security.web.FilterChainProxy        : Invoking SessionManagementFilter (11/13)
2023-12-02T18:58:16.394+01:00 TRACE 6940 --- [o-auto-1-exec-1] .s.s.w.c.SupplierDeferredSecurityContext : Created SecurityContextImpl [Null authentication]
2023-12-02T18:58:16.395+01:00 TRACE 6940 --- [o-auto-1-exec-1] o.s.s.w.a.AnonymousAuthenticationFilter  : Set SecurityContextHolder to AnonymousAuthenticationToken [Principal=anonymousUser, Credentials=[PROTECTED], Authenticated=true, Details=WebAuthenticationDetails [RemoteIpAddress=127.0.0.1, SessionId=null], Granted Authorities=[ROLE_ANONYMOUS]]
2023-12-02T18:58:16.395+01:00 TRACE 6940 --- [o-auto-1-exec-1] o.s.security.web.FilterChainProxy        : Invoking ExceptionTranslationFilter (12/13)
2023-12-02T18:58:16.395+01:00 TRACE 6940 --- [o-auto-1-exec-1] o.s.security.web.FilterChainProxy        : Invoking AuthorizationFilter (13/13)
2023-12-02T18:58:16.396+01:00 TRACE 6940 --- [o-auto-1-exec-1] estMatcherDelegatingAuthorizationManager : Authorizing SecurityContextHolderAwareRequestWrapper[ org.springframework.security.web.header.HeaderWriterFilter$HeaderWriterRequest@24cb2ee2]
2023-12-02T18:58:16.396+01:00  WARN 6940 --- [o-auto-1-exec-1] o.s.w.s.h.HandlerMappingIntrospector     : Cache miss for REQUEST dispatch to '/token' (previous null). Performing MatchableHandlerMapping lookup. This is logged once only at WARN level, and every time at TRACE.
2023-12-02T18:58:16.400+01:00 TRACE 6940 --- [o-auto-1-exec-1] estMatcherDelegatingAuthorizationManager : Checking authorization on SecurityContextHolderAwareRequestWrapper[ org.springframework.security.web.header.HeaderWriterFilter$HeaderWriterRequest@24cb2ee2] using org.springframework.security.config.annotation.web.configurers.AuthorizeHttpRequestsConfigurer$$Lambda/0x0000007801c46420@4bb95a37
2023-12-02T18:58:16.403+01:00 DEBUG 6940 --- [o-auto-1-exec-1] o.s.security.web.FilterChainProxy        : Secured POST /token
2023-12-02T18:58:16.428+01:00 TRACE 6940 --- [o-auto-1-exec-1] o.s.s.authentication.ProviderManager     : Authenticating request with DaoAuthenticationProvider (1/1)
2023-12-02T18:58:16.511+01:00 DEBUG 6940 --- [o-auto-1-exec-1] o.s.s.a.dao.DaoAuthenticationProvider    : Authenticated user
2023-12-02T18:58:16.547+01:00 TRACE 6940 --- [o-auto-1-exec-1] o.s.s.w.header.writers.HstsHeaderWriter  : Not injecting HSTS header since it did not match request to [Is Secure]
2023-12-02T18:58:16.557+01:00 TRACE 6940 --- [o-auto-1-exec-2] o.s.security.web.FilterChainProxy        : Trying to match request against DefaultSecurityFilterChain [RequestMatcher=any request, Filters=[org.springframework.security.web.session.DisableEncodeUrlFilter@5575b4c2, org.springframework.security.web.context.request.async.WebAsyncManagerIntegrationFilter@4c89b58, org.springframework.security.web.context.SecurityContextHolderFilter@46611be4, org.springframework.security.web.header.HeaderWriterFilter@7094f0ae, org.springframework.web.filter.CorsFilter@472cf6af, org.springframework.security.web.authentication.logout.LogoutFilter@745690d7, org.springframework.security.oauth2.server.resource.web.authentication.BearerTokenAuthenticationFilter@30f51f8a, org.springframework.security.web.savedrequest.RequestCacheAwareFilter@17e77d57, org.springframework.security.web.servletapi.SecurityContextHolderAwareRequestFilter@2e7da886, org.springframework.security.web.authentication.AnonymousAuthenticationFilter@1fab1909, org.springframework.security.web.session.SessionManagementFilter@46663674, org.springframework.security.web.access.ExceptionTranslationFilter@27d40ca5, org.springframework.security.web.access.intercept.AuthorizationFilter@44e4fa97]] (1/1)
2023-12-02T18:58:16.557+01:00 DEBUG 6940 --- [o-auto-1-exec-2] o.s.security.web.FilterChainProxy        : Securing GET /api/v1/recipe/999
2023-12-02T18:58:16.557+01:00 TRACE 6940 --- [o-auto-1-exec-2] o.s.security.web.FilterChainProxy        : Invoking DisableEncodeUrlFilter (1/13)
2023-12-02T18:58:16.557+01:00 TRACE 6940 --- [o-auto-1-exec-2] o.s.security.web.FilterChainProxy        : Invoking WebAsyncManagerIntegrationFilter (2/13)
2023-12-02T18:58:16.557+01:00 TRACE 6940 --- [o-auto-1-exec-2] o.s.security.web.FilterChainProxy        : Invoking SecurityContextHolderFilter (3/13)
2023-12-02T18:58:16.557+01:00 TRACE 6940 --- [o-auto-1-exec-2] o.s.security.web.FilterChainProxy        : Invoking HeaderWriterFilter (4/13)
2023-12-02T18:58:16.557+01:00 TRACE 6940 --- [o-auto-1-exec-2] o.s.security.web.FilterChainProxy        : Invoking CorsFilter (5/13)
2023-12-02T18:58:16.557+01:00 TRACE 6940 --- [o-auto-1-exec-2] o.s.security.web.FilterChainProxy        : Invoking LogoutFilter (6/13)
2023-12-02T18:58:16.557+01:00 TRACE 6940 --- [o-auto-1-exec-2] o.s.s.w.a.logout.LogoutFilter            : Did not match request to Or [Ant [pattern='/logout', GET], Ant [pattern='/logout', POST], Ant [pattern='/logout', PUT], Ant [pattern='/logout', DELETE]]
2023-12-02T18:58:16.557+01:00 TRACE 6940 --- [o-auto-1-exec-2] o.s.security.web.FilterChainProxy        : Invoking BearerTokenAuthenticationFilter (7/13)
2023-12-02T18:58:16.559+01:00 TRACE 6940 --- [o-auto-1-exec-2] o.s.s.authentication.ProviderManager     : Authenticating request with JwtAuthenticationProvider (1/2)
2023-12-02T18:58:16.563+01:00 TRACE 6940 --- [o-auto-1-exec-2] s.o.s.r.a.JwtGrantedAuthoritiesConverter : Looking for scopes in claim scope
2023-12-02T18:58:16.563+01:00 DEBUG 6940 --- [o-auto-1-exec-2] o.s.s.o.s.r.a.JwtAuthenticationProvider  : Authenticated token
2023-12-02T18:58:16.563+01:00 DEBUG 6940 --- [o-auto-1-exec-2] .s.r.w.a.BearerTokenAuthenticationFilter : Set SecurityContextHolder to JwtAuthenticationToken [Principal=org.springframework.security.oauth2.jwt.Jwt@b8dc78b4, Credentials=[PROTECTED], Authenticated=true, Details=WebAuthenticationDetails [RemoteIpAddress=127.0.0.1, SessionId=null], Granted Authorities=[SCOPE_read]]
2023-12-02T18:58:16.564+01:00 TRACE 6940 --- [o-auto-1-exec-2] o.s.security.web.FilterChainProxy        : Invoking RequestCacheAwareFilter (8/13)
2023-12-02T18:58:16.564+01:00 TRACE 6940 --- [o-auto-1-exec-2] o.s.security.web.FilterChainProxy        : Invoking SecurityContextHolderAwareRequestFilter (9/13)
2023-12-02T18:58:16.564+01:00 TRACE 6940 --- [o-auto-1-exec-2] o.s.security.web.FilterChainProxy        : Invoking AnonymousAuthenticationFilter (10/13)
2023-12-02T18:58:16.564+01:00 TRACE 6940 --- [o-auto-1-exec-2] o.s.security.web.FilterChainProxy        : Invoking SessionManagementFilter (11/13)
2023-12-02T18:58:16.564+01:00 TRACE 6940 --- [o-auto-1-exec-2] o.s.s.w.a.AnonymousAuthenticationFilter  : Did not set SecurityContextHolder since already authenticated JwtAuthenticationToken [Principal=org.springframework.security.oauth2.jwt.Jwt@b8dc78b4, Credentials=[PROTECTED], Authenticated=true, Details=WebAuthenticationDetails [RemoteIpAddress=127.0.0.1, SessionId=null], Granted Authorities=[SCOPE_read]]
2023-12-02T18:58:16.564+01:00 TRACE 6940 --- [o-auto-1-exec-2] s.CompositeSessionAuthenticationStrategy : Preparing session with ChangeSessionIdAuthenticationStrategy (1/1)
2023-12-02T18:58:16.564+01:00 TRACE 6940 --- [o-auto-1-exec-2] o.s.security.web.FilterChainProxy        : Invoking ExceptionTranslationFilter (12/13)
2023-12-02T18:58:16.564+01:00 TRACE 6940 --- [o-auto-1-exec-2] o.s.security.web.FilterChainProxy        : Invoking AuthorizationFilter (13/13)
2023-12-02T18:58:16.564+01:00 TRACE 6940 --- [o-auto-1-exec-2] estMatcherDelegatingAuthorizationManager : Authorizing SecurityContextHolderAwareRequestWrapper[ org.springframework.security.web.header.HeaderWriterFilter$HeaderWriterRequest@6d06bdf9]
2023-12-02T18:58:16.567+01:00 TRACE 6940 --- [o-auto-1-exec-2] estMatcherDelegatingAuthorizationManager : Checking authorization on SecurityContextHolderAwareRequestWrapper[ org.springframework.security.web.header.HeaderWriterFilter$HeaderWriterRequest@6d06bdf9] using org.springframework.security.authorization.AuthenticatedAuthorizationManager@6385db
2023-12-02T18:58:16.567+01:00 DEBUG 6940 --- [o-auto-1-exec-2] o.s.security.web.FilterChainProxy        : Secured GET /api/v1/recipe/999
2023-12-02T18:58:16.569+01:00  INFO 6940 --- [o-auto-1-exec-2] c.a.b.controller.RecipeController        : User mithu initiated search request for recipe id 999
Hibernate: select r1_0.id,r1_0.crat_tsp,r1_0.crat_id,r1_0.name,r1_0.no_of_servings,r1_0.upd_tsp,r1_0.upd_id,r1_0.veg from recipe r1_0 where r1_0.id=?
2023-12-02T18:58:16.581+01:00  INFO 6940 --- [o-auto-1-exec-2] c.a.b.controller.RecipeController        : User mithu completed search request for recipe id 999 and data not found
2023-12-02T18:58:16.583+01:00 TRACE 6940 --- [o-auto-1-exec-2] o.s.s.w.header.writers.HstsHeaderWriter  : Not injecting HSTS header since it did not match request to [Is Secure]
]]></system-out>
  </testcase>
  <testcase name="shouldReturnRecipeWithValidSearch" classname="com.ar.bzassesment.controller.RecipeControllerIntTest" time="0.099">
    <system-out><![CDATA[2023-12-02T18:58:16.594+01:00 TRACE 6940 --- [o-auto-1-exec-3] o.s.security.web.FilterChainProxy        : Trying to match request against DefaultSecurityFilterChain [RequestMatcher=any request, Filters=[org.springframework.security.web.session.DisableEncodeUrlFilter@5575b4c2, org.springframework.security.web.context.request.async.WebAsyncManagerIntegrationFilter@4c89b58, org.springframework.security.web.context.SecurityContextHolderFilter@46611be4, org.springframework.security.web.header.HeaderWriterFilter@7094f0ae, org.springframework.web.filter.CorsFilter@472cf6af, org.springframework.security.web.authentication.logout.LogoutFilter@745690d7, org.springframework.security.oauth2.server.resource.web.authentication.BearerTokenAuthenticationFilter@30f51f8a, org.springframework.security.web.savedrequest.RequestCacheAwareFilter@17e77d57, org.springframework.security.web.servletapi.SecurityContextHolderAwareRequestFilter@2e7da886, org.springframework.security.web.authentication.AnonymousAuthenticationFilter@1fab1909, org.springframework.security.web.session.SessionManagementFilter@46663674, org.springframework.security.web.access.ExceptionTranslationFilter@27d40ca5, org.springframework.security.web.access.intercept.AuthorizationFilter@44e4fa97]] (1/1)
2023-12-02T18:58:16.594+01:00 DEBUG 6940 --- [o-auto-1-exec-3] o.s.security.web.FilterChainProxy        : Securing POST /token
2023-12-02T18:58:16.594+01:00 TRACE 6940 --- [o-auto-1-exec-3] o.s.security.web.FilterChainProxy        : Invoking DisableEncodeUrlFilter (1/13)
2023-12-02T18:58:16.594+01:00 TRACE 6940 --- [o-auto-1-exec-3] o.s.security.web.FilterChainProxy        : Invoking WebAsyncManagerIntegrationFilter (2/13)
2023-12-02T18:58:16.594+01:00 TRACE 6940 --- [o-auto-1-exec-3] o.s.security.web.FilterChainProxy        : Invoking SecurityContextHolderFilter (3/13)
2023-12-02T18:58:16.594+01:00 TRACE 6940 --- [o-auto-1-exec-3] o.s.security.web.FilterChainProxy        : Invoking HeaderWriterFilter (4/13)
2023-12-02T18:58:16.594+01:00 TRACE 6940 --- [o-auto-1-exec-3] o.s.security.web.FilterChainProxy        : Invoking CorsFilter (5/13)
2023-12-02T18:58:16.594+01:00 TRACE 6940 --- [o-auto-1-exec-3] o.s.security.web.FilterChainProxy        : Invoking LogoutFilter (6/13)
2023-12-02T18:58:16.595+01:00 TRACE 6940 --- [o-auto-1-exec-3] o.s.s.w.a.logout.LogoutFilter            : Did not match request to Or [Ant [pattern='/logout', GET], Ant [pattern='/logout', POST], Ant [pattern='/logout', PUT], Ant [pattern='/logout', DELETE]]
2023-12-02T18:58:16.595+01:00 TRACE 6940 --- [o-auto-1-exec-3] o.s.security.web.FilterChainProxy        : Invoking BearerTokenAuthenticationFilter (7/13)
2023-12-02T18:58:16.595+01:00 TRACE 6940 --- [o-auto-1-exec-3] .s.r.w.a.BearerTokenAuthenticationFilter : Did not process request since did not find bearer token
2023-12-02T18:58:16.595+01:00 TRACE 6940 --- [o-auto-1-exec-3] o.s.security.web.FilterChainProxy        : Invoking RequestCacheAwareFilter (8/13)
2023-12-02T18:58:16.595+01:00 TRACE 6940 --- [o-auto-1-exec-3] o.s.security.web.FilterChainProxy        : Invoking SecurityContextHolderAwareRequestFilter (9/13)
2023-12-02T18:58:16.595+01:00 TRACE 6940 --- [o-auto-1-exec-3] o.s.security.web.FilterChainProxy        : Invoking AnonymousAuthenticationFilter (10/13)
2023-12-02T18:58:16.595+01:00 TRACE 6940 --- [o-auto-1-exec-3] o.s.security.web.FilterChainProxy        : Invoking SessionManagementFilter (11/13)
2023-12-02T18:58:16.595+01:00 TRACE 6940 --- [o-auto-1-exec-3] .s.s.w.c.SupplierDeferredSecurityContext : Created SecurityContextImpl [Null authentication]
2023-12-02T18:58:16.595+01:00 TRACE 6940 --- [o-auto-1-exec-3] o.s.s.w.a.AnonymousAuthenticationFilter  : Set SecurityContextHolder to AnonymousAuthenticationToken [Principal=anonymousUser, Credentials=[PROTECTED], Authenticated=true, Details=WebAuthenticationDetails [RemoteIpAddress=127.0.0.1, SessionId=null], Granted Authorities=[ROLE_ANONYMOUS]]
2023-12-02T18:58:16.595+01:00 TRACE 6940 --- [o-auto-1-exec-3] o.s.security.web.FilterChainProxy        : Invoking ExceptionTranslationFilter (12/13)
2023-12-02T18:58:16.595+01:00 TRACE 6940 --- [o-auto-1-exec-3] o.s.security.web.FilterChainProxy        : Invoking AuthorizationFilter (13/13)
2023-12-02T18:58:16.595+01:00 TRACE 6940 --- [o-auto-1-exec-3] estMatcherDelegatingAuthorizationManager : Authorizing SecurityContextHolderAwareRequestWrapper[ org.springframework.security.web.header.HeaderWriterFilter$HeaderWriterRequest@1937f1e9]
2023-12-02T18:58:16.596+01:00 TRACE 6940 --- [o-auto-1-exec-3] estMatcherDelegatingAuthorizationManager : Checking authorization on SecurityContextHolderAwareRequestWrapper[ org.springframework.security.web.header.HeaderWriterFilter$HeaderWriterRequest@1937f1e9] using org.springframework.security.config.annotation.web.configurers.AuthorizeHttpRequestsConfigurer$$Lambda/0x0000007801c46420@4bb95a37
2023-12-02T18:58:16.596+01:00 DEBUG 6940 --- [o-auto-1-exec-3] o.s.security.web.FilterChainProxy        : Secured POST /token
2023-12-02T18:58:16.597+01:00 TRACE 6940 --- [o-auto-1-exec-3] o.s.s.authentication.ProviderManager     : Authenticating request with DaoAuthenticationProvider (1/1)
2023-12-02T18:58:16.597+01:00 DEBUG 6940 --- [o-auto-1-exec-3] o.s.s.a.dao.DaoAuthenticationProvider    : Authenticated user
2023-12-02T18:58:16.599+01:00 TRACE 6940 --- [o-auto-1-exec-3] o.s.s.w.header.writers.HstsHeaderWriter  : Not injecting HSTS header since it did not match request to [Is Secure]
2023-12-02T18:58:16.603+01:00 TRACE 6940 --- [o-auto-1-exec-4] o.s.security.web.FilterChainProxy        : Trying to match request against DefaultSecurityFilterChain [RequestMatcher=any request, Filters=[org.springframework.security.web.session.DisableEncodeUrlFilter@5575b4c2, org.springframework.security.web.context.request.async.WebAsyncManagerIntegrationFilter@4c89b58, org.springframework.security.web.context.SecurityContextHolderFilter@46611be4, org.springframework.security.web.header.HeaderWriterFilter@7094f0ae, org.springframework.web.filter.CorsFilter@472cf6af, org.springframework.security.web.authentication.logout.LogoutFilter@745690d7, org.springframework.security.oauth2.server.resource.web.authentication.BearerTokenAuthenticationFilter@30f51f8a, org.springframework.security.web.savedrequest.RequestCacheAwareFilter@17e77d57, org.springframework.security.web.servletapi.SecurityContextHolderAwareRequestFilter@2e7da886, org.springframework.security.web.authentication.AnonymousAuthenticationFilter@1fab1909, org.springframework.security.web.session.SessionManagementFilter@46663674, org.springframework.security.web.access.ExceptionTranslationFilter@27d40ca5, org.springframework.security.web.access.intercept.AuthorizationFilter@44e4fa97]] (1/1)
2023-12-02T18:58:16.603+01:00 DEBUG 6940 --- [o-auto-1-exec-4] o.s.security.web.FilterChainProxy        : Securing GET /api/v1/recipe/search?type=non-veg&minServings=1&maxServings=1&queryInstructions=Medium%20Fry%2C%20Fully%20cooked&includedIngredients=Tomato&excludedIngredients=Chicken
2023-12-02T18:58:16.603+01:00 TRACE 6940 --- [o-auto-1-exec-4] o.s.security.web.FilterChainProxy        : Invoking DisableEncodeUrlFilter (1/13)
2023-12-02T18:58:16.604+01:00 TRACE 6940 --- [o-auto-1-exec-4] o.s.security.web.FilterChainProxy        : Invoking WebAsyncManagerIntegrationFilter (2/13)
2023-12-02T18:58:16.604+01:00 TRACE 6940 --- [o-auto-1-exec-4] o.s.security.web.FilterChainProxy        : Invoking SecurityContextHolderFilter (3/13)
2023-12-02T18:58:16.604+01:00 TRACE 6940 --- [o-auto-1-exec-4] o.s.security.web.FilterChainProxy        : Invoking HeaderWriterFilter (4/13)
2023-12-02T18:58:16.604+01:00 TRACE 6940 --- [o-auto-1-exec-4] o.s.security.web.FilterChainProxy        : Invoking CorsFilter (5/13)
2023-12-02T18:58:16.604+01:00 TRACE 6940 --- [o-auto-1-exec-4] o.s.security.web.FilterChainProxy        : Invoking LogoutFilter (6/13)
2023-12-02T18:58:16.604+01:00 TRACE 6940 --- [o-auto-1-exec-4] o.s.s.w.a.logout.LogoutFilter            : Did not match request to Or [Ant [pattern='/logout', GET], Ant [pattern='/logout', POST], Ant [pattern='/logout', PUT], Ant [pattern='/logout', DELETE]]
2023-12-02T18:58:16.604+01:00 TRACE 6940 --- [o-auto-1-exec-4] o.s.security.web.FilterChainProxy        : Invoking BearerTokenAuthenticationFilter (7/13)
2023-12-02T18:58:16.604+01:00 TRACE 6940 --- [o-auto-1-exec-4] o.s.s.authentication.ProviderManager     : Authenticating request with JwtAuthenticationProvider (1/2)
2023-12-02T18:58:16.605+01:00 TRACE 6940 --- [o-auto-1-exec-4] s.o.s.r.a.JwtGrantedAuthoritiesConverter : Looking for scopes in claim scope
2023-12-02T18:58:16.605+01:00 DEBUG 6940 --- [o-auto-1-exec-4] o.s.s.o.s.r.a.JwtAuthenticationProvider  : Authenticated token
2023-12-02T18:58:16.605+01:00 DEBUG 6940 --- [o-auto-1-exec-4] .s.r.w.a.BearerTokenAuthenticationFilter : Set SecurityContextHolder to JwtAuthenticationToken [Principal=org.springframework.security.oauth2.jwt.Jwt@b8dc78b4, Credentials=[PROTECTED], Authenticated=true, Details=WebAuthenticationDetails [RemoteIpAddress=127.0.0.1, SessionId=null], Granted Authorities=[SCOPE_read]]
2023-12-02T18:58:16.605+01:00 TRACE 6940 --- [o-auto-1-exec-4] o.s.security.web.FilterChainProxy        : Invoking RequestCacheAwareFilter (8/13)
2023-12-02T18:58:16.605+01:00 TRACE 6940 --- [o-auto-1-exec-4] o.s.security.web.FilterChainProxy        : Invoking SecurityContextHolderAwareRequestFilter (9/13)
2023-12-02T18:58:16.605+01:00 TRACE 6940 --- [o-auto-1-exec-4] o.s.security.web.FilterChainProxy        : Invoking AnonymousAuthenticationFilter (10/13)
2023-12-02T18:58:16.605+01:00 TRACE 6940 --- [o-auto-1-exec-4] o.s.security.web.FilterChainProxy        : Invoking SessionManagementFilter (11/13)
2023-12-02T18:58:16.605+01:00 TRACE 6940 --- [o-auto-1-exec-4] o.s.s.w.a.AnonymousAuthenticationFilter  : Did not set SecurityContextHolder since already authenticated JwtAuthenticationToken [Principal=org.springframework.security.oauth2.jwt.Jwt@b8dc78b4, Credentials=[PROTECTED], Authenticated=true, Details=WebAuthenticationDetails [RemoteIpAddress=127.0.0.1, SessionId=null], Granted Authorities=[SCOPE_read]]
2023-12-02T18:58:16.605+01:00 TRACE 6940 --- [o-auto-1-exec-4] s.CompositeSessionAuthenticationStrategy : Preparing session with ChangeSessionIdAuthenticationStrategy (1/1)
2023-12-02T18:58:16.605+01:00 TRACE 6940 --- [o-auto-1-exec-4] o.s.security.web.FilterChainProxy        : Invoking ExceptionTranslationFilter (12/13)
2023-12-02T18:58:16.605+01:00 TRACE 6940 --- [o-auto-1-exec-4] o.s.security.web.FilterChainProxy        : Invoking AuthorizationFilter (13/13)
2023-12-02T18:58:16.606+01:00 TRACE 6940 --- [o-auto-1-exec-4] estMatcherDelegatingAuthorizationManager : Authorizing SecurityContextHolderAwareRequestWrapper[ org.springframework.security.web.header.HeaderWriterFilter$HeaderWriterRequest@98f3428]
2023-12-02T18:58:16.607+01:00 TRACE 6940 --- [o-auto-1-exec-4] estMatcherDelegatingAuthorizationManager : Checking authorization on SecurityContextHolderAwareRequestWrapper[ org.springframework.security.web.header.HeaderWriterFilter$HeaderWriterRequest@98f3428] using org.springframework.security.authorization.AuthenticatedAuthorizationManager@6385db
2023-12-02T18:58:16.607+01:00 DEBUG 6940 --- [o-auto-1-exec-4] o.s.security.web.FilterChainProxy        : Secured GET /api/v1/recipe/search?type=non-veg&minServings=1&maxServings=1&queryInstructions=Medium%20Fry%2C%20Fully%20cooked&includedIngredients=Tomato&excludedIngredients=Chicken
2023-12-02T18:58:16.613+01:00  INFO 6940 --- [o-auto-1-exec-4] c.a.b.controller.RecipeController        : User mithu initiated search request
Hibernate: select r1_0.id,r1_0.crat_tsp,r1_0.crat_id,r1_0.name,r1_0.no_of_servings,r1_0.upd_tsp,r1_0.upd_id,r1_0.veg from recipe r1_0 join instructions i1_0 on r1_0.id=i1_0.recipe_id join recipe_ingredients ri1_0 on r1_0.id=ri1_0.recipe_id join ingredients i2_0 on i2_0.id=ri1_0.ingredients_id left join recipe_ingredients ri2_0 on r1_0.id=ri2_0.recipe_id join ingredients i3_0 on i3_0.id=ri2_0.ingredients_id where r1_0.veg=? and i1_0.ins_steps in (?,?) and r1_0.no_of_servings between ? and ? and i2_0.name in (?) and i3_0.name not in (?)
Output ----- []
2023-12-02T18:58:16.685+01:00 TRACE 6940 --- [o-auto-1-exec-4] o.s.s.w.header.writers.HstsHeaderWriter  : Not injecting HSTS header since it did not match request to [Is Secure]
]]></system-out>
  </testcase>
  <testcase name="shouldFindRecipeWhenValidRecipeID" classname="com.ar.bzassesment.controller.RecipeControllerIntTest" time="0.201">
    <system-out><![CDATA[2023-12-02T18:58:16.693+01:00 TRACE 6940 --- [o-auto-1-exec-5] o.s.security.web.FilterChainProxy        : Trying to match request against DefaultSecurityFilterChain [RequestMatcher=any request, Filters=[org.springframework.security.web.session.DisableEncodeUrlFilter@5575b4c2, org.springframework.security.web.context.request.async.WebAsyncManagerIntegrationFilter@4c89b58, org.springframework.security.web.context.SecurityContextHolderFilter@46611be4, org.springframework.security.web.header.HeaderWriterFilter@7094f0ae, org.springframework.web.filter.CorsFilter@472cf6af, org.springframework.security.web.authentication.logout.LogoutFilter@745690d7, org.springframework.security.oauth2.server.resource.web.authentication.BearerTokenAuthenticationFilter@30f51f8a, org.springframework.security.web.savedrequest.RequestCacheAwareFilter@17e77d57, org.springframework.security.web.servletapi.SecurityContextHolderAwareRequestFilter@2e7da886, org.springframework.security.web.authentication.AnonymousAuthenticationFilter@1fab1909, org.springframework.security.web.session.SessionManagementFilter@46663674, org.springframework.security.web.access.ExceptionTranslationFilter@27d40ca5, org.springframework.security.web.access.intercept.AuthorizationFilter@44e4fa97]] (1/1)
2023-12-02T18:58:16.693+01:00 DEBUG 6940 --- [o-auto-1-exec-5] o.s.security.web.FilterChainProxy        : Securing POST /token
2023-12-02T18:58:16.693+01:00 TRACE 6940 --- [o-auto-1-exec-5] o.s.security.web.FilterChainProxy        : Invoking DisableEncodeUrlFilter (1/13)
2023-12-02T18:58:16.693+01:00 TRACE 6940 --- [o-auto-1-exec-5] o.s.security.web.FilterChainProxy        : Invoking WebAsyncManagerIntegrationFilter (2/13)
2023-12-02T18:58:16.693+01:00 TRACE 6940 --- [o-auto-1-exec-5] o.s.security.web.FilterChainProxy        : Invoking SecurityContextHolderFilter (3/13)
2023-12-02T18:58:16.693+01:00 TRACE 6940 --- [o-auto-1-exec-5] o.s.security.web.FilterChainProxy        : Invoking HeaderWriterFilter (4/13)
2023-12-02T18:58:16.693+01:00 TRACE 6940 --- [o-auto-1-exec-5] o.s.security.web.FilterChainProxy        : Invoking CorsFilter (5/13)
2023-12-02T18:58:16.694+01:00 TRACE 6940 --- [o-auto-1-exec-5] o.s.security.web.FilterChainProxy        : Invoking LogoutFilter (6/13)
2023-12-02T18:58:16.694+01:00 TRACE 6940 --- [o-auto-1-exec-5] o.s.s.w.a.logout.LogoutFilter            : Did not match request to Or [Ant [pattern='/logout', GET], Ant [pattern='/logout', POST], Ant [pattern='/logout', PUT], Ant [pattern='/logout', DELETE]]
2023-12-02T18:58:16.694+01:00 TRACE 6940 --- [o-auto-1-exec-5] o.s.security.web.FilterChainProxy        : Invoking BearerTokenAuthenticationFilter (7/13)
2023-12-02T18:58:16.694+01:00 TRACE 6940 --- [o-auto-1-exec-5] .s.r.w.a.BearerTokenAuthenticationFilter : Did not process request since did not find bearer token
2023-12-02T18:58:16.694+01:00 TRACE 6940 --- [o-auto-1-exec-5] o.s.security.web.FilterChainProxy        : Invoking RequestCacheAwareFilter (8/13)
2023-12-02T18:58:16.694+01:00 TRACE 6940 --- [o-auto-1-exec-5] o.s.security.web.FilterChainProxy        : Invoking SecurityContextHolderAwareRequestFilter (9/13)
2023-12-02T18:58:16.694+01:00 TRACE 6940 --- [o-auto-1-exec-5] o.s.security.web.FilterChainProxy        : Invoking AnonymousAuthenticationFilter (10/13)
2023-12-02T18:58:16.694+01:00 TRACE 6940 --- [o-auto-1-exec-5] o.s.security.web.FilterChainProxy        : Invoking SessionManagementFilter (11/13)
2023-12-02T18:58:16.694+01:00 TRACE 6940 --- [o-auto-1-exec-5] .s.s.w.c.SupplierDeferredSecurityContext : Created SecurityContextImpl [Null authentication]
2023-12-02T18:58:16.694+01:00 TRACE 6940 --- [o-auto-1-exec-5] o.s.s.w.a.AnonymousAuthenticationFilter  : Set SecurityContextHolder to AnonymousAuthenticationToken [Principal=anonymousUser, Credentials=[PROTECTED], Authenticated=true, Details=WebAuthenticationDetails [RemoteIpAddress=127.0.0.1, SessionId=null], Granted Authorities=[ROLE_ANONYMOUS]]
2023-12-02T18:58:16.694+01:00 TRACE 6940 --- [o-auto-1-exec-5] o.s.security.web.FilterChainProxy        : Invoking ExceptionTranslationFilter (12/13)
2023-12-02T18:58:16.694+01:00 TRACE 6940 --- [o-auto-1-exec-5] o.s.security.web.FilterChainProxy        : Invoking AuthorizationFilter (13/13)
2023-12-02T18:58:16.694+01:00 TRACE 6940 --- [o-auto-1-exec-5] estMatcherDelegatingAuthorizationManager : Authorizing SecurityContextHolderAwareRequestWrapper[ org.springframework.security.web.header.HeaderWriterFilter$HeaderWriterRequest@588c155c]
2023-12-02T18:58:16.695+01:00 TRACE 6940 --- [o-auto-1-exec-5] estMatcherDelegatingAuthorizationManager : Checking authorization on SecurityContextHolderAwareRequestWrapper[ org.springframework.security.web.header.HeaderWriterFilter$HeaderWriterRequest@588c155c] using org.springframework.security.config.annotation.web.configurers.AuthorizeHttpRequestsConfigurer$$Lambda/0x0000007801c46420@4bb95a37
2023-12-02T18:58:16.695+01:00 DEBUG 6940 --- [o-auto-1-exec-5] o.s.security.web.FilterChainProxy        : Secured POST /token
2023-12-02T18:58:16.696+01:00 TRACE 6940 --- [o-auto-1-exec-5] o.s.s.authentication.ProviderManager     : Authenticating request with DaoAuthenticationProvider (1/1)
2023-12-02T18:58:16.696+01:00 DEBUG 6940 --- [o-auto-1-exec-5] o.s.s.a.dao.DaoAuthenticationProvider    : Authenticated user
2023-12-02T18:58:16.698+01:00 TRACE 6940 --- [o-auto-1-exec-5] o.s.s.w.header.writers.HstsHeaderWriter  : Not injecting HSTS header since it did not match request to [Is Secure]
2023-12-02T18:58:16.706+01:00 TRACE 6940 --- [o-auto-1-exec-6] o.s.security.web.FilterChainProxy        : Trying to match request against DefaultSecurityFilterChain [RequestMatcher=any request, Filters=[org.springframework.security.web.session.DisableEncodeUrlFilter@5575b4c2, org.springframework.security.web.context.request.async.WebAsyncManagerIntegrationFilter@4c89b58, org.springframework.security.web.context.SecurityContextHolderFilter@46611be4, org.springframework.security.web.header.HeaderWriterFilter@7094f0ae, org.springframework.web.filter.CorsFilter@472cf6af, org.springframework.security.web.authentication.logout.LogoutFilter@745690d7, org.springframework.security.oauth2.server.resource.web.authentication.BearerTokenAuthenticationFilter@30f51f8a, org.springframework.security.web.savedrequest.RequestCacheAwareFilter@17e77d57, org.springframework.security.web.servletapi.SecurityContextHolderAwareRequestFilter@2e7da886, org.springframework.security.web.authentication.AnonymousAuthenticationFilter@1fab1909, org.springframework.security.web.session.SessionManagementFilter@46663674, org.springframework.security.web.access.ExceptionTranslationFilter@27d40ca5, org.springframework.security.web.access.intercept.AuthorizationFilter@44e4fa97]] (1/1)
2023-12-02T18:58:16.706+01:00 DEBUG 6940 --- [o-auto-1-exec-6] o.s.security.web.FilterChainProxy        : Securing POST /api/v1/recipe
2023-12-02T18:58:16.706+01:00 TRACE 6940 --- [o-auto-1-exec-6] o.s.security.web.FilterChainProxy        : Invoking DisableEncodeUrlFilter (1/13)
2023-12-02T18:58:16.706+01:00 TRACE 6940 --- [o-auto-1-exec-6] o.s.security.web.FilterChainProxy        : Invoking WebAsyncManagerIntegrationFilter (2/13)
2023-12-02T18:58:16.707+01:00 TRACE 6940 --- [o-auto-1-exec-6] o.s.security.web.FilterChainProxy        : Invoking SecurityContextHolderFilter (3/13)
2023-12-02T18:58:16.707+01:00 TRACE 6940 --- [o-auto-1-exec-6] o.s.security.web.FilterChainProxy        : Invoking HeaderWriterFilter (4/13)
2023-12-02T18:58:16.707+01:00 TRACE 6940 --- [o-auto-1-exec-6] o.s.security.web.FilterChainProxy        : Invoking CorsFilter (5/13)
2023-12-02T18:58:16.707+01:00 TRACE 6940 --- [o-auto-1-exec-6] o.s.security.web.FilterChainProxy        : Invoking LogoutFilter (6/13)
2023-12-02T18:58:16.707+01:00 TRACE 6940 --- [o-auto-1-exec-6] o.s.s.w.a.logout.LogoutFilter            : Did not match request to Or [Ant [pattern='/logout', GET], Ant [pattern='/logout', POST], Ant [pattern='/logout', PUT], Ant [pattern='/logout', DELETE]]
2023-12-02T18:58:16.707+01:00 TRACE 6940 --- [o-auto-1-exec-6] o.s.security.web.FilterChainProxy        : Invoking BearerTokenAuthenticationFilter (7/13)
2023-12-02T18:58:16.707+01:00 TRACE 6940 --- [o-auto-1-exec-6] o.s.s.authentication.ProviderManager     : Authenticating request with JwtAuthenticationProvider (1/2)
2023-12-02T18:58:16.708+01:00 TRACE 6940 --- [o-auto-1-exec-6] s.o.s.r.a.JwtGrantedAuthoritiesConverter : Looking for scopes in claim scope
2023-12-02T18:58:16.708+01:00 DEBUG 6940 --- [o-auto-1-exec-6] o.s.s.o.s.r.a.JwtAuthenticationProvider  : Authenticated token
2023-12-02T18:58:16.708+01:00 DEBUG 6940 --- [o-auto-1-exec-6] .s.r.w.a.BearerTokenAuthenticationFilter : Set SecurityContextHolder to JwtAuthenticationToken [Principal=org.springframework.security.oauth2.jwt.Jwt@b8dc78b4, Credentials=[PROTECTED], Authenticated=true, Details=WebAuthenticationDetails [RemoteIpAddress=127.0.0.1, SessionId=null], Granted Authorities=[SCOPE_read]]
2023-12-02T18:58:16.708+01:00 TRACE 6940 --- [o-auto-1-exec-6] o.s.security.web.FilterChainProxy        : Invoking RequestCacheAwareFilter (8/13)
2023-12-02T18:58:16.708+01:00 TRACE 6940 --- [o-auto-1-exec-6] o.s.security.web.FilterChainProxy        : Invoking SecurityContextHolderAwareRequestFilter (9/13)
2023-12-02T18:58:16.708+01:00 TRACE 6940 --- [o-auto-1-exec-6] o.s.security.web.FilterChainProxy        : Invoking AnonymousAuthenticationFilter (10/13)
2023-12-02T18:58:16.708+01:00 TRACE 6940 --- [o-auto-1-exec-6] o.s.security.web.FilterChainProxy        : Invoking SessionManagementFilter (11/13)
2023-12-02T18:58:16.708+01:00 TRACE 6940 --- [o-auto-1-exec-6] o.s.s.w.a.AnonymousAuthenticationFilter  : Did not set SecurityContextHolder since already authenticated JwtAuthenticationToken [Principal=org.springframework.security.oauth2.jwt.Jwt@b8dc78b4, Credentials=[PROTECTED], Authenticated=true, Details=WebAuthenticationDetails [RemoteIpAddress=127.0.0.1, SessionId=null], Granted Authorities=[SCOPE_read]]
2023-12-02T18:58:16.708+01:00 TRACE 6940 --- [o-auto-1-exec-6] s.CompositeSessionAuthenticationStrategy : Preparing session with ChangeSessionIdAuthenticationStrategy (1/1)
2023-12-02T18:58:16.708+01:00 TRACE 6940 --- [o-auto-1-exec-6] o.s.security.web.FilterChainProxy        : Invoking ExceptionTranslationFilter (12/13)
2023-12-02T18:58:16.708+01:00 TRACE 6940 --- [o-auto-1-exec-6] o.s.security.web.FilterChainProxy        : Invoking AuthorizationFilter (13/13)
2023-12-02T18:58:16.708+01:00 TRACE 6940 --- [o-auto-1-exec-6] estMatcherDelegatingAuthorizationManager : Authorizing SecurityContextHolderAwareRequestWrapper[ org.springframework.security.web.header.HeaderWriterFilter$HeaderWriterRequest@751275d2]
2023-12-02T18:58:16.709+01:00 TRACE 6940 --- [o-auto-1-exec-6] estMatcherDelegatingAuthorizationManager : Checking authorization on SecurityContextHolderAwareRequestWrapper[ org.springframework.security.web.header.HeaderWriterFilter$HeaderWriterRequest@751275d2] using org.springframework.security.authorization.AuthenticatedAuthorizationManager@6385db
2023-12-02T18:58:16.709+01:00 DEBUG 6940 --- [o-auto-1-exec-6] o.s.security.web.FilterChainProxy        : Secured POST /api/v1/recipe
2023-12-02T18:58:16.751+01:00  INFO 6940 --- [o-auto-1-exec-6] c.a.b.controller.RecipeController        : User mithu creating new recipe
Hibernate: select i1_0.id,i1_0.crat_tsp,i1_0.crat_id,i1_0.name,i1_0.upd_tsp,i1_0.upd_id from ingredients i1_0 where i1_0.name=?
Hibernate: select i1_0.id,i1_0.crat_tsp,i1_0.crat_id,i1_0.name,i1_0.upd_tsp,i1_0.upd_id from ingredients i1_0 where i1_0.name=?
Hibernate: select i1_0.id,i1_0.crat_tsp,i1_0.crat_id,i1_0.name,i1_0.upd_tsp,i1_0.upd_id from ingredients i1_0 where i1_0.name=?
Hibernate: select nextval('recipe_seq')
Hibernate: select nextval('instructions_seq')
Hibernate: select nextval('ingredients_seq')
Hibernate: select nextval('ingredients_seq')
Hibernate: select nextval('ingredients_seq')
Hibernate: select nextval('recipe_ingredients_seq')
Hibernate: select nextval('recipe_ingredients_seq')
Hibernate: select nextval('recipe_ingredients_seq')
Hibernate: insert into recipe (crat_tsp,crat_id,name,no_of_servings,upd_tsp,upd_id,veg,id) values (?,?,?,?,?,?,?,?)
Hibernate: insert into instructions (crat_tsp,crat_id,ins_steps,recipe_id,upd_tsp,upd_id,id) values (?,?,?,?,?,?,?)
Hibernate: insert into ingredients (crat_tsp,crat_id,name,upd_tsp,upd_id,id) values (?,?,?,?,?,?)
Hibernate: insert into ingredients (crat_tsp,crat_id,name,upd_tsp,upd_id,id) values (?,?,?,?,?,?)
Hibernate: insert into ingredients (crat_tsp,crat_id,name,upd_tsp,upd_id,id) values (?,?,?,?,?,?)
Hibernate: insert into recipe_ingredients (ingredients_id,recipe_id,id) values (?,?,?)
Hibernate: insert into recipe_ingredients (ingredients_id,recipe_id,id) values (?,?,?)
Hibernate: insert into recipe_ingredients (ingredients_id,recipe_id,id) values (?,?,?)
2023-12-02T18:58:16.836+01:00  INFO 6940 --- [o-auto-1-exec-6] c.a.b.controller.RecipeController        : User mithu create new recipe
2023-12-02T18:58:16.837+01:00 TRACE 6940 --- [o-auto-1-exec-6] o.s.s.w.header.writers.HstsHeaderWriter  : Not injecting HSTS header since it did not match request to [Is Secure]
2023-12-02T18:58:16.842+01:00 TRACE 6940 --- [o-auto-1-exec-7] o.s.security.web.FilterChainProxy        : Trying to match request against DefaultSecurityFilterChain [RequestMatcher=any request, Filters=[org.springframework.security.web.session.DisableEncodeUrlFilter@5575b4c2, org.springframework.security.web.context.request.async.WebAsyncManagerIntegrationFilter@4c89b58, org.springframework.security.web.context.SecurityContextHolderFilter@46611be4, org.springframework.security.web.header.HeaderWriterFilter@7094f0ae, org.springframework.web.filter.CorsFilter@472cf6af, org.springframework.security.web.authentication.logout.LogoutFilter@745690d7, org.springframework.security.oauth2.server.resource.web.authentication.BearerTokenAuthenticationFilter@30f51f8a, org.springframework.security.web.savedrequest.RequestCacheAwareFilter@17e77d57, org.springframework.security.web.servletapi.SecurityContextHolderAwareRequestFilter@2e7da886, org.springframework.security.web.authentication.AnonymousAuthenticationFilter@1fab1909, org.springframework.security.web.session.SessionManagementFilter@46663674, org.springframework.security.web.access.ExceptionTranslationFilter@27d40ca5, org.springframework.security.web.access.intercept.AuthorizationFilter@44e4fa97]] (1/1)
2023-12-02T18:58:16.842+01:00 DEBUG 6940 --- [o-auto-1-exec-7] o.s.security.web.FilterChainProxy        : Securing POST /token
2023-12-02T18:58:16.842+01:00 TRACE 6940 --- [o-auto-1-exec-7] o.s.security.web.FilterChainProxy        : Invoking DisableEncodeUrlFilter (1/13)
2023-12-02T18:58:16.842+01:00 TRACE 6940 --- [o-auto-1-exec-7] o.s.security.web.FilterChainProxy        : Invoking WebAsyncManagerIntegrationFilter (2/13)
2023-12-02T18:58:16.842+01:00 TRACE 6940 --- [o-auto-1-exec-7] o.s.security.web.FilterChainProxy        : Invoking SecurityContextHolderFilter (3/13)
2023-12-02T18:58:16.842+01:00 TRACE 6940 --- [o-auto-1-exec-7] o.s.security.web.FilterChainProxy        : Invoking HeaderWriterFilter (4/13)
2023-12-02T18:58:16.842+01:00 TRACE 6940 --- [o-auto-1-exec-7] o.s.security.web.FilterChainProxy        : Invoking CorsFilter (5/13)
2023-12-02T18:58:16.842+01:00 TRACE 6940 --- [o-auto-1-exec-7] o.s.security.web.FilterChainProxy        : Invoking LogoutFilter (6/13)
2023-12-02T18:58:16.842+01:00 TRACE 6940 --- [o-auto-1-exec-7] o.s.s.w.a.logout.LogoutFilter            : Did not match request to Or [Ant [pattern='/logout', GET], Ant [pattern='/logout', POST], Ant [pattern='/logout', PUT], Ant [pattern='/logout', DELETE]]
2023-12-02T18:58:16.842+01:00 TRACE 6940 --- [o-auto-1-exec-7] o.s.security.web.FilterChainProxy        : Invoking BearerTokenAuthenticationFilter (7/13)
2023-12-02T18:58:16.842+01:00 TRACE 6940 --- [o-auto-1-exec-7] .s.r.w.a.BearerTokenAuthenticationFilter : Did not process request since did not find bearer token
2023-12-02T18:58:16.842+01:00 TRACE 6940 --- [o-auto-1-exec-7] o.s.security.web.FilterChainProxy        : Invoking RequestCacheAwareFilter (8/13)
2023-12-02T18:58:16.842+01:00 TRACE 6940 --- [o-auto-1-exec-7] o.s.security.web.FilterChainProxy        : Invoking SecurityContextHolderAwareRequestFilter (9/13)
2023-12-02T18:58:16.842+01:00 TRACE 6940 --- [o-auto-1-exec-7] o.s.security.web.FilterChainProxy        : Invoking AnonymousAuthenticationFilter (10/13)
2023-12-02T18:58:16.843+01:00 TRACE 6940 --- [o-auto-1-exec-7] o.s.security.web.FilterChainProxy        : Invoking SessionManagementFilter (11/13)
2023-12-02T18:58:16.843+01:00 TRACE 6940 --- [o-auto-1-exec-7] .s.s.w.c.SupplierDeferredSecurityContext : Created SecurityContextImpl [Null authentication]
2023-12-02T18:58:16.843+01:00 TRACE 6940 --- [o-auto-1-exec-7] o.s.s.w.a.AnonymousAuthenticationFilter  : Set SecurityContextHolder to AnonymousAuthenticationToken [Principal=anonymousUser, Credentials=[PROTECTED], Authenticated=true, Details=WebAuthenticationDetails [RemoteIpAddress=127.0.0.1, SessionId=null], Granted Authorities=[ROLE_ANONYMOUS]]
2023-12-02T18:58:16.843+01:00 TRACE 6940 --- [o-auto-1-exec-7] o.s.security.web.FilterChainProxy        : Invoking ExceptionTranslationFilter (12/13)
2023-12-02T18:58:16.843+01:00 TRACE 6940 --- [o-auto-1-exec-7] o.s.security.web.FilterChainProxy        : Invoking AuthorizationFilter (13/13)
2023-12-02T18:58:16.843+01:00 TRACE 6940 --- [o-auto-1-exec-7] estMatcherDelegatingAuthorizationManager : Authorizing SecurityContextHolderAwareRequestWrapper[ org.springframework.security.web.header.HeaderWriterFilter$HeaderWriterRequest@67bd706f]
2023-12-02T18:58:16.843+01:00 TRACE 6940 --- [o-auto-1-exec-7] estMatcherDelegatingAuthorizationManager : Checking authorization on SecurityContextHolderAwareRequestWrapper[ org.springframework.security.web.header.HeaderWriterFilter$HeaderWriterRequest@67bd706f] using org.springframework.security.config.annotation.web.configurers.AuthorizeHttpRequestsConfigurer$$Lambda/0x0000007801c46420@4bb95a37
2023-12-02T18:58:16.844+01:00 DEBUG 6940 --- [o-auto-1-exec-7] o.s.security.web.FilterChainProxy        : Secured POST /token
2023-12-02T18:58:16.844+01:00 TRACE 6940 --- [o-auto-1-exec-7] o.s.s.authentication.ProviderManager     : Authenticating request with DaoAuthenticationProvider (1/1)
2023-12-02T18:58:16.844+01:00 DEBUG 6940 --- [o-auto-1-exec-7] o.s.s.a.dao.DaoAuthenticationProvider    : Authenticated user
2023-12-02T18:58:16.846+01:00 TRACE 6940 --- [o-auto-1-exec-7] o.s.s.w.header.writers.HstsHeaderWriter  : Not injecting HSTS header since it did not match request to [Is Secure]
2023-12-02T18:58:16.848+01:00 TRACE 6940 --- [o-auto-1-exec-8] o.s.security.web.FilterChainProxy        : Trying to match request against DefaultSecurityFilterChain [RequestMatcher=any request, Filters=[org.springframework.security.web.session.DisableEncodeUrlFilter@5575b4c2, org.springframework.security.web.context.request.async.WebAsyncManagerIntegrationFilter@4c89b58, org.springframework.security.web.context.SecurityContextHolderFilter@46611be4, org.springframework.security.web.header.HeaderWriterFilter@7094f0ae, org.springframework.web.filter.CorsFilter@472cf6af, org.springframework.security.web.authentication.logout.LogoutFilter@745690d7, org.springframework.security.oauth2.server.resource.web.authentication.BearerTokenAuthenticationFilter@30f51f8a, org.springframework.security.web.savedrequest.RequestCacheAwareFilter@17e77d57, org.springframework.security.web.servletapi.SecurityContextHolderAwareRequestFilter@2e7da886, org.springframework.security.web.authentication.AnonymousAuthenticationFilter@1fab1909, org.springframework.security.web.session.SessionManagementFilter@46663674, org.springframework.security.web.access.ExceptionTranslationFilter@27d40ca5, org.springframework.security.web.access.intercept.AuthorizationFilter@44e4fa97]] (1/1)
2023-12-02T18:58:16.848+01:00 DEBUG 6940 --- [o-auto-1-exec-8] o.s.security.web.FilterChainProxy        : Securing GET /api/v1/recipe/1
2023-12-02T18:58:16.848+01:00 TRACE 6940 --- [o-auto-1-exec-8] o.s.security.web.FilterChainProxy        : Invoking DisableEncodeUrlFilter (1/13)
2023-12-02T18:58:16.848+01:00 TRACE 6940 --- [o-auto-1-exec-8] o.s.security.web.FilterChainProxy        : Invoking WebAsyncManagerIntegrationFilter (2/13)
2023-12-02T18:58:16.848+01:00 TRACE 6940 --- [o-auto-1-exec-8] o.s.security.web.FilterChainProxy        : Invoking SecurityContextHolderFilter (3/13)
2023-12-02T18:58:16.848+01:00 TRACE 6940 --- [o-auto-1-exec-8] o.s.security.web.FilterChainProxy        : Invoking HeaderWriterFilter (4/13)
2023-12-02T18:58:16.848+01:00 TRACE 6940 --- [o-auto-1-exec-8] o.s.security.web.FilterChainProxy        : Invoking CorsFilter (5/13)
2023-12-02T18:58:16.848+01:00 TRACE 6940 --- [o-auto-1-exec-8] o.s.security.web.FilterChainProxy        : Invoking LogoutFilter (6/13)
2023-12-02T18:58:16.848+01:00 TRACE 6940 --- [o-auto-1-exec-8] o.s.s.w.a.logout.LogoutFilter            : Did not match request to Or [Ant [pattern='/logout', GET], Ant [pattern='/logout', POST], Ant [pattern='/logout', PUT], Ant [pattern='/logout', DELETE]]
2023-12-02T18:58:16.848+01:00 TRACE 6940 --- [o-auto-1-exec-8] o.s.security.web.FilterChainProxy        : Invoking BearerTokenAuthenticationFilter (7/13)
2023-12-02T18:58:16.848+01:00 TRACE 6940 --- [o-auto-1-exec-8] o.s.s.authentication.ProviderManager     : Authenticating request with JwtAuthenticationProvider (1/2)
2023-12-02T18:58:16.849+01:00 TRACE 6940 --- [o-auto-1-exec-8] s.o.s.r.a.JwtGrantedAuthoritiesConverter : Looking for scopes in claim scope
2023-12-02T18:58:16.849+01:00 DEBUG 6940 --- [o-auto-1-exec-8] o.s.s.o.s.r.a.JwtAuthenticationProvider  : Authenticated token
2023-12-02T18:58:16.849+01:00 DEBUG 6940 --- [o-auto-1-exec-8] .s.r.w.a.BearerTokenAuthenticationFilter : Set SecurityContextHolder to JwtAuthenticationToken [Principal=org.springframework.security.oauth2.jwt.Jwt@b8dc78b4, Credentials=[PROTECTED], Authenticated=true, Details=WebAuthenticationDetails [RemoteIpAddress=127.0.0.1, SessionId=null], Granted Authorities=[SCOPE_read]]
2023-12-02T18:58:16.849+01:00 TRACE 6940 --- [o-auto-1-exec-8] o.s.security.web.FilterChainProxy        : Invoking RequestCacheAwareFilter (8/13)
2023-12-02T18:58:16.849+01:00 TRACE 6940 --- [o-auto-1-exec-8] o.s.security.web.FilterChainProxy        : Invoking SecurityContextHolderAwareRequestFilter (9/13)
2023-12-02T18:58:16.849+01:00 TRACE 6940 --- [o-auto-1-exec-8] o.s.security.web.FilterChainProxy        : Invoking AnonymousAuthenticationFilter (10/13)
2023-12-02T18:58:16.849+01:00 TRACE 6940 --- [o-auto-1-exec-8] o.s.security.web.FilterChainProxy        : Invoking SessionManagementFilter (11/13)
2023-12-02T18:58:16.849+01:00 TRACE 6940 --- [o-auto-1-exec-8] o.s.s.w.a.AnonymousAuthenticationFilter  : Did not set SecurityContextHolder since already authenticated JwtAuthenticationToken [Principal=org.springframework.security.oauth2.jwt.Jwt@b8dc78b4, Credentials=[PROTECTED], Authenticated=true, Details=WebAuthenticationDetails [RemoteIpAddress=127.0.0.1, SessionId=null], Granted Authorities=[SCOPE_read]]
2023-12-02T18:58:16.849+01:00 TRACE 6940 --- [o-auto-1-exec-8] s.CompositeSessionAuthenticationStrategy : Preparing session with ChangeSessionIdAuthenticationStrategy (1/1)
2023-12-02T18:58:16.849+01:00 TRACE 6940 --- [o-auto-1-exec-8] o.s.security.web.FilterChainProxy        : Invoking ExceptionTranslationFilter (12/13)
2023-12-02T18:58:16.849+01:00 TRACE 6940 --- [o-auto-1-exec-8] o.s.security.web.FilterChainProxy        : Invoking AuthorizationFilter (13/13)
2023-12-02T18:58:16.849+01:00 TRACE 6940 --- [o-auto-1-exec-8] estMatcherDelegatingAuthorizationManager : Authorizing SecurityContextHolderAwareRequestWrapper[ org.springframework.security.web.header.HeaderWriterFilter$HeaderWriterRequest@4f598812]
2023-12-02T18:58:16.851+01:00 TRACE 6940 --- [o-auto-1-exec-8] estMatcherDelegatingAuthorizationManager : Checking authorization on SecurityContextHolderAwareRequestWrapper[ org.springframework.security.web.header.HeaderWriterFilter$HeaderWriterRequest@4f598812] using org.springframework.security.authorization.AuthenticatedAuthorizationManager@6385db
2023-12-02T18:58:16.851+01:00 DEBUG 6940 --- [o-auto-1-exec-8] o.s.security.web.FilterChainProxy        : Secured GET /api/v1/recipe/1
2023-12-02T18:58:16.851+01:00  INFO 6940 --- [o-auto-1-exec-8] c.a.b.controller.RecipeController        : User mithu initiated search request for recipe id 1
Hibernate: select r1_0.id,r1_0.crat_tsp,r1_0.crat_id,r1_0.name,r1_0.no_of_servings,r1_0.upd_tsp,r1_0.upd_id,r1_0.veg from recipe r1_0 where r1_0.id=?
Hibernate: select i1_0.id,i1_0.crat_tsp,i1_0.crat_id,i1_0.ins_steps,i1_0.recipe_id,i1_0.upd_tsp,i1_0.upd_id from instructions i1_0 where i1_0.recipe_id=?
Hibernate: SELECT ingredients.NAME FROM Ingredients ingredients  inner join RECIPE_INGREDIENTS recipe_ingredients ON ingredients.ID=recipe_ingredients.INGREDIENTS_ID  WHERE recipe_ingredients.RECIPE_ID = ?
2023-12-02T18:58:16.887+01:00  INFO 6940 --- [o-auto-1-exec-8] c.a.b.controller.RecipeController        : User mithu completed search request for recipe id 1 and data found
2023-12-02T18:58:16.888+01:00 TRACE 6940 --- [o-auto-1-exec-8] o.s.s.w.header.writers.HstsHeaderWriter  : Not injecting HSTS header since it did not match request to [Is Secure]
]]></system-out>
  </testcase>
  <testcase name="shouldNotCreateNewRecipeWhenRecipeFormIsInValid" classname="com.ar.bzassesment.controller.RecipeControllerIntTest" time="0.036">
    <system-out><![CDATA[2023-12-02T18:58:16.894+01:00 TRACE 6940 --- [o-auto-1-exec-9] o.s.security.web.FilterChainProxy        : Trying to match request against DefaultSecurityFilterChain [RequestMatcher=any request, Filters=[org.springframework.security.web.session.DisableEncodeUrlFilter@5575b4c2, org.springframework.security.web.context.request.async.WebAsyncManagerIntegrationFilter@4c89b58, org.springframework.security.web.context.SecurityContextHolderFilter@46611be4, org.springframework.security.web.header.HeaderWriterFilter@7094f0ae, org.springframework.web.filter.CorsFilter@472cf6af, org.springframework.security.web.authentication.logout.LogoutFilter@745690d7, org.springframework.security.oauth2.server.resource.web.authentication.BearerTokenAuthenticationFilter@30f51f8a, org.springframework.security.web.savedrequest.RequestCacheAwareFilter@17e77d57, org.springframework.security.web.servletapi.SecurityContextHolderAwareRequestFilter@2e7da886, org.springframework.security.web.authentication.AnonymousAuthenticationFilter@1fab1909, org.springframework.security.web.session.SessionManagementFilter@46663674, org.springframework.security.web.access.ExceptionTranslationFilter@27d40ca5, org.springframework.security.web.access.intercept.AuthorizationFilter@44e4fa97]] (1/1)
2023-12-02T18:58:16.894+01:00 DEBUG 6940 --- [o-auto-1-exec-9] o.s.security.web.FilterChainProxy        : Securing POST /token
2023-12-02T18:58:16.894+01:00 TRACE 6940 --- [o-auto-1-exec-9] o.s.security.web.FilterChainProxy        : Invoking DisableEncodeUrlFilter (1/13)
2023-12-02T18:58:16.894+01:00 TRACE 6940 --- [o-auto-1-exec-9] o.s.security.web.FilterChainProxy        : Invoking WebAsyncManagerIntegrationFilter (2/13)
2023-12-02T18:58:16.894+01:00 TRACE 6940 --- [o-auto-1-exec-9] o.s.security.web.FilterChainProxy        : Invoking SecurityContextHolderFilter (3/13)
2023-12-02T18:58:16.895+01:00 TRACE 6940 --- [o-auto-1-exec-9] o.s.security.web.FilterChainProxy        : Invoking HeaderWriterFilter (4/13)
2023-12-02T18:58:16.895+01:00 TRACE 6940 --- [o-auto-1-exec-9] o.s.security.web.FilterChainProxy        : Invoking CorsFilter (5/13)
2023-12-02T18:58:16.895+01:00 TRACE 6940 --- [o-auto-1-exec-9] o.s.security.web.FilterChainProxy        : Invoking LogoutFilter (6/13)
2023-12-02T18:58:16.895+01:00 TRACE 6940 --- [o-auto-1-exec-9] o.s.s.w.a.logout.LogoutFilter            : Did not match request to Or [Ant [pattern='/logout', GET], Ant [pattern='/logout', POST], Ant [pattern='/logout', PUT], Ant [pattern='/logout', DELETE]]
2023-12-02T18:58:16.895+01:00 TRACE 6940 --- [o-auto-1-exec-9] o.s.security.web.FilterChainProxy        : Invoking BearerTokenAuthenticationFilter (7/13)
2023-12-02T18:58:16.895+01:00 TRACE 6940 --- [o-auto-1-exec-9] .s.r.w.a.BearerTokenAuthenticationFilter : Did not process request since did not find bearer token
2023-12-02T18:58:16.895+01:00 TRACE 6940 --- [o-auto-1-exec-9] o.s.security.web.FilterChainProxy        : Invoking RequestCacheAwareFilter (8/13)
2023-12-02T18:58:16.895+01:00 TRACE 6940 --- [o-auto-1-exec-9] o.s.security.web.FilterChainProxy        : Invoking SecurityContextHolderAwareRequestFilter (9/13)
2023-12-02T18:58:16.895+01:00 TRACE 6940 --- [o-auto-1-exec-9] o.s.security.web.FilterChainProxy        : Invoking AnonymousAuthenticationFilter (10/13)
2023-12-02T18:58:16.895+01:00 TRACE 6940 --- [o-auto-1-exec-9] o.s.security.web.FilterChainProxy        : Invoking SessionManagementFilter (11/13)
2023-12-02T18:58:16.895+01:00 TRACE 6940 --- [o-auto-1-exec-9] .s.s.w.c.SupplierDeferredSecurityContext : Created SecurityContextImpl [Null authentication]
2023-12-02T18:58:16.895+01:00 TRACE 6940 --- [o-auto-1-exec-9] o.s.s.w.a.AnonymousAuthenticationFilter  : Set SecurityContextHolder to AnonymousAuthenticationToken [Principal=anonymousUser, Credentials=[PROTECTED], Authenticated=true, Details=WebAuthenticationDetails [RemoteIpAddress=127.0.0.1, SessionId=null], Granted Authorities=[ROLE_ANONYMOUS]]
2023-12-02T18:58:16.895+01:00 TRACE 6940 --- [o-auto-1-exec-9] o.s.security.web.FilterChainProxy        : Invoking ExceptionTranslationFilter (12/13)
2023-12-02T18:58:16.895+01:00 TRACE 6940 --- [o-auto-1-exec-9] o.s.security.web.FilterChainProxy        : Invoking AuthorizationFilter (13/13)
2023-12-02T18:58:16.895+01:00 TRACE 6940 --- [o-auto-1-exec-9] estMatcherDelegatingAuthorizationManager : Authorizing SecurityContextHolderAwareRequestWrapper[ org.springframework.security.web.header.HeaderWriterFilter$HeaderWriterRequest@7ca341b5]
2023-12-02T18:58:16.896+01:00 TRACE 6940 --- [o-auto-1-exec-9] estMatcherDelegatingAuthorizationManager : Checking authorization on SecurityContextHolderAwareRequestWrapper[ org.springframework.security.web.header.HeaderWriterFilter$HeaderWriterRequest@7ca341b5] using org.springframework.security.config.annotation.web.configurers.AuthorizeHttpRequestsConfigurer$$Lambda/0x0000007801c46420@4bb95a37
2023-12-02T18:58:16.896+01:00 DEBUG 6940 --- [o-auto-1-exec-9] o.s.security.web.FilterChainProxy        : Secured POST /token
2023-12-02T18:58:16.896+01:00 TRACE 6940 --- [o-auto-1-exec-9] o.s.s.authentication.ProviderManager     : Authenticating request with DaoAuthenticationProvider (1/1)
2023-12-02T18:58:16.896+01:00 DEBUG 6940 --- [o-auto-1-exec-9] o.s.s.a.dao.DaoAuthenticationProvider    : Authenticated user
2023-12-02T18:58:16.912+01:00 TRACE 6940 --- [o-auto-1-exec-9] o.s.s.w.header.writers.HstsHeaderWriter  : Not injecting HSTS header since it did not match request to [Is Secure]
2023-12-02T18:58:16.915+01:00 TRACE 6940 --- [-auto-1-exec-10] o.s.security.web.FilterChainProxy        : Trying to match request against DefaultSecurityFilterChain [RequestMatcher=any request, Filters=[org.springframework.security.web.session.DisableEncodeUrlFilter@5575b4c2, org.springframework.security.web.context.request.async.WebAsyncManagerIntegrationFilter@4c89b58, org.springframework.security.web.context.SecurityContextHolderFilter@46611be4, org.springframework.security.web.header.HeaderWriterFilter@7094f0ae, org.springframework.web.filter.CorsFilter@472cf6af, org.springframework.security.web.authentication.logout.LogoutFilter@745690d7, org.springframework.security.oauth2.server.resource.web.authentication.BearerTokenAuthenticationFilter@30f51f8a, org.springframework.security.web.savedrequest.RequestCacheAwareFilter@17e77d57, org.springframework.security.web.servletapi.SecurityContextHolderAwareRequestFilter@2e7da886, org.springframework.security.web.authentication.AnonymousAuthenticationFilter@1fab1909, org.springframework.security.web.session.SessionManagementFilter@46663674, org.springframework.security.web.access.ExceptionTranslationFilter@27d40ca5, org.springframework.security.web.access.intercept.AuthorizationFilter@44e4fa97]] (1/1)
2023-12-02T18:58:16.915+01:00 DEBUG 6940 --- [-auto-1-exec-10] o.s.security.web.FilterChainProxy        : Securing POST /api/v1/recipe
2023-12-02T18:58:16.915+01:00 TRACE 6940 --- [-auto-1-exec-10] o.s.security.web.FilterChainProxy        : Invoking DisableEncodeUrlFilter (1/13)
2023-12-02T18:58:16.915+01:00 TRACE 6940 --- [-auto-1-exec-10] o.s.security.web.FilterChainProxy        : Invoking WebAsyncManagerIntegrationFilter (2/13)
2023-12-02T18:58:16.915+01:00 TRACE 6940 --- [-auto-1-exec-10] o.s.security.web.FilterChainProxy        : Invoking SecurityContextHolderFilter (3/13)
2023-12-02T18:58:16.915+01:00 TRACE 6940 --- [-auto-1-exec-10] o.s.security.web.FilterChainProxy        : Invoking HeaderWriterFilter (4/13)
2023-12-02T18:58:16.915+01:00 TRACE 6940 --- [-auto-1-exec-10] o.s.security.web.FilterChainProxy        : Invoking CorsFilter (5/13)
2023-12-02T18:58:16.915+01:00 TRACE 6940 --- [-auto-1-exec-10] o.s.security.web.FilterChainProxy        : Invoking LogoutFilter (6/13)
2023-12-02T18:58:16.915+01:00 TRACE 6940 --- [-auto-1-exec-10] o.s.s.w.a.logout.LogoutFilter            : Did not match request to Or [Ant [pattern='/logout', GET], Ant [pattern='/logout', POST], Ant [pattern='/logout', PUT], Ant [pattern='/logout', DELETE]]
2023-12-02T18:58:16.915+01:00 TRACE 6940 --- [-auto-1-exec-10] o.s.security.web.FilterChainProxy        : Invoking BearerTokenAuthenticationFilter (7/13)
2023-12-02T18:58:16.915+01:00 TRACE 6940 --- [-auto-1-exec-10] o.s.s.authentication.ProviderManager     : Authenticating request with JwtAuthenticationProvider (1/2)
2023-12-02T18:58:16.916+01:00 TRACE 6940 --- [-auto-1-exec-10] s.o.s.r.a.JwtGrantedAuthoritiesConverter : Looking for scopes in claim scope
2023-12-02T18:58:16.916+01:00 DEBUG 6940 --- [-auto-1-exec-10] o.s.s.o.s.r.a.JwtAuthenticationProvider  : Authenticated token
2023-12-02T18:58:16.916+01:00 DEBUG 6940 --- [-auto-1-exec-10] .s.r.w.a.BearerTokenAuthenticationFilter : Set SecurityContextHolder to JwtAuthenticationToken [Principal=org.springframework.security.oauth2.jwt.Jwt@b8dc78b4, Credentials=[PROTECTED], Authenticated=true, Details=WebAuthenticationDetails [RemoteIpAddress=127.0.0.1, SessionId=null], Granted Authorities=[SCOPE_read]]
2023-12-02T18:58:16.916+01:00 TRACE 6940 --- [-auto-1-exec-10] o.s.security.web.FilterChainProxy        : Invoking RequestCacheAwareFilter (8/13)
2023-12-02T18:58:16.916+01:00 TRACE 6940 --- [-auto-1-exec-10] o.s.security.web.FilterChainProxy        : Invoking SecurityContextHolderAwareRequestFilter (9/13)
2023-12-02T18:58:16.916+01:00 TRACE 6940 --- [-auto-1-exec-10] o.s.security.web.FilterChainProxy        : Invoking AnonymousAuthenticationFilter (10/13)
2023-12-02T18:58:16.916+01:00 TRACE 6940 --- [-auto-1-exec-10] o.s.security.web.FilterChainProxy        : Invoking SessionManagementFilter (11/13)
2023-12-02T18:58:16.916+01:00 TRACE 6940 --- [-auto-1-exec-10] o.s.s.w.a.AnonymousAuthenticationFilter  : Did not set SecurityContextHolder since already authenticated JwtAuthenticationToken [Principal=org.springframework.security.oauth2.jwt.Jwt@b8dc78b4, Credentials=[PROTECTED], Authenticated=true, Details=WebAuthenticationDetails [RemoteIpAddress=127.0.0.1, SessionId=null], Granted Authorities=[SCOPE_read]]
2023-12-02T18:58:16.916+01:00 TRACE 6940 --- [-auto-1-exec-10] s.CompositeSessionAuthenticationStrategy : Preparing session with ChangeSessionIdAuthenticationStrategy (1/1)
2023-12-02T18:58:16.916+01:00 TRACE 6940 --- [-auto-1-exec-10] o.s.security.web.FilterChainProxy        : Invoking ExceptionTranslationFilter (12/13)
2023-12-02T18:58:16.916+01:00 TRACE 6940 --- [-auto-1-exec-10] o.s.security.web.FilterChainProxy        : Invoking AuthorizationFilter (13/13)
2023-12-02T18:58:16.916+01:00 TRACE 6940 --- [-auto-1-exec-10] estMatcherDelegatingAuthorizationManager : Authorizing SecurityContextHolderAwareRequestWrapper[ org.springframework.security.web.header.HeaderWriterFilter$HeaderWriterRequest@3ff4b3c8]
2023-12-02T18:58:16.917+01:00 TRACE 6940 --- [-auto-1-exec-10] estMatcherDelegatingAuthorizationManager : Checking authorization on SecurityContextHolderAwareRequestWrapper[ org.springframework.security.web.header.HeaderWriterFilter$HeaderWriterRequest@3ff4b3c8] using org.springframework.security.authorization.AuthenticatedAuthorizationManager@6385db
2023-12-02T18:58:16.917+01:00 DEBUG 6940 --- [-auto-1-exec-10] o.s.security.web.FilterChainProxy        : Secured POST /api/v1/recipe
2023-12-02T18:58:16.924+01:00 TRACE 6940 --- [-auto-1-exec-10] o.s.s.w.header.writers.HstsHeaderWriter  : Not injecting HSTS header since it did not match request to [Is Secure]
]]></system-out>
  </testcase>
  <testcase name="shouldDeleteWithValidID" classname="com.ar.bzassesment.controller.RecipeControllerIntTest" time="0.097">
    <system-out><![CDATA[2023-12-02T18:58:16.930+01:00 TRACE 6940 --- [o-auto-1-exec-1] o.s.security.web.FilterChainProxy        : Trying to match request against DefaultSecurityFilterChain [RequestMatcher=any request, Filters=[org.springframework.security.web.session.DisableEncodeUrlFilter@5575b4c2, org.springframework.security.web.context.request.async.WebAsyncManagerIntegrationFilter@4c89b58, org.springframework.security.web.context.SecurityContextHolderFilter@46611be4, org.springframework.security.web.header.HeaderWriterFilter@7094f0ae, org.springframework.web.filter.CorsFilter@472cf6af, org.springframework.security.web.authentication.logout.LogoutFilter@745690d7, org.springframework.security.oauth2.server.resource.web.authentication.BearerTokenAuthenticationFilter@30f51f8a, org.springframework.security.web.savedrequest.RequestCacheAwareFilter@17e77d57, org.springframework.security.web.servletapi.SecurityContextHolderAwareRequestFilter@2e7da886, org.springframework.security.web.authentication.AnonymousAuthenticationFilter@1fab1909, org.springframework.security.web.session.SessionManagementFilter@46663674, org.springframework.security.web.access.ExceptionTranslationFilter@27d40ca5, org.springframework.security.web.access.intercept.AuthorizationFilter@44e4fa97]] (1/1)
2023-12-02T18:58:16.931+01:00 DEBUG 6940 --- [o-auto-1-exec-1] o.s.security.web.FilterChainProxy        : Securing POST /token
2023-12-02T18:58:16.931+01:00 TRACE 6940 --- [o-auto-1-exec-1] o.s.security.web.FilterChainProxy        : Invoking DisableEncodeUrlFilter (1/13)
2023-12-02T18:58:16.931+01:00 TRACE 6940 --- [o-auto-1-exec-1] o.s.security.web.FilterChainProxy        : Invoking WebAsyncManagerIntegrationFilter (2/13)
2023-12-02T18:58:16.931+01:00 TRACE 6940 --- [o-auto-1-exec-1] o.s.security.web.FilterChainProxy        : Invoking SecurityContextHolderFilter (3/13)
2023-12-02T18:58:16.931+01:00 TRACE 6940 --- [o-auto-1-exec-1] o.s.security.web.FilterChainProxy        : Invoking HeaderWriterFilter (4/13)
2023-12-02T18:58:16.931+01:00 TRACE 6940 --- [o-auto-1-exec-1] o.s.security.web.FilterChainProxy        : Invoking CorsFilter (5/13)
2023-12-02T18:58:16.931+01:00 TRACE 6940 --- [o-auto-1-exec-1] o.s.security.web.FilterChainProxy        : Invoking LogoutFilter (6/13)
2023-12-02T18:58:16.931+01:00 TRACE 6940 --- [o-auto-1-exec-1] o.s.s.w.a.logout.LogoutFilter            : Did not match request to Or [Ant [pattern='/logout', GET], Ant [pattern='/logout', POST], Ant [pattern='/logout', PUT], Ant [pattern='/logout', DELETE]]
2023-12-02T18:58:16.931+01:00 TRACE 6940 --- [o-auto-1-exec-1] o.s.security.web.FilterChainProxy        : Invoking BearerTokenAuthenticationFilter (7/13)
2023-12-02T18:58:16.931+01:00 TRACE 6940 --- [o-auto-1-exec-1] .s.r.w.a.BearerTokenAuthenticationFilter : Did not process request since did not find bearer token
2023-12-02T18:58:16.931+01:00 TRACE 6940 --- [o-auto-1-exec-1] o.s.security.web.FilterChainProxy        : Invoking RequestCacheAwareFilter (8/13)
2023-12-02T18:58:16.931+01:00 TRACE 6940 --- [o-auto-1-exec-1] o.s.security.web.FilterChainProxy        : Invoking SecurityContextHolderAwareRequestFilter (9/13)
2023-12-02T18:58:16.931+01:00 TRACE 6940 --- [o-auto-1-exec-1] o.s.security.web.FilterChainProxy        : Invoking AnonymousAuthenticationFilter (10/13)
2023-12-02T18:58:16.931+01:00 TRACE 6940 --- [o-auto-1-exec-1] o.s.security.web.FilterChainProxy        : Invoking SessionManagementFilter (11/13)
2023-12-02T18:58:16.931+01:00 TRACE 6940 --- [o-auto-1-exec-1] .s.s.w.c.SupplierDeferredSecurityContext : Created SecurityContextImpl [Null authentication]
2023-12-02T18:58:16.931+01:00 TRACE 6940 --- [o-auto-1-exec-1] o.s.s.w.a.AnonymousAuthenticationFilter  : Set SecurityContextHolder to AnonymousAuthenticationToken [Principal=anonymousUser, Credentials=[PROTECTED], Authenticated=true, Details=WebAuthenticationDetails [RemoteIpAddress=127.0.0.1, SessionId=null], Granted Authorities=[ROLE_ANONYMOUS]]
2023-12-02T18:58:16.931+01:00 TRACE 6940 --- [o-auto-1-exec-1] o.s.security.web.FilterChainProxy        : Invoking ExceptionTranslationFilter (12/13)
2023-12-02T18:58:16.931+01:00 TRACE 6940 --- [o-auto-1-exec-1] o.s.security.web.FilterChainProxy        : Invoking AuthorizationFilter (13/13)
2023-12-02T18:58:16.931+01:00 TRACE 6940 --- [o-auto-1-exec-1] estMatcherDelegatingAuthorizationManager : Authorizing SecurityContextHolderAwareRequestWrapper[ org.springframework.security.web.header.HeaderWriterFilter$HeaderWriterRequest@69ef3438]
2023-12-02T18:58:16.932+01:00 TRACE 6940 --- [o-auto-1-exec-1] estMatcherDelegatingAuthorizationManager : Checking authorization on SecurityContextHolderAwareRequestWrapper[ org.springframework.security.web.header.HeaderWriterFilter$HeaderWriterRequest@69ef3438] using org.springframework.security.config.annotation.web.configurers.AuthorizeHttpRequestsConfigurer$$Lambda/0x0000007801c46420@4bb95a37
2023-12-02T18:58:16.932+01:00 DEBUG 6940 --- [o-auto-1-exec-1] o.s.security.web.FilterChainProxy        : Secured POST /token
2023-12-02T18:58:16.932+01:00 TRACE 6940 --- [o-auto-1-exec-1] o.s.s.authentication.ProviderManager     : Authenticating request with DaoAuthenticationProvider (1/1)
2023-12-02T18:58:16.932+01:00 DEBUG 6940 --- [o-auto-1-exec-1] o.s.s.a.dao.DaoAuthenticationProvider    : Authenticated user
2023-12-02T18:58:16.934+01:00 TRACE 6940 --- [o-auto-1-exec-1] o.s.s.w.header.writers.HstsHeaderWriter  : Not injecting HSTS header since it did not match request to [Is Secure]
2023-12-02T18:58:16.938+01:00 TRACE 6940 --- [o-auto-1-exec-2] o.s.security.web.FilterChainProxy        : Trying to match request against DefaultSecurityFilterChain [RequestMatcher=any request, Filters=[org.springframework.security.web.session.DisableEncodeUrlFilter@5575b4c2, org.springframework.security.web.context.request.async.WebAsyncManagerIntegrationFilter@4c89b58, org.springframework.security.web.context.SecurityContextHolderFilter@46611be4, org.springframework.security.web.header.HeaderWriterFilter@7094f0ae, org.springframework.web.filter.CorsFilter@472cf6af, org.springframework.security.web.authentication.logout.LogoutFilter@745690d7, org.springframework.security.oauth2.server.resource.web.authentication.BearerTokenAuthenticationFilter@30f51f8a, org.springframework.security.web.savedrequest.RequestCacheAwareFilter@17e77d57, org.springframework.security.web.servletapi.SecurityContextHolderAwareRequestFilter@2e7da886, org.springframework.security.web.authentication.AnonymousAuthenticationFilter@1fab1909, org.springframework.security.web.session.SessionManagementFilter@46663674, org.springframework.security.web.access.ExceptionTranslationFilter@27d40ca5, org.springframework.security.web.access.intercept.AuthorizationFilter@44e4fa97]] (1/1)
2023-12-02T18:58:16.938+01:00 DEBUG 6940 --- [o-auto-1-exec-2] o.s.security.web.FilterChainProxy        : Securing DELETE /api/v1/recipe/1
2023-12-02T18:58:16.938+01:00 TRACE 6940 --- [o-auto-1-exec-2] o.s.security.web.FilterChainProxy        : Invoking DisableEncodeUrlFilter (1/13)
2023-12-02T18:58:16.938+01:00 TRACE 6940 --- [o-auto-1-exec-2] o.s.security.web.FilterChainProxy        : Invoking WebAsyncManagerIntegrationFilter (2/13)
2023-12-02T18:58:16.938+01:00 TRACE 6940 --- [o-auto-1-exec-2] o.s.security.web.FilterChainProxy        : Invoking SecurityContextHolderFilter (3/13)
2023-12-02T18:58:16.938+01:00 TRACE 6940 --- [o-auto-1-exec-2] o.s.security.web.FilterChainProxy        : Invoking HeaderWriterFilter (4/13)
2023-12-02T18:58:16.938+01:00 TRACE 6940 --- [o-auto-1-exec-2] o.s.security.web.FilterChainProxy        : Invoking CorsFilter (5/13)
2023-12-02T18:58:16.939+01:00 TRACE 6940 --- [o-auto-1-exec-2] o.s.security.web.FilterChainProxy        : Invoking LogoutFilter (6/13)
2023-12-02T18:58:16.939+01:00 TRACE 6940 --- [o-auto-1-exec-2] o.s.s.w.a.logout.LogoutFilter            : Did not match request to Or [Ant [pattern='/logout', GET], Ant [pattern='/logout', POST], Ant [pattern='/logout', PUT], Ant [pattern='/logout', DELETE]]
2023-12-02T18:58:16.939+01:00 TRACE 6940 --- [o-auto-1-exec-2] o.s.security.web.FilterChainProxy        : Invoking BearerTokenAuthenticationFilter (7/13)
2023-12-02T18:58:16.939+01:00 TRACE 6940 --- [o-auto-1-exec-2] o.s.s.authentication.ProviderManager     : Authenticating request with JwtAuthenticationProvider (1/2)
2023-12-02T18:58:16.939+01:00 TRACE 6940 --- [o-auto-1-exec-2] s.o.s.r.a.JwtGrantedAuthoritiesConverter : Looking for scopes in claim scope
2023-12-02T18:58:16.939+01:00 DEBUG 6940 --- [o-auto-1-exec-2] o.s.s.o.s.r.a.JwtAuthenticationProvider  : Authenticated token
2023-12-02T18:58:16.939+01:00 DEBUG 6940 --- [o-auto-1-exec-2] .s.r.w.a.BearerTokenAuthenticationFilter : Set SecurityContextHolder to JwtAuthenticationToken [Principal=org.springframework.security.oauth2.jwt.Jwt@b8dc78b4, Credentials=[PROTECTED], Authenticated=true, Details=WebAuthenticationDetails [RemoteIpAddress=127.0.0.1, SessionId=null], Granted Authorities=[SCOPE_read]]
2023-12-02T18:58:16.939+01:00 TRACE 6940 --- [o-auto-1-exec-2] o.s.security.web.FilterChainProxy        : Invoking RequestCacheAwareFilter (8/13)
2023-12-02T18:58:16.939+01:00 TRACE 6940 --- [o-auto-1-exec-2] o.s.security.web.FilterChainProxy        : Invoking SecurityContextHolderAwareRequestFilter (9/13)
2023-12-02T18:58:16.939+01:00 TRACE 6940 --- [o-auto-1-exec-2] o.s.security.web.FilterChainProxy        : Invoking AnonymousAuthenticationFilter (10/13)
2023-12-02T18:58:16.939+01:00 TRACE 6940 --- [o-auto-1-exec-2] o.s.security.web.FilterChainProxy        : Invoking SessionManagementFilter (11/13)
2023-12-02T18:58:16.939+01:00 TRACE 6940 --- [o-auto-1-exec-2] o.s.s.w.a.AnonymousAuthenticationFilter  : Did not set SecurityContextHolder since already authenticated JwtAuthenticationToken [Principal=org.springframework.security.oauth2.jwt.Jwt@b8dc78b4, Credentials=[PROTECTED], Authenticated=true, Details=WebAuthenticationDetails [RemoteIpAddress=127.0.0.1, SessionId=null], Granted Authorities=[SCOPE_read]]
2023-12-02T18:58:16.939+01:00 TRACE 6940 --- [o-auto-1-exec-2] s.CompositeSessionAuthenticationStrategy : Preparing session with ChangeSessionIdAuthenticationStrategy (1/1)
2023-12-02T18:58:16.939+01:00 TRACE 6940 --- [o-auto-1-exec-2] o.s.security.web.FilterChainProxy        : Invoking ExceptionTranslationFilter (12/13)
2023-12-02T18:58:16.939+01:00 TRACE 6940 --- [o-auto-1-exec-2] o.s.security.web.FilterChainProxy        : Invoking AuthorizationFilter (13/13)
2023-12-02T18:58:16.940+01:00 TRACE 6940 --- [o-auto-1-exec-2] estMatcherDelegatingAuthorizationManager : Authorizing SecurityContextHolderAwareRequestWrapper[ org.springframework.security.web.header.HeaderWriterFilter$HeaderWriterRequest@f94e86c]
2023-12-02T18:58:16.941+01:00 TRACE 6940 --- [o-auto-1-exec-2] estMatcherDelegatingAuthorizationManager : Checking authorization on SecurityContextHolderAwareRequestWrapper[ org.springframework.security.web.header.HeaderWriterFilter$HeaderWriterRequest@f94e86c] using org.springframework.security.authorization.AuthenticatedAuthorizationManager@6385db
2023-12-02T18:58:16.941+01:00 DEBUG 6940 --- [o-auto-1-exec-2] o.s.security.web.FilterChainProxy        : Secured DELETE /api/v1/recipe/1
2023-12-02T18:58:16.941+01:00  INFO 6940 --- [o-auto-1-exec-2] c.a.b.controller.RecipeController        : User mithu delting the recipe id 1
Hibernate: select r1_0.id,r1_0.crat_tsp,r1_0.crat_id,r1_0.name,r1_0.no_of_servings,r1_0.upd_tsp,r1_0.upd_id,r1_0.veg from recipe r1_0 where r1_0.id=?
Hibernate: select i1_0.id,i1_0.crat_tsp,i1_0.crat_id,i1_0.ins_steps,i1_0.recipe_id,i1_0.upd_tsp,i1_0.upd_id from instructions i1_0 where i1_0.recipe_id=?
Hibernate: SELECT ingredients.NAME FROM Ingredients ingredients  inner join RECIPE_INGREDIENTS recipe_ingredients ON ingredients.ID=recipe_ingredients.INGREDIENTS_ID  WHERE recipe_ingredients.RECIPE_ID = ?
Hibernate: select ri1_0.id,ri1_0.ingredients_id,ri1_0.recipe_id from recipe_ingredients ri1_0 where ri1_0.recipe_id=?
Hibernate: select i1_0.id,i1_0.crat_tsp,i1_0.crat_id,i1_0.name,i1_0.upd_tsp,i1_0.upd_id from ingredients i1_0 where i1_0.id=?
Hibernate: select i1_0.id,i1_0.crat_tsp,i1_0.crat_id,i1_0.name,i1_0.upd_tsp,i1_0.upd_id from ingredients i1_0 where i1_0.id=?
Hibernate: select i1_0.id,i1_0.crat_tsp,i1_0.crat_id,i1_0.name,i1_0.upd_tsp,i1_0.upd_id from ingredients i1_0 where i1_0.id=?
Hibernate: select i1_0.id,i1_0.crat_tsp,i1_0.crat_id,i1_0.ins_steps,i1_0.recipe_id,i1_0.upd_tsp,i1_0.upd_id from instructions i1_0 where i1_0.recipe_id=?
Hibernate: select i1_0.recipe_id,i1_0.id,i1_0.crat_tsp,i1_0.crat_id,i1_0.ins_steps,i1_0.upd_tsp,i1_0.upd_id from instructions i1_0 where i1_0.recipe_id=?
Hibernate: select ri1_0.recipe_id,ri1_0.id,i1_0.id,i1_0.crat_tsp,i1_0.crat_id,i1_0.name,i1_0.upd_tsp,i1_0.upd_id from recipe_ingredients ri1_0 left join ingredients i1_0 on i1_0.id=ri1_0.ingredients_id where ri1_0.recipe_id=?
Hibernate: delete from recipe_ingredients where id=?
Hibernate: delete from recipe_ingredients where id=?
Hibernate: delete from recipe_ingredients where id=?
Hibernate: delete from instructions where id=?
Hibernate: delete from recipe where id=?
2023-12-02T18:58:17.023+01:00 TRACE 6940 --- [o-auto-1-exec-2] o.s.s.w.header.writers.HstsHeaderWriter  : Not injecting HSTS header since it did not match request to [Is Secure]
]]></system-out>
  </testcase>
  <testcase name="shouldFindAllRecipes" classname="com.ar.bzassesment.controller.RecipeControllerIntTest" time="0.026">
    <system-out><![CDATA[2023-12-02T18:58:17.028+01:00 TRACE 6940 --- [o-auto-1-exec-3] o.s.security.web.FilterChainProxy        : Trying to match request against DefaultSecurityFilterChain [RequestMatcher=any request, Filters=[org.springframework.security.web.session.DisableEncodeUrlFilter@5575b4c2, org.springframework.security.web.context.request.async.WebAsyncManagerIntegrationFilter@4c89b58, org.springframework.security.web.context.SecurityContextHolderFilter@46611be4, org.springframework.security.web.header.HeaderWriterFilter@7094f0ae, org.springframework.web.filter.CorsFilter@472cf6af, org.springframework.security.web.authentication.logout.LogoutFilter@745690d7, org.springframework.security.oauth2.server.resource.web.authentication.BearerTokenAuthenticationFilter@30f51f8a, org.springframework.security.web.savedrequest.RequestCacheAwareFilter@17e77d57, org.springframework.security.web.servletapi.SecurityContextHolderAwareRequestFilter@2e7da886, org.springframework.security.web.authentication.AnonymousAuthenticationFilter@1fab1909, org.springframework.security.web.session.SessionManagementFilter@46663674, org.springframework.security.web.access.ExceptionTranslationFilter@27d40ca5, org.springframework.security.web.access.intercept.AuthorizationFilter@44e4fa97]] (1/1)
2023-12-02T18:58:17.029+01:00 DEBUG 6940 --- [o-auto-1-exec-3] o.s.security.web.FilterChainProxy        : Securing POST /token
2023-12-02T18:58:17.029+01:00 TRACE 6940 --- [o-auto-1-exec-3] o.s.security.web.FilterChainProxy        : Invoking DisableEncodeUrlFilter (1/13)
2023-12-02T18:58:17.029+01:00 TRACE 6940 --- [o-auto-1-exec-3] o.s.security.web.FilterChainProxy        : Invoking WebAsyncManagerIntegrationFilter (2/13)
2023-12-02T18:58:17.029+01:00 TRACE 6940 --- [o-auto-1-exec-3] o.s.security.web.FilterChainProxy        : Invoking SecurityContextHolderFilter (3/13)
2023-12-02T18:58:17.029+01:00 TRACE 6940 --- [o-auto-1-exec-3] o.s.security.web.FilterChainProxy        : Invoking HeaderWriterFilter (4/13)
2023-12-02T18:58:17.029+01:00 TRACE 6940 --- [o-auto-1-exec-3] o.s.security.web.FilterChainProxy        : Invoking CorsFilter (5/13)
2023-12-02T18:58:17.029+01:00 TRACE 6940 --- [o-auto-1-exec-3] o.s.security.web.FilterChainProxy        : Invoking LogoutFilter (6/13)
2023-12-02T18:58:17.029+01:00 TRACE 6940 --- [o-auto-1-exec-3] o.s.s.w.a.logout.LogoutFilter            : Did not match request to Or [Ant [pattern='/logout', GET], Ant [pattern='/logout', POST], Ant [pattern='/logout', PUT], Ant [pattern='/logout', DELETE]]
2023-12-02T18:58:17.029+01:00 TRACE 6940 --- [o-auto-1-exec-3] o.s.security.web.FilterChainProxy        : Invoking BearerTokenAuthenticationFilter (7/13)
2023-12-02T18:58:17.029+01:00 TRACE 6940 --- [o-auto-1-exec-3] .s.r.w.a.BearerTokenAuthenticationFilter : Did not process request since did not find bearer token
2023-12-02T18:58:17.029+01:00 TRACE 6940 --- [o-auto-1-exec-3] o.s.security.web.FilterChainProxy        : Invoking RequestCacheAwareFilter (8/13)
2023-12-02T18:58:17.029+01:00 TRACE 6940 --- [o-auto-1-exec-3] o.s.security.web.FilterChainProxy        : Invoking SecurityContextHolderAwareRequestFilter (9/13)
2023-12-02T18:58:17.029+01:00 TRACE 6940 --- [o-auto-1-exec-3] o.s.security.web.FilterChainProxy        : Invoking AnonymousAuthenticationFilter (10/13)
2023-12-02T18:58:17.029+01:00 TRACE 6940 --- [o-auto-1-exec-3] o.s.security.web.FilterChainProxy        : Invoking SessionManagementFilter (11/13)
2023-12-02T18:58:17.029+01:00 TRACE 6940 --- [o-auto-1-exec-3] .s.s.w.c.SupplierDeferredSecurityContext : Created SecurityContextImpl [Null authentication]
2023-12-02T18:58:17.029+01:00 TRACE 6940 --- [o-auto-1-exec-3] o.s.s.w.a.AnonymousAuthenticationFilter  : Set SecurityContextHolder to AnonymousAuthenticationToken [Principal=anonymousUser, Credentials=[PROTECTED], Authenticated=true, Details=WebAuthenticationDetails [RemoteIpAddress=127.0.0.1, SessionId=null], Granted Authorities=[ROLE_ANONYMOUS]]
2023-12-02T18:58:17.029+01:00 TRACE 6940 --- [o-auto-1-exec-3] o.s.security.web.FilterChainProxy        : Invoking ExceptionTranslationFilter (12/13)
2023-12-02T18:58:17.029+01:00 TRACE 6940 --- [o-auto-1-exec-3] o.s.security.web.FilterChainProxy        : Invoking AuthorizationFilter (13/13)
2023-12-02T18:58:17.029+01:00 TRACE 6940 --- [o-auto-1-exec-3] estMatcherDelegatingAuthorizationManager : Authorizing SecurityContextHolderAwareRequestWrapper[ org.springframework.security.web.header.HeaderWriterFilter$HeaderWriterRequest@1d086617]
2023-12-02T18:58:17.030+01:00 TRACE 6940 --- [o-auto-1-exec-3] estMatcherDelegatingAuthorizationManager : Checking authorization on SecurityContextHolderAwareRequestWrapper[ org.springframework.security.web.header.HeaderWriterFilter$HeaderWriterRequest@1d086617] using org.springframework.security.config.annotation.web.configurers.AuthorizeHttpRequestsConfigurer$$Lambda/0x0000007801c46420@4bb95a37
2023-12-02T18:58:17.030+01:00 DEBUG 6940 --- [o-auto-1-exec-3] o.s.security.web.FilterChainProxy        : Secured POST /token
2023-12-02T18:58:17.031+01:00 TRACE 6940 --- [o-auto-1-exec-3] o.s.s.authentication.ProviderManager     : Authenticating request with DaoAuthenticationProvider (1/1)
2023-12-02T18:58:17.031+01:00 DEBUG 6940 --- [o-auto-1-exec-3] o.s.s.a.dao.DaoAuthenticationProvider    : Authenticated user
2023-12-02T18:58:17.033+01:00 TRACE 6940 --- [o-auto-1-exec-3] o.s.s.w.header.writers.HstsHeaderWriter  : Not injecting HSTS header since it did not match request to [Is Secure]
2023-12-02T18:58:17.035+01:00 TRACE 6940 --- [o-auto-1-exec-4] o.s.security.web.FilterChainProxy        : Trying to match request against DefaultSecurityFilterChain [RequestMatcher=any request, Filters=[org.springframework.security.web.session.DisableEncodeUrlFilter@5575b4c2, org.springframework.security.web.context.request.async.WebAsyncManagerIntegrationFilter@4c89b58, org.springframework.security.web.context.SecurityContextHolderFilter@46611be4, org.springframework.security.web.header.HeaderWriterFilter@7094f0ae, org.springframework.web.filter.CorsFilter@472cf6af, org.springframework.security.web.authentication.logout.LogoutFilter@745690d7, org.springframework.security.oauth2.server.resource.web.authentication.BearerTokenAuthenticationFilter@30f51f8a, org.springframework.security.web.savedrequest.RequestCacheAwareFilter@17e77d57, org.springframework.security.web.servletapi.SecurityContextHolderAwareRequestFilter@2e7da886, org.springframework.security.web.authentication.AnonymousAuthenticationFilter@1fab1909, org.springframework.security.web.session.SessionManagementFilter@46663674, org.springframework.security.web.access.ExceptionTranslationFilter@27d40ca5, org.springframework.security.web.access.intercept.AuthorizationFilter@44e4fa97]] (1/1)
2023-12-02T18:58:17.035+01:00 DEBUG 6940 --- [o-auto-1-exec-4] o.s.security.web.FilterChainProxy        : Securing GET /api/v1/recipe
2023-12-02T18:58:17.035+01:00 TRACE 6940 --- [o-auto-1-exec-4] o.s.security.web.FilterChainProxy        : Invoking DisableEncodeUrlFilter (1/13)
2023-12-02T18:58:17.035+01:00 TRACE 6940 --- [o-auto-1-exec-4] o.s.security.web.FilterChainProxy        : Invoking WebAsyncManagerIntegrationFilter (2/13)
2023-12-02T18:58:17.035+01:00 TRACE 6940 --- [o-auto-1-exec-4] o.s.security.web.FilterChainProxy        : Invoking SecurityContextHolderFilter (3/13)
2023-12-02T18:58:17.035+01:00 TRACE 6940 --- [o-auto-1-exec-4] o.s.security.web.FilterChainProxy        : Invoking HeaderWriterFilter (4/13)
2023-12-02T18:58:17.035+01:00 TRACE 6940 --- [o-auto-1-exec-4] o.s.security.web.FilterChainProxy        : Invoking CorsFilter (5/13)
2023-12-02T18:58:17.036+01:00 TRACE 6940 --- [o-auto-1-exec-4] o.s.security.web.FilterChainProxy        : Invoking LogoutFilter (6/13)
2023-12-02T18:58:17.036+01:00 TRACE 6940 --- [o-auto-1-exec-4] o.s.s.w.a.logout.LogoutFilter            : Did not match request to Or [Ant [pattern='/logout', GET], Ant [pattern='/logout', POST], Ant [pattern='/logout', PUT], Ant [pattern='/logout', DELETE]]
2023-12-02T18:58:17.036+01:00 TRACE 6940 --- [o-auto-1-exec-4] o.s.security.web.FilterChainProxy        : Invoking BearerTokenAuthenticationFilter (7/13)
2023-12-02T18:58:17.036+01:00 TRACE 6940 --- [o-auto-1-exec-4] o.s.s.authentication.ProviderManager     : Authenticating request with JwtAuthenticationProvider (1/2)
2023-12-02T18:58:17.036+01:00 TRACE 6940 --- [o-auto-1-exec-4] s.o.s.r.a.JwtGrantedAuthoritiesConverter : Looking for scopes in claim scope
2023-12-02T18:58:17.036+01:00 DEBUG 6940 --- [o-auto-1-exec-4] o.s.s.o.s.r.a.JwtAuthenticationProvider  : Authenticated token
2023-12-02T18:58:17.036+01:00 DEBUG 6940 --- [o-auto-1-exec-4] .s.r.w.a.BearerTokenAuthenticationFilter : Set SecurityContextHolder to JwtAuthenticationToken [Principal=org.springframework.security.oauth2.jwt.Jwt@9dcdb2b, Credentials=[PROTECTED], Authenticated=true, Details=WebAuthenticationDetails [RemoteIpAddress=127.0.0.1, SessionId=null], Granted Authorities=[SCOPE_read]]
2023-12-02T18:58:17.036+01:00 TRACE 6940 --- [o-auto-1-exec-4] o.s.security.web.FilterChainProxy        : Invoking RequestCacheAwareFilter (8/13)
2023-12-02T18:58:17.036+01:00 TRACE 6940 --- [o-auto-1-exec-4] o.s.security.web.FilterChainProxy        : Invoking SecurityContextHolderAwareRequestFilter (9/13)
2023-12-02T18:58:17.036+01:00 TRACE 6940 --- [o-auto-1-exec-4] o.s.security.web.FilterChainProxy        : Invoking AnonymousAuthenticationFilter (10/13)
2023-12-02T18:58:17.036+01:00 TRACE 6940 --- [o-auto-1-exec-4] o.s.security.web.FilterChainProxy        : Invoking SessionManagementFilter (11/13)
2023-12-02T18:58:17.036+01:00 TRACE 6940 --- [o-auto-1-exec-4] o.s.s.w.a.AnonymousAuthenticationFilter  : Did not set SecurityContextHolder since already authenticated JwtAuthenticationToken [Principal=org.springframework.security.oauth2.jwt.Jwt@9dcdb2b, Credentials=[PROTECTED], Authenticated=true, Details=WebAuthenticationDetails [RemoteIpAddress=127.0.0.1, SessionId=null], Granted Authorities=[SCOPE_read]]
2023-12-02T18:58:17.036+01:00 TRACE 6940 --- [o-auto-1-exec-4] s.CompositeSessionAuthenticationStrategy : Preparing session with ChangeSessionIdAuthenticationStrategy (1/1)
2023-12-02T18:58:17.036+01:00 TRACE 6940 --- [o-auto-1-exec-4] o.s.security.web.FilterChainProxy        : Invoking ExceptionTranslationFilter (12/13)
2023-12-02T18:58:17.036+01:00 TRACE 6940 --- [o-auto-1-exec-4] o.s.security.web.FilterChainProxy        : Invoking AuthorizationFilter (13/13)
2023-12-02T18:58:17.037+01:00 TRACE 6940 --- [o-auto-1-exec-4] estMatcherDelegatingAuthorizationManager : Authorizing SecurityContextHolderAwareRequestWrapper[ org.springframework.security.web.header.HeaderWriterFilter$HeaderWriterRequest@602b0ae0]
2023-12-02T18:58:17.038+01:00 TRACE 6940 --- [o-auto-1-exec-4] estMatcherDelegatingAuthorizationManager : Checking authorization on SecurityContextHolderAwareRequestWrapper[ org.springframework.security.web.header.HeaderWriterFilter$HeaderWriterRequest@602b0ae0] using org.springframework.security.authorization.AuthenticatedAuthorizationManager@6385db
2023-12-02T18:58:17.038+01:00 DEBUG 6940 --- [o-auto-1-exec-4] o.s.security.web.FilterChainProxy        : Secured GET /api/v1/recipe
2023-12-02T18:58:17.038+01:00  INFO 6940 --- [o-auto-1-exec-4] c.a.b.controller.RecipeController        : User mithu initiated load all recipe
Hibernate: select r1_0.id,r1_0.crat_tsp,r1_0.crat_id,r1_0.name,r1_0.no_of_servings,r1_0.upd_tsp,r1_0.upd_id,r1_0.veg from recipe r1_0
2023-12-02T18:58:17.048+01:00 TRACE 6940 --- [o-auto-1-exec-4] o.s.s.w.header.writers.HstsHeaderWriter  : Not injecting HSTS header since it did not match request to [Is Secure]
]]></system-out>
  </testcase>
  <testcase name="shouldUpdateRecipeWhenRecipeIsValid" classname="com.ar.bzassesment.controller.RecipeControllerIntTest" time="0.022">
    <system-out><![CDATA[2023-12-02T18:58:17.054+01:00 TRACE 6940 --- [o-auto-1-exec-5] o.s.security.web.FilterChainProxy        : Trying to match request against DefaultSecurityFilterChain [RequestMatcher=any request, Filters=[org.springframework.security.web.session.DisableEncodeUrlFilter@5575b4c2, org.springframework.security.web.context.request.async.WebAsyncManagerIntegrationFilter@4c89b58, org.springframework.security.web.context.SecurityContextHolderFilter@46611be4, org.springframework.security.web.header.HeaderWriterFilter@7094f0ae, org.springframework.web.filter.CorsFilter@472cf6af, org.springframework.security.web.authentication.logout.LogoutFilter@745690d7, org.springframework.security.oauth2.server.resource.web.authentication.BearerTokenAuthenticationFilter@30f51f8a, org.springframework.security.web.savedrequest.RequestCacheAwareFilter@17e77d57, org.springframework.security.web.servletapi.SecurityContextHolderAwareRequestFilter@2e7da886, org.springframework.security.web.authentication.AnonymousAuthenticationFilter@1fab1909, org.springframework.security.web.session.SessionManagementFilter@46663674, org.springframework.security.web.access.ExceptionTranslationFilter@27d40ca5, org.springframework.security.web.access.intercept.AuthorizationFilter@44e4fa97]] (1/1)
2023-12-02T18:58:17.055+01:00 DEBUG 6940 --- [o-auto-1-exec-5] o.s.security.web.FilterChainProxy        : Securing POST /token
2023-12-02T18:58:17.055+01:00 TRACE 6940 --- [o-auto-1-exec-5] o.s.security.web.FilterChainProxy        : Invoking DisableEncodeUrlFilter (1/13)
2023-12-02T18:58:17.055+01:00 TRACE 6940 --- [o-auto-1-exec-5] o.s.security.web.FilterChainProxy        : Invoking WebAsyncManagerIntegrationFilter (2/13)
2023-12-02T18:58:17.055+01:00 TRACE 6940 --- [o-auto-1-exec-5] o.s.security.web.FilterChainProxy        : Invoking SecurityContextHolderFilter (3/13)
2023-12-02T18:58:17.055+01:00 TRACE 6940 --- [o-auto-1-exec-5] o.s.security.web.FilterChainProxy        : Invoking HeaderWriterFilter (4/13)
2023-12-02T18:58:17.055+01:00 TRACE 6940 --- [o-auto-1-exec-5] o.s.security.web.FilterChainProxy        : Invoking CorsFilter (5/13)
2023-12-02T18:58:17.055+01:00 TRACE 6940 --- [o-auto-1-exec-5] o.s.security.web.FilterChainProxy        : Invoking LogoutFilter (6/13)
2023-12-02T18:58:17.055+01:00 TRACE 6940 --- [o-auto-1-exec-5] o.s.s.w.a.logout.LogoutFilter            : Did not match request to Or [Ant [pattern='/logout', GET], Ant [pattern='/logout', POST], Ant [pattern='/logout', PUT], Ant [pattern='/logout', DELETE]]
2023-12-02T18:58:17.055+01:00 TRACE 6940 --- [o-auto-1-exec-5] o.s.security.web.FilterChainProxy        : Invoking BearerTokenAuthenticationFilter (7/13)
2023-12-02T18:58:17.055+01:00 TRACE 6940 --- [o-auto-1-exec-5] .s.r.w.a.BearerTokenAuthenticationFilter : Did not process request since did not find bearer token
2023-12-02T18:58:17.055+01:00 TRACE 6940 --- [o-auto-1-exec-5] o.s.security.web.FilterChainProxy        : Invoking RequestCacheAwareFilter (8/13)
2023-12-02T18:58:17.055+01:00 TRACE 6940 --- [o-auto-1-exec-5] o.s.security.web.FilterChainProxy        : Invoking SecurityContextHolderAwareRequestFilter (9/13)
2023-12-02T18:58:17.055+01:00 TRACE 6940 --- [o-auto-1-exec-5] o.s.security.web.FilterChainProxy        : Invoking AnonymousAuthenticationFilter (10/13)
2023-12-02T18:58:17.055+01:00 TRACE 6940 --- [o-auto-1-exec-5] o.s.security.web.FilterChainProxy        : Invoking SessionManagementFilter (11/13)
2023-12-02T18:58:17.055+01:00 TRACE 6940 --- [o-auto-1-exec-5] .s.s.w.c.SupplierDeferredSecurityContext : Created SecurityContextImpl [Null authentication]
2023-12-02T18:58:17.055+01:00 TRACE 6940 --- [o-auto-1-exec-5] o.s.s.w.a.AnonymousAuthenticationFilter  : Set SecurityContextHolder to AnonymousAuthenticationToken [Principal=anonymousUser, Credentials=[PROTECTED], Authenticated=true, Details=WebAuthenticationDetails [RemoteIpAddress=127.0.0.1, SessionId=null], Granted Authorities=[ROLE_ANONYMOUS]]
2023-12-02T18:58:17.055+01:00 TRACE 6940 --- [o-auto-1-exec-5] o.s.security.web.FilterChainProxy        : Invoking ExceptionTranslationFilter (12/13)
2023-12-02T18:58:17.055+01:00 TRACE 6940 --- [o-auto-1-exec-5] o.s.security.web.FilterChainProxy        : Invoking AuthorizationFilter (13/13)
2023-12-02T18:58:17.055+01:00 TRACE 6940 --- [o-auto-1-exec-5] estMatcherDelegatingAuthorizationManager : Authorizing SecurityContextHolderAwareRequestWrapper[ org.springframework.security.web.header.HeaderWriterFilter$HeaderWriterRequest@5cb38a95]
2023-12-02T18:58:17.056+01:00 TRACE 6940 --- [o-auto-1-exec-5] estMatcherDelegatingAuthorizationManager : Checking authorization on SecurityContextHolderAwareRequestWrapper[ org.springframework.security.web.header.HeaderWriterFilter$HeaderWriterRequest@5cb38a95] using org.springframework.security.config.annotation.web.configurers.AuthorizeHttpRequestsConfigurer$$Lambda/0x0000007801c46420@4bb95a37
2023-12-02T18:58:17.056+01:00 DEBUG 6940 --- [o-auto-1-exec-5] o.s.security.web.FilterChainProxy        : Secured POST /token
2023-12-02T18:58:17.057+01:00 TRACE 6940 --- [o-auto-1-exec-5] o.s.s.authentication.ProviderManager     : Authenticating request with DaoAuthenticationProvider (1/1)
2023-12-02T18:58:17.057+01:00 DEBUG 6940 --- [o-auto-1-exec-5] o.s.s.a.dao.DaoAuthenticationProvider    : Authenticated user
2023-12-02T18:58:17.058+01:00 TRACE 6940 --- [o-auto-1-exec-5] o.s.s.w.header.writers.HstsHeaderWriter  : Not injecting HSTS header since it did not match request to [Is Secure]
2023-12-02T18:58:17.060+01:00 TRACE 6940 --- [o-auto-1-exec-6] o.s.security.web.FilterChainProxy        : Trying to match request against DefaultSecurityFilterChain [RequestMatcher=any request, Filters=[org.springframework.security.web.session.DisableEncodeUrlFilter@5575b4c2, org.springframework.security.web.context.request.async.WebAsyncManagerIntegrationFilter@4c89b58, org.springframework.security.web.context.SecurityContextHolderFilter@46611be4, org.springframework.security.web.header.HeaderWriterFilter@7094f0ae, org.springframework.web.filter.CorsFilter@472cf6af, org.springframework.security.web.authentication.logout.LogoutFilter@745690d7, org.springframework.security.oauth2.server.resource.web.authentication.BearerTokenAuthenticationFilter@30f51f8a, org.springframework.security.web.savedrequest.RequestCacheAwareFilter@17e77d57, org.springframework.security.web.servletapi.SecurityContextHolderAwareRequestFilter@2e7da886, org.springframework.security.web.authentication.AnonymousAuthenticationFilter@1fab1909, org.springframework.security.web.session.SessionManagementFilter@46663674, org.springframework.security.web.access.ExceptionTranslationFilter@27d40ca5, org.springframework.security.web.access.intercept.AuthorizationFilter@44e4fa97]] (1/1)
2023-12-02T18:58:17.060+01:00 DEBUG 6940 --- [o-auto-1-exec-6] o.s.security.web.FilterChainProxy        : Securing PUT /api/v1/recipe/1
2023-12-02T18:58:17.060+01:00 TRACE 6940 --- [o-auto-1-exec-6] o.s.security.web.FilterChainProxy        : Invoking DisableEncodeUrlFilter (1/13)
2023-12-02T18:58:17.060+01:00 TRACE 6940 --- [o-auto-1-exec-6] o.s.security.web.FilterChainProxy        : Invoking WebAsyncManagerIntegrationFilter (2/13)
2023-12-02T18:58:17.061+01:00 TRACE 6940 --- [o-auto-1-exec-6] o.s.security.web.FilterChainProxy        : Invoking SecurityContextHolderFilter (3/13)
2023-12-02T18:58:17.061+01:00 TRACE 6940 --- [o-auto-1-exec-6] o.s.security.web.FilterChainProxy        : Invoking HeaderWriterFilter (4/13)
2023-12-02T18:58:17.061+01:00 TRACE 6940 --- [o-auto-1-exec-6] o.s.security.web.FilterChainProxy        : Invoking CorsFilter (5/13)
2023-12-02T18:58:17.061+01:00 TRACE 6940 --- [o-auto-1-exec-6] o.s.security.web.FilterChainProxy        : Invoking LogoutFilter (6/13)
2023-12-02T18:58:17.061+01:00 TRACE 6940 --- [o-auto-1-exec-6] o.s.s.w.a.logout.LogoutFilter            : Did not match request to Or [Ant [pattern='/logout', GET], Ant [pattern='/logout', POST], Ant [pattern='/logout', PUT], Ant [pattern='/logout', DELETE]]
2023-12-02T18:58:17.061+01:00 TRACE 6940 --- [o-auto-1-exec-6] o.s.security.web.FilterChainProxy        : Invoking BearerTokenAuthenticationFilter (7/13)
2023-12-02T18:58:17.061+01:00 TRACE 6940 --- [o-auto-1-exec-6] o.s.s.authentication.ProviderManager     : Authenticating request with JwtAuthenticationProvider (1/2)
2023-12-02T18:58:17.061+01:00 TRACE 6940 --- [o-auto-1-exec-6] s.o.s.r.a.JwtGrantedAuthoritiesConverter : Looking for scopes in claim scope
2023-12-02T18:58:17.061+01:00 DEBUG 6940 --- [o-auto-1-exec-6] o.s.s.o.s.r.a.JwtAuthenticationProvider  : Authenticated token
2023-12-02T18:58:17.061+01:00 DEBUG 6940 --- [o-auto-1-exec-6] .s.r.w.a.BearerTokenAuthenticationFilter : Set SecurityContextHolder to JwtAuthenticationToken [Principal=org.springframework.security.oauth2.jwt.Jwt@9dcdb2b, Credentials=[PROTECTED], Authenticated=true, Details=WebAuthenticationDetails [RemoteIpAddress=127.0.0.1, SessionId=null], Granted Authorities=[SCOPE_read]]
2023-12-02T18:58:17.061+01:00 TRACE 6940 --- [o-auto-1-exec-6] o.s.security.web.FilterChainProxy        : Invoking RequestCacheAwareFilter (8/13)
2023-12-02T18:58:17.061+01:00 TRACE 6940 --- [o-auto-1-exec-6] o.s.security.web.FilterChainProxy        : Invoking SecurityContextHolderAwareRequestFilter (9/13)
2023-12-02T18:58:17.061+01:00 TRACE 6940 --- [o-auto-1-exec-6] o.s.security.web.FilterChainProxy        : Invoking AnonymousAuthenticationFilter (10/13)
2023-12-02T18:58:17.061+01:00 TRACE 6940 --- [o-auto-1-exec-6] o.s.security.web.FilterChainProxy        : Invoking SessionManagementFilter (11/13)
2023-12-02T18:58:17.061+01:00 TRACE 6940 --- [o-auto-1-exec-6] o.s.s.w.a.AnonymousAuthenticationFilter  : Did not set SecurityContextHolder since already authenticated JwtAuthenticationToken [Principal=org.springframework.security.oauth2.jwt.Jwt@9dcdb2b, Credentials=[PROTECTED], Authenticated=true, Details=WebAuthenticationDetails [RemoteIpAddress=127.0.0.1, SessionId=null], Granted Authorities=[SCOPE_read]]
2023-12-02T18:58:17.061+01:00 TRACE 6940 --- [o-auto-1-exec-6] s.CompositeSessionAuthenticationStrategy : Preparing session with ChangeSessionIdAuthenticationStrategy (1/1)
2023-12-02T18:58:17.061+01:00 TRACE 6940 --- [o-auto-1-exec-6] o.s.security.web.FilterChainProxy        : Invoking ExceptionTranslationFilter (12/13)
2023-12-02T18:58:17.061+01:00 TRACE 6940 --- [o-auto-1-exec-6] o.s.security.web.FilterChainProxy        : Invoking AuthorizationFilter (13/13)
2023-12-02T18:58:17.061+01:00 TRACE 6940 --- [o-auto-1-exec-6] estMatcherDelegatingAuthorizationManager : Authorizing SecurityContextHolderAwareRequestWrapper[ org.springframework.security.web.header.HeaderWriterFilter$HeaderWriterRequest@844e32d]
2023-12-02T18:58:17.062+01:00 TRACE 6940 --- [o-auto-1-exec-6] estMatcherDelegatingAuthorizationManager : Checking authorization on SecurityContextHolderAwareRequestWrapper[ org.springframework.security.web.header.HeaderWriterFilter$HeaderWriterRequest@844e32d] using org.springframework.security.authorization.AuthenticatedAuthorizationManager@6385db
2023-12-02T18:58:17.063+01:00 DEBUG 6940 --- [o-auto-1-exec-6] o.s.security.web.FilterChainProxy        : Secured PUT /api/v1/recipe/1
2023-12-02T18:58:17.064+01:00  INFO 6940 --- [o-auto-1-exec-6] c.a.b.controller.RecipeController        : User mithu updating the recipe id 1
Hibernate: select r1_0.id,r1_0.crat_tsp,r1_0.crat_id,r1_0.name,r1_0.no_of_servings,r1_0.upd_tsp,r1_0.upd_id,r1_0.veg from recipe r1_0 where r1_0.id=?
2023-12-02T18:58:17.071+01:00 TRACE 6940 --- [o-auto-1-exec-6] o.s.s.w.header.writers.HstsHeaderWriter  : Not injecting HSTS header since it did not match request to [Is Secure]
]]></system-out>
  </testcase>
  <testcase name="shouldCreateNewRecipeWhenRecipeIsValid" classname="com.ar.bzassesment.controller.RecipeControllerIntTest" time="0.056">
    <system-out><![CDATA[2023-12-02T18:58:17.077+01:00 TRACE 6940 --- [o-auto-1-exec-7] o.s.security.web.FilterChainProxy        : Trying to match request against DefaultSecurityFilterChain [RequestMatcher=any request, Filters=[org.springframework.security.web.session.DisableEncodeUrlFilter@5575b4c2, org.springframework.security.web.context.request.async.WebAsyncManagerIntegrationFilter@4c89b58, org.springframework.security.web.context.SecurityContextHolderFilter@46611be4, org.springframework.security.web.header.HeaderWriterFilter@7094f0ae, org.springframework.web.filter.CorsFilter@472cf6af, org.springframework.security.web.authentication.logout.LogoutFilter@745690d7, org.springframework.security.oauth2.server.resource.web.authentication.BearerTokenAuthenticationFilter@30f51f8a, org.springframework.security.web.savedrequest.RequestCacheAwareFilter@17e77d57, org.springframework.security.web.servletapi.SecurityContextHolderAwareRequestFilter@2e7da886, org.springframework.security.web.authentication.AnonymousAuthenticationFilter@1fab1909, org.springframework.security.web.session.SessionManagementFilter@46663674, org.springframework.security.web.access.ExceptionTranslationFilter@27d40ca5, org.springframework.security.web.access.intercept.AuthorizationFilter@44e4fa97]] (1/1)
2023-12-02T18:58:17.077+01:00 DEBUG 6940 --- [o-auto-1-exec-7] o.s.security.web.FilterChainProxy        : Securing POST /token
2023-12-02T18:58:17.077+01:00 TRACE 6940 --- [o-auto-1-exec-7] o.s.security.web.FilterChainProxy        : Invoking DisableEncodeUrlFilter (1/13)
2023-12-02T18:58:17.077+01:00 TRACE 6940 --- [o-auto-1-exec-7] o.s.security.web.FilterChainProxy        : Invoking WebAsyncManagerIntegrationFilter (2/13)
2023-12-02T18:58:17.077+01:00 TRACE 6940 --- [o-auto-1-exec-7] o.s.security.web.FilterChainProxy        : Invoking SecurityContextHolderFilter (3/13)
2023-12-02T18:58:17.077+01:00 TRACE 6940 --- [o-auto-1-exec-7] o.s.security.web.FilterChainProxy        : Invoking HeaderWriterFilter (4/13)
2023-12-02T18:58:17.077+01:00 TRACE 6940 --- [o-auto-1-exec-7] o.s.security.web.FilterChainProxy        : Invoking CorsFilter (5/13)
2023-12-02T18:58:17.077+01:00 TRACE 6940 --- [o-auto-1-exec-7] o.s.security.web.FilterChainProxy        : Invoking LogoutFilter (6/13)
2023-12-02T18:58:17.077+01:00 TRACE 6940 --- [o-auto-1-exec-7] o.s.s.w.a.logout.LogoutFilter            : Did not match request to Or [Ant [pattern='/logout', GET], Ant [pattern='/logout', POST], Ant [pattern='/logout', PUT], Ant [pattern='/logout', DELETE]]
2023-12-02T18:58:17.077+01:00 TRACE 6940 --- [o-auto-1-exec-7] o.s.security.web.FilterChainProxy        : Invoking BearerTokenAuthenticationFilter (7/13)
2023-12-02T18:58:17.077+01:00 TRACE 6940 --- [o-auto-1-exec-7] .s.r.w.a.BearerTokenAuthenticationFilter : Did not process request since did not find bearer token
2023-12-02T18:58:17.077+01:00 TRACE 6940 --- [o-auto-1-exec-7] o.s.security.web.FilterChainProxy        : Invoking RequestCacheAwareFilter (8/13)
2023-12-02T18:58:17.077+01:00 TRACE 6940 --- [o-auto-1-exec-7] o.s.security.web.FilterChainProxy        : Invoking SecurityContextHolderAwareRequestFilter (9/13)
2023-12-02T18:58:17.077+01:00 TRACE 6940 --- [o-auto-1-exec-7] o.s.security.web.FilterChainProxy        : Invoking AnonymousAuthenticationFilter (10/13)
2023-12-02T18:58:17.077+01:00 TRACE 6940 --- [o-auto-1-exec-7] o.s.security.web.FilterChainProxy        : Invoking SessionManagementFilter (11/13)
2023-12-02T18:58:17.077+01:00 TRACE 6940 --- [o-auto-1-exec-7] .s.s.w.c.SupplierDeferredSecurityContext : Created SecurityContextImpl [Null authentication]
2023-12-02T18:58:17.077+01:00 TRACE 6940 --- [o-auto-1-exec-7] o.s.s.w.a.AnonymousAuthenticationFilter  : Set SecurityContextHolder to AnonymousAuthenticationToken [Principal=anonymousUser, Credentials=[PROTECTED], Authenticated=true, Details=WebAuthenticationDetails [RemoteIpAddress=127.0.0.1, SessionId=null], Granted Authorities=[ROLE_ANONYMOUS]]
2023-12-02T18:58:17.077+01:00 TRACE 6940 --- [o-auto-1-exec-7] o.s.security.web.FilterChainProxy        : Invoking ExceptionTranslationFilter (12/13)
2023-12-02T18:58:17.078+01:00 TRACE 6940 --- [o-auto-1-exec-7] o.s.security.web.FilterChainProxy        : Invoking AuthorizationFilter (13/13)
2023-12-02T18:58:17.078+01:00 TRACE 6940 --- [o-auto-1-exec-7] estMatcherDelegatingAuthorizationManager : Authorizing SecurityContextHolderAwareRequestWrapper[ org.springframework.security.web.header.HeaderWriterFilter$HeaderWriterRequest@6382e840]
2023-12-02T18:58:17.078+01:00 TRACE 6940 --- [o-auto-1-exec-7] estMatcherDelegatingAuthorizationManager : Checking authorization on SecurityContextHolderAwareRequestWrapper[ org.springframework.security.web.header.HeaderWriterFilter$HeaderWriterRequest@6382e840] using org.springframework.security.config.annotation.web.configurers.AuthorizeHttpRequestsConfigurer$$Lambda/0x0000007801c46420@4bb95a37
2023-12-02T18:58:17.078+01:00 DEBUG 6940 --- [o-auto-1-exec-7] o.s.security.web.FilterChainProxy        : Secured POST /token
2023-12-02T18:58:17.079+01:00 TRACE 6940 --- [o-auto-1-exec-7] o.s.s.authentication.ProviderManager     : Authenticating request with DaoAuthenticationProvider (1/1)
2023-12-02T18:58:17.079+01:00 DEBUG 6940 --- [o-auto-1-exec-7] o.s.s.a.dao.DaoAuthenticationProvider    : Authenticated user
2023-12-02T18:58:17.080+01:00 TRACE 6940 --- [o-auto-1-exec-7] o.s.s.w.header.writers.HstsHeaderWriter  : Not injecting HSTS header since it did not match request to [Is Secure]
2023-12-02T18:58:17.083+01:00 TRACE 6940 --- [o-auto-1-exec-8] o.s.security.web.FilterChainProxy        : Trying to match request against DefaultSecurityFilterChain [RequestMatcher=any request, Filters=[org.springframework.security.web.session.DisableEncodeUrlFilter@5575b4c2, org.springframework.security.web.context.request.async.WebAsyncManagerIntegrationFilter@4c89b58, org.springframework.security.web.context.SecurityContextHolderFilter@46611be4, org.springframework.security.web.header.HeaderWriterFilter@7094f0ae, org.springframework.web.filter.CorsFilter@472cf6af, org.springframework.security.web.authentication.logout.LogoutFilter@745690d7, org.springframework.security.oauth2.server.resource.web.authentication.BearerTokenAuthenticationFilter@30f51f8a, org.springframework.security.web.savedrequest.RequestCacheAwareFilter@17e77d57, org.springframework.security.web.servletapi.SecurityContextHolderAwareRequestFilter@2e7da886, org.springframework.security.web.authentication.AnonymousAuthenticationFilter@1fab1909, org.springframework.security.web.session.SessionManagementFilter@46663674, org.springframework.security.web.access.ExceptionTranslationFilter@27d40ca5, org.springframework.security.web.access.intercept.AuthorizationFilter@44e4fa97]] (1/1)
2023-12-02T18:58:17.083+01:00 DEBUG 6940 --- [o-auto-1-exec-8] o.s.security.web.FilterChainProxy        : Securing POST /api/v1/recipe
2023-12-02T18:58:17.083+01:00 TRACE 6940 --- [o-auto-1-exec-8] o.s.security.web.FilterChainProxy        : Invoking DisableEncodeUrlFilter (1/13)
2023-12-02T18:58:17.083+01:00 TRACE 6940 --- [o-auto-1-exec-8] o.s.security.web.FilterChainProxy        : Invoking WebAsyncManagerIntegrationFilter (2/13)
2023-12-02T18:58:17.083+01:00 TRACE 6940 --- [o-auto-1-exec-8] o.s.security.web.FilterChainProxy        : Invoking SecurityContextHolderFilter (3/13)
2023-12-02T18:58:17.083+01:00 TRACE 6940 --- [o-auto-1-exec-8] o.s.security.web.FilterChainProxy        : Invoking HeaderWriterFilter (4/13)
2023-12-02T18:58:17.083+01:00 TRACE 6940 --- [o-auto-1-exec-8] o.s.security.web.FilterChainProxy        : Invoking CorsFilter (5/13)
2023-12-02T18:58:17.083+01:00 TRACE 6940 --- [o-auto-1-exec-8] o.s.security.web.FilterChainProxy        : Invoking LogoutFilter (6/13)
2023-12-02T18:58:17.083+01:00 TRACE 6940 --- [o-auto-1-exec-8] o.s.s.w.a.logout.LogoutFilter            : Did not match request to Or [Ant [pattern='/logout', GET], Ant [pattern='/logout', POST], Ant [pattern='/logout', PUT], Ant [pattern='/logout', DELETE]]
2023-12-02T18:58:17.083+01:00 TRACE 6940 --- [o-auto-1-exec-8] o.s.security.web.FilterChainProxy        : Invoking BearerTokenAuthenticationFilter (7/13)
2023-12-02T18:58:17.083+01:00 TRACE 6940 --- [o-auto-1-exec-8] o.s.s.authentication.ProviderManager     : Authenticating request with JwtAuthenticationProvider (1/2)
2023-12-02T18:58:17.084+01:00 TRACE 6940 --- [o-auto-1-exec-8] s.o.s.r.a.JwtGrantedAuthoritiesConverter : Looking for scopes in claim scope
2023-12-02T18:58:17.084+01:00 DEBUG 6940 --- [o-auto-1-exec-8] o.s.s.o.s.r.a.JwtAuthenticationProvider  : Authenticated token
2023-12-02T18:58:17.084+01:00 DEBUG 6940 --- [o-auto-1-exec-8] .s.r.w.a.BearerTokenAuthenticationFilter : Set SecurityContextHolder to JwtAuthenticationToken [Principal=org.springframework.security.oauth2.jwt.Jwt@9dcdb2b, Credentials=[PROTECTED], Authenticated=true, Details=WebAuthenticationDetails [RemoteIpAddress=127.0.0.1, SessionId=null], Granted Authorities=[SCOPE_read]]
2023-12-02T18:58:17.084+01:00 TRACE 6940 --- [o-auto-1-exec-8] o.s.security.web.FilterChainProxy        : Invoking RequestCacheAwareFilter (8/13)
2023-12-02T18:58:17.084+01:00 TRACE 6940 --- [o-auto-1-exec-8] o.s.security.web.FilterChainProxy        : Invoking SecurityContextHolderAwareRequestFilter (9/13)
2023-12-02T18:58:17.084+01:00 TRACE 6940 --- [o-auto-1-exec-8] o.s.security.web.FilterChainProxy        : Invoking AnonymousAuthenticationFilter (10/13)
2023-12-02T18:58:17.084+01:00 TRACE 6940 --- [o-auto-1-exec-8] o.s.security.web.FilterChainProxy        : Invoking SessionManagementFilter (11/13)
2023-12-02T18:58:17.084+01:00 TRACE 6940 --- [o-auto-1-exec-8] o.s.s.w.a.AnonymousAuthenticationFilter  : Did not set SecurityContextHolder since already authenticated JwtAuthenticationToken [Principal=org.springframework.security.oauth2.jwt.Jwt@9dcdb2b, Credentials=[PROTECTED], Authenticated=true, Details=WebAuthenticationDetails [RemoteIpAddress=127.0.0.1, SessionId=null], Granted Authorities=[SCOPE_read]]
2023-12-02T18:58:17.084+01:00 TRACE 6940 --- [o-auto-1-exec-8] s.CompositeSessionAuthenticationStrategy : Preparing session with ChangeSessionIdAuthenticationStrategy (1/1)
2023-12-02T18:58:17.084+01:00 TRACE 6940 --- [o-auto-1-exec-8] o.s.security.web.FilterChainProxy        : Invoking ExceptionTranslationFilter (12/13)
2023-12-02T18:58:17.084+01:00 TRACE 6940 --- [o-auto-1-exec-8] o.s.security.web.FilterChainProxy        : Invoking AuthorizationFilter (13/13)
2023-12-02T18:58:17.084+01:00 TRACE 6940 --- [o-auto-1-exec-8] estMatcherDelegatingAuthorizationManager : Authorizing SecurityContextHolderAwareRequestWrapper[ org.springframework.security.web.header.HeaderWriterFilter$HeaderWriterRequest@4225b2a8]
2023-12-02T18:58:17.084+01:00 TRACE 6940 --- [o-auto-1-exec-8] estMatcherDelegatingAuthorizationManager : Checking authorization on SecurityContextHolderAwareRequestWrapper[ org.springframework.security.web.header.HeaderWriterFilter$HeaderWriterRequest@4225b2a8] using org.springframework.security.authorization.AuthenticatedAuthorizationManager@6385db
2023-12-02T18:58:17.085+01:00 DEBUG 6940 --- [o-auto-1-exec-8] o.s.security.web.FilterChainProxy        : Secured POST /api/v1/recipe
2023-12-02T18:58:17.085+01:00  INFO 6940 --- [o-auto-1-exec-8] c.a.b.controller.RecipeController        : User mithu creating new recipe
Hibernate: select i1_0.id,i1_0.crat_tsp,i1_0.crat_id,i1_0.name,i1_0.upd_tsp,i1_0.upd_id from ingredients i1_0 where i1_0.name=?
Hibernate: select i1_0.id,i1_0.crat_tsp,i1_0.crat_id,i1_0.name,i1_0.upd_tsp,i1_0.upd_id from ingredients i1_0 where i1_0.name=?
Hibernate: select i1_0.id,i1_0.crat_tsp,i1_0.crat_id,i1_0.name,i1_0.upd_tsp,i1_0.upd_id from ingredients i1_0 where i1_0.name=?
Hibernate: select nextval('recipe_seq')
Hibernate: select nextval('instructions_seq')
Hibernate: select nextval('recipe_ingredients_seq')
Hibernate: select nextval('recipe_ingredients_seq')
Hibernate: select nextval('recipe_ingredients_seq')
Hibernate: insert into recipe (crat_tsp,crat_id,name,no_of_servings,upd_tsp,upd_id,veg,id) values (?,?,?,?,?,?,?,?)
Hibernate: insert into instructions (crat_tsp,crat_id,ins_steps,recipe_id,upd_tsp,upd_id,id) values (?,?,?,?,?,?,?)
Hibernate: insert into recipe_ingredients (ingredients_id,recipe_id,id) values (?,?,?)
Hibernate: insert into recipe_ingredients (ingredients_id,recipe_id,id) values (?,?,?)
Hibernate: insert into recipe_ingredients (ingredients_id,recipe_id,id) values (?,?,?)
2023-12-02T18:58:17.127+01:00  INFO 6940 --- [o-auto-1-exec-8] c.a.b.controller.RecipeController        : User mithu create new recipe
2023-12-02T18:58:17.128+01:00 TRACE 6940 --- [o-auto-1-exec-8] o.s.s.w.header.writers.HstsHeaderWriter  : Not injecting HSTS header since it did not match request to [Is Secure]
]]></system-out>
  </testcase>
  <testcase name="shouldNotCreateNewRecipeWhenRecipeNameIsMissing" classname="com.ar.bzassesment.controller.RecipeControllerIntTest" time="0.016">
    <system-out><![CDATA[2023-12-02T18:58:17.134+01:00 TRACE 6940 --- [o-auto-1-exec-9] o.s.security.web.FilterChainProxy        : Trying to match request against DefaultSecurityFilterChain [RequestMatcher=any request, Filters=[org.springframework.security.web.session.DisableEncodeUrlFilter@5575b4c2, org.springframework.security.web.context.request.async.WebAsyncManagerIntegrationFilter@4c89b58, org.springframework.security.web.context.SecurityContextHolderFilter@46611be4, org.springframework.security.web.header.HeaderWriterFilter@7094f0ae, org.springframework.web.filter.CorsFilter@472cf6af, org.springframework.security.web.authentication.logout.LogoutFilter@745690d7, org.springframework.security.oauth2.server.resource.web.authentication.BearerTokenAuthenticationFilter@30f51f8a, org.springframework.security.web.savedrequest.RequestCacheAwareFilter@17e77d57, org.springframework.security.web.servletapi.SecurityContextHolderAwareRequestFilter@2e7da886, org.springframework.security.web.authentication.AnonymousAuthenticationFilter@1fab1909, org.springframework.security.web.session.SessionManagementFilter@46663674, org.springframework.security.web.access.ExceptionTranslationFilter@27d40ca5, org.springframework.security.web.access.intercept.AuthorizationFilter@44e4fa97]] (1/1)
2023-12-02T18:58:17.134+01:00 DEBUG 6940 --- [o-auto-1-exec-9] o.s.security.web.FilterChainProxy        : Securing POST /token
2023-12-02T18:58:17.134+01:00 TRACE 6940 --- [o-auto-1-exec-9] o.s.security.web.FilterChainProxy        : Invoking DisableEncodeUrlFilter (1/13)
2023-12-02T18:58:17.134+01:00 TRACE 6940 --- [o-auto-1-exec-9] o.s.security.web.FilterChainProxy        : Invoking WebAsyncManagerIntegrationFilter (2/13)
2023-12-02T18:58:17.134+01:00 TRACE 6940 --- [o-auto-1-exec-9] o.s.security.web.FilterChainProxy        : Invoking SecurityContextHolderFilter (3/13)
2023-12-02T18:58:17.134+01:00 TRACE 6940 --- [o-auto-1-exec-9] o.s.security.web.FilterChainProxy        : Invoking HeaderWriterFilter (4/13)
2023-12-02T18:58:17.134+01:00 TRACE 6940 --- [o-auto-1-exec-9] o.s.security.web.FilterChainProxy        : Invoking CorsFilter (5/13)
2023-12-02T18:58:17.134+01:00 TRACE 6940 --- [o-auto-1-exec-9] o.s.security.web.FilterChainProxy        : Invoking LogoutFilter (6/13)
2023-12-02T18:58:17.134+01:00 TRACE 6940 --- [o-auto-1-exec-9] o.s.s.w.a.logout.LogoutFilter            : Did not match request to Or [Ant [pattern='/logout', GET], Ant [pattern='/logout', POST], Ant [pattern='/logout', PUT], Ant [pattern='/logout', DELETE]]
2023-12-02T18:58:17.134+01:00 TRACE 6940 --- [o-auto-1-exec-9] o.s.security.web.FilterChainProxy        : Invoking BearerTokenAuthenticationFilter (7/13)
2023-12-02T18:58:17.134+01:00 TRACE 6940 --- [o-auto-1-exec-9] .s.r.w.a.BearerTokenAuthenticationFilter : Did not process request since did not find bearer token
2023-12-02T18:58:17.134+01:00 TRACE 6940 --- [o-auto-1-exec-9] o.s.security.web.FilterChainProxy        : Invoking RequestCacheAwareFilter (8/13)
2023-12-02T18:58:17.134+01:00 TRACE 6940 --- [o-auto-1-exec-9] o.s.security.web.FilterChainProxy        : Invoking SecurityContextHolderAwareRequestFilter (9/13)
2023-12-02T18:58:17.134+01:00 TRACE 6940 --- [o-auto-1-exec-9] o.s.security.web.FilterChainProxy        : Invoking AnonymousAuthenticationFilter (10/13)
2023-12-02T18:58:17.134+01:00 TRACE 6940 --- [o-auto-1-exec-9] o.s.security.web.FilterChainProxy        : Invoking SessionManagementFilter (11/13)
2023-12-02T18:58:17.134+01:00 TRACE 6940 --- [o-auto-1-exec-9] .s.s.w.c.SupplierDeferredSecurityContext : Created SecurityContextImpl [Null authentication]
2023-12-02T18:58:17.135+01:00 TRACE 6940 --- [o-auto-1-exec-9] o.s.s.w.a.AnonymousAuthenticationFilter  : Set SecurityContextHolder to AnonymousAuthenticationToken [Principal=anonymousUser, Credentials=[PROTECTED], Authenticated=true, Details=WebAuthenticationDetails [RemoteIpAddress=127.0.0.1, SessionId=null], Granted Authorities=[ROLE_ANONYMOUS]]
2023-12-02T18:58:17.135+01:00 TRACE 6940 --- [o-auto-1-exec-9] o.s.security.web.FilterChainProxy        : Invoking ExceptionTranslationFilter (12/13)
2023-12-02T18:58:17.135+01:00 TRACE 6940 --- [o-auto-1-exec-9] o.s.security.web.FilterChainProxy        : Invoking AuthorizationFilter (13/13)
2023-12-02T18:58:17.135+01:00 TRACE 6940 --- [o-auto-1-exec-9] estMatcherDelegatingAuthorizationManager : Authorizing SecurityContextHolderAwareRequestWrapper[ org.springframework.security.web.header.HeaderWriterFilter$HeaderWriterRequest@789ccaf9]
2023-12-02T18:58:17.135+01:00 TRACE 6940 --- [o-auto-1-exec-9] estMatcherDelegatingAuthorizationManager : Checking authorization on SecurityContextHolderAwareRequestWrapper[ org.springframework.security.web.header.HeaderWriterFilter$HeaderWriterRequest@789ccaf9] using org.springframework.security.config.annotation.web.configurers.AuthorizeHttpRequestsConfigurer$$Lambda/0x0000007801c46420@4bb95a37
2023-12-02T18:58:17.135+01:00 DEBUG 6940 --- [o-auto-1-exec-9] o.s.security.web.FilterChainProxy        : Secured POST /token
2023-12-02T18:58:17.137+01:00 TRACE 6940 --- [o-auto-1-exec-9] o.s.s.authentication.ProviderManager     : Authenticating request with DaoAuthenticationProvider (1/1)
2023-12-02T18:58:17.137+01:00 DEBUG 6940 --- [o-auto-1-exec-9] o.s.s.a.dao.DaoAuthenticationProvider    : Authenticated user
2023-12-02T18:58:17.138+01:00 TRACE 6940 --- [o-auto-1-exec-9] o.s.s.w.header.writers.HstsHeaderWriter  : Not injecting HSTS header since it did not match request to [Is Secure]
2023-12-02T18:58:17.141+01:00 TRACE 6940 --- [-auto-1-exec-10] o.s.security.web.FilterChainProxy        : Trying to match request against DefaultSecurityFilterChain [RequestMatcher=any request, Filters=[org.springframework.security.web.session.DisableEncodeUrlFilter@5575b4c2, org.springframework.security.web.context.request.async.WebAsyncManagerIntegrationFilter@4c89b58, org.springframework.security.web.context.SecurityContextHolderFilter@46611be4, org.springframework.security.web.header.HeaderWriterFilter@7094f0ae, org.springframework.web.filter.CorsFilter@472cf6af, org.springframework.security.web.authentication.logout.LogoutFilter@745690d7, org.springframework.security.oauth2.server.resource.web.authentication.BearerTokenAuthenticationFilter@30f51f8a, org.springframework.security.web.savedrequest.RequestCacheAwareFilter@17e77d57, org.springframework.security.web.servletapi.SecurityContextHolderAwareRequestFilter@2e7da886, org.springframework.security.web.authentication.AnonymousAuthenticationFilter@1fab1909, org.springframework.security.web.session.SessionManagementFilter@46663674, org.springframework.security.web.access.ExceptionTranslationFilter@27d40ca5, org.springframework.security.web.access.intercept.AuthorizationFilter@44e4fa97]] (1/1)
2023-12-02T18:58:17.141+01:00 DEBUG 6940 --- [-auto-1-exec-10] o.s.security.web.FilterChainProxy        : Securing POST /api/v1/recipe
2023-12-02T18:58:17.141+01:00 TRACE 6940 --- [-auto-1-exec-10] o.s.security.web.FilterChainProxy        : Invoking DisableEncodeUrlFilter (1/13)
2023-12-02T18:58:17.141+01:00 TRACE 6940 --- [-auto-1-exec-10] o.s.security.web.FilterChainProxy        : Invoking WebAsyncManagerIntegrationFilter (2/13)
2023-12-02T18:58:17.141+01:00 TRACE 6940 --- [-auto-1-exec-10] o.s.security.web.FilterChainProxy        : Invoking SecurityContextHolderFilter (3/13)
2023-12-02T18:58:17.141+01:00 TRACE 6940 --- [-auto-1-exec-10] o.s.security.web.FilterChainProxy        : Invoking HeaderWriterFilter (4/13)
2023-12-02T18:58:17.141+01:00 TRACE 6940 --- [-auto-1-exec-10] o.s.security.web.FilterChainProxy        : Invoking CorsFilter (5/13)
2023-12-02T18:58:17.142+01:00 TRACE 6940 --- [-auto-1-exec-10] o.s.security.web.FilterChainProxy        : Invoking LogoutFilter (6/13)
2023-12-02T18:58:17.142+01:00 TRACE 6940 --- [-auto-1-exec-10] o.s.s.w.a.logout.LogoutFilter            : Did not match request to Or [Ant [pattern='/logout', GET], Ant [pattern='/logout', POST], Ant [pattern='/logout', PUT], Ant [pattern='/logout', DELETE]]
2023-12-02T18:58:17.142+01:00 TRACE 6940 --- [-auto-1-exec-10] o.s.security.web.FilterChainProxy        : Invoking BearerTokenAuthenticationFilter (7/13)
2023-12-02T18:58:17.142+01:00 TRACE 6940 --- [-auto-1-exec-10] o.s.s.authentication.ProviderManager     : Authenticating request with JwtAuthenticationProvider (1/2)
2023-12-02T18:58:17.142+01:00 TRACE 6940 --- [-auto-1-exec-10] s.o.s.r.a.JwtGrantedAuthoritiesConverter : Looking for scopes in claim scope
2023-12-02T18:58:17.142+01:00 DEBUG 6940 --- [-auto-1-exec-10] o.s.s.o.s.r.a.JwtAuthenticationProvider  : Authenticated token
2023-12-02T18:58:17.143+01:00 DEBUG 6940 --- [-auto-1-exec-10] .s.r.w.a.BearerTokenAuthenticationFilter : Set SecurityContextHolder to JwtAuthenticationToken [Principal=org.springframework.security.oauth2.jwt.Jwt@9dcdb2b, Credentials=[PROTECTED], Authenticated=true, Details=WebAuthenticationDetails [RemoteIpAddress=127.0.0.1, SessionId=null], Granted Authorities=[SCOPE_read]]
2023-12-02T18:58:17.143+01:00 TRACE 6940 --- [-auto-1-exec-10] o.s.security.web.FilterChainProxy        : Invoking RequestCacheAwareFilter (8/13)
2023-12-02T18:58:17.143+01:00 TRACE 6940 --- [-auto-1-exec-10] o.s.security.web.FilterChainProxy        : Invoking SecurityContextHolderAwareRequestFilter (9/13)
2023-12-02T18:58:17.143+01:00 TRACE 6940 --- [-auto-1-exec-10] o.s.security.web.FilterChainProxy        : Invoking AnonymousAuthenticationFilter (10/13)
2023-12-02T18:58:17.143+01:00 TRACE 6940 --- [-auto-1-exec-10] o.s.security.web.FilterChainProxy        : Invoking SessionManagementFilter (11/13)
2023-12-02T18:58:17.143+01:00 TRACE 6940 --- [-auto-1-exec-10] o.s.s.w.a.AnonymousAuthenticationFilter  : Did not set SecurityContextHolder since already authenticated JwtAuthenticationToken [Principal=org.springframework.security.oauth2.jwt.Jwt@9dcdb2b, Credentials=[PROTECTED], Authenticated=true, Details=WebAuthenticationDetails [RemoteIpAddress=127.0.0.1, SessionId=null], Granted Authorities=[SCOPE_read]]
2023-12-02T18:58:17.143+01:00 TRACE 6940 --- [-auto-1-exec-10] s.CompositeSessionAuthenticationStrategy : Preparing session with ChangeSessionIdAuthenticationStrategy (1/1)
2023-12-02T18:58:17.143+01:00 TRACE 6940 --- [-auto-1-exec-10] o.s.security.web.FilterChainProxy        : Invoking ExceptionTranslationFilter (12/13)
2023-12-02T18:58:17.143+01:00 TRACE 6940 --- [-auto-1-exec-10] o.s.security.web.FilterChainProxy        : Invoking AuthorizationFilter (13/13)
2023-12-02T18:58:17.143+01:00 TRACE 6940 --- [-auto-1-exec-10] estMatcherDelegatingAuthorizationManager : Authorizing SecurityContextHolderAwareRequestWrapper[ org.springframework.security.web.header.HeaderWriterFilter$HeaderWriterRequest@1bb107e1]
2023-12-02T18:58:17.144+01:00 TRACE 6940 --- [-auto-1-exec-10] estMatcherDelegatingAuthorizationManager : Checking authorization on SecurityContextHolderAwareRequestWrapper[ org.springframework.security.web.header.HeaderWriterFilter$HeaderWriterRequest@1bb107e1] using org.springframework.security.authorization.AuthenticatedAuthorizationManager@6385db
2023-12-02T18:58:17.144+01:00 DEBUG 6940 --- [-auto-1-exec-10] o.s.security.web.FilterChainProxy        : Secured POST /api/v1/recipe
2023-12-02T18:58:17.145+01:00 TRACE 6940 --- [-auto-1-exec-10] o.s.s.w.header.writers.HstsHeaderWriter  : Not injecting HSTS header since it did not match request to [Is Secure]
]]></system-out>
  </testcase>
  <testcase name="shouldNotUpdateRecipeWhenRecipeIsNotFound" classname="com.ar.bzassesment.controller.RecipeControllerIntTest" time="0.02">
    <system-out><![CDATA[2023-12-02T18:58:17.149+01:00 TRACE 6940 --- [o-auto-1-exec-1] o.s.security.web.FilterChainProxy        : Trying to match request against DefaultSecurityFilterChain [RequestMatcher=any request, Filters=[org.springframework.security.web.session.DisableEncodeUrlFilter@5575b4c2, org.springframework.security.web.context.request.async.WebAsyncManagerIntegrationFilter@4c89b58, org.springframework.security.web.context.SecurityContextHolderFilter@46611be4, org.springframework.security.web.header.HeaderWriterFilter@7094f0ae, org.springframework.web.filter.CorsFilter@472cf6af, org.springframework.security.web.authentication.logout.LogoutFilter@745690d7, org.springframework.security.oauth2.server.resource.web.authentication.BearerTokenAuthenticationFilter@30f51f8a, org.springframework.security.web.savedrequest.RequestCacheAwareFilter@17e77d57, org.springframework.security.web.servletapi.SecurityContextHolderAwareRequestFilter@2e7da886, org.springframework.security.web.authentication.AnonymousAuthenticationFilter@1fab1909, org.springframework.security.web.session.SessionManagementFilter@46663674, org.springframework.security.web.access.ExceptionTranslationFilter@27d40ca5, org.springframework.security.web.access.intercept.AuthorizationFilter@44e4fa97]] (1/1)
2023-12-02T18:58:17.149+01:00 DEBUG 6940 --- [o-auto-1-exec-1] o.s.security.web.FilterChainProxy        : Securing POST /token
2023-12-02T18:58:17.150+01:00 TRACE 6940 --- [o-auto-1-exec-1] o.s.security.web.FilterChainProxy        : Invoking DisableEncodeUrlFilter (1/13)
2023-12-02T18:58:17.150+01:00 TRACE 6940 --- [o-auto-1-exec-1] o.s.security.web.FilterChainProxy        : Invoking WebAsyncManagerIntegrationFilter (2/13)
2023-12-02T18:58:17.150+01:00 TRACE 6940 --- [o-auto-1-exec-1] o.s.security.web.FilterChainProxy        : Invoking SecurityContextHolderFilter (3/13)
2023-12-02T18:58:17.150+01:00 TRACE 6940 --- [o-auto-1-exec-1] o.s.security.web.FilterChainProxy        : Invoking HeaderWriterFilter (4/13)
2023-12-02T18:58:17.150+01:00 TRACE 6940 --- [o-auto-1-exec-1] o.s.security.web.FilterChainProxy        : Invoking CorsFilter (5/13)
2023-12-02T18:58:17.150+01:00 TRACE 6940 --- [o-auto-1-exec-1] o.s.security.web.FilterChainProxy        : Invoking LogoutFilter (6/13)
2023-12-02T18:58:17.150+01:00 TRACE 6940 --- [o-auto-1-exec-1] o.s.s.w.a.logout.LogoutFilter            : Did not match request to Or [Ant [pattern='/logout', GET], Ant [pattern='/logout', POST], Ant [pattern='/logout', PUT], Ant [pattern='/logout', DELETE]]
2023-12-02T18:58:17.150+01:00 TRACE 6940 --- [o-auto-1-exec-1] o.s.security.web.FilterChainProxy        : Invoking BearerTokenAuthenticationFilter (7/13)
2023-12-02T18:58:17.150+01:00 TRACE 6940 --- [o-auto-1-exec-1] .s.r.w.a.BearerTokenAuthenticationFilter : Did not process request since did not find bearer token
2023-12-02T18:58:17.150+01:00 TRACE 6940 --- [o-auto-1-exec-1] o.s.security.web.FilterChainProxy        : Invoking RequestCacheAwareFilter (8/13)
2023-12-02T18:58:17.150+01:00 TRACE 6940 --- [o-auto-1-exec-1] o.s.security.web.FilterChainProxy        : Invoking SecurityContextHolderAwareRequestFilter (9/13)
2023-12-02T18:58:17.150+01:00 TRACE 6940 --- [o-auto-1-exec-1] o.s.security.web.FilterChainProxy        : Invoking AnonymousAuthenticationFilter (10/13)
2023-12-02T18:58:17.150+01:00 TRACE 6940 --- [o-auto-1-exec-1] o.s.security.web.FilterChainProxy        : Invoking SessionManagementFilter (11/13)
2023-12-02T18:58:17.150+01:00 TRACE 6940 --- [o-auto-1-exec-1] .s.s.w.c.SupplierDeferredSecurityContext : Created SecurityContextImpl [Null authentication]
2023-12-02T18:58:17.150+01:00 TRACE 6940 --- [o-auto-1-exec-1] o.s.s.w.a.AnonymousAuthenticationFilter  : Set SecurityContextHolder to AnonymousAuthenticationToken [Principal=anonymousUser, Credentials=[PROTECTED], Authenticated=true, Details=WebAuthenticationDetails [RemoteIpAddress=127.0.0.1, SessionId=null], Granted Authorities=[ROLE_ANONYMOUS]]
2023-12-02T18:58:17.150+01:00 TRACE 6940 --- [o-auto-1-exec-1] o.s.security.web.FilterChainProxy        : Invoking ExceptionTranslationFilter (12/13)
2023-12-02T18:58:17.150+01:00 TRACE 6940 --- [o-auto-1-exec-1] o.s.security.web.FilterChainProxy        : Invoking AuthorizationFilter (13/13)
2023-12-02T18:58:17.150+01:00 TRACE 6940 --- [o-auto-1-exec-1] estMatcherDelegatingAuthorizationManager : Authorizing SecurityContextHolderAwareRequestWrapper[ org.springframework.security.web.header.HeaderWriterFilter$HeaderWriterRequest@4b6464ba]
2023-12-02T18:58:17.150+01:00 TRACE 6940 --- [o-auto-1-exec-1] estMatcherDelegatingAuthorizationManager : Checking authorization on SecurityContextHolderAwareRequestWrapper[ org.springframework.security.web.header.HeaderWriterFilter$HeaderWriterRequest@4b6464ba] using org.springframework.security.config.annotation.web.configurers.AuthorizeHttpRequestsConfigurer$$Lambda/0x0000007801c46420@4bb95a37
2023-12-02T18:58:17.151+01:00 DEBUG 6940 --- [o-auto-1-exec-1] o.s.security.web.FilterChainProxy        : Secured POST /token
2023-12-02T18:58:17.151+01:00 TRACE 6940 --- [o-auto-1-exec-1] o.s.s.authentication.ProviderManager     : Authenticating request with DaoAuthenticationProvider (1/1)
2023-12-02T18:58:17.151+01:00 DEBUG 6940 --- [o-auto-1-exec-1] o.s.s.a.dao.DaoAuthenticationProvider    : Authenticated user
2023-12-02T18:58:17.153+01:00 TRACE 6940 --- [o-auto-1-exec-1] o.s.s.w.header.writers.HstsHeaderWriter  : Not injecting HSTS header since it did not match request to [Is Secure]
2023-12-02T18:58:17.154+01:00 TRACE 6940 --- [o-auto-1-exec-2] o.s.security.web.FilterChainProxy        : Trying to match request against DefaultSecurityFilterChain [RequestMatcher=any request, Filters=[org.springframework.security.web.session.DisableEncodeUrlFilter@5575b4c2, org.springframework.security.web.context.request.async.WebAsyncManagerIntegrationFilter@4c89b58, org.springframework.security.web.context.SecurityContextHolderFilter@46611be4, org.springframework.security.web.header.HeaderWriterFilter@7094f0ae, org.springframework.web.filter.CorsFilter@472cf6af, org.springframework.security.web.authentication.logout.LogoutFilter@745690d7, org.springframework.security.oauth2.server.resource.web.authentication.BearerTokenAuthenticationFilter@30f51f8a, org.springframework.security.web.savedrequest.RequestCacheAwareFilter@17e77d57, org.springframework.security.web.servletapi.SecurityContextHolderAwareRequestFilter@2e7da886, org.springframework.security.web.authentication.AnonymousAuthenticationFilter@1fab1909, org.springframework.security.web.session.SessionManagementFilter@46663674, org.springframework.security.web.access.ExceptionTranslationFilter@27d40ca5, org.springframework.security.web.access.intercept.AuthorizationFilter@44e4fa97]] (1/1)
2023-12-02T18:58:17.154+01:00 DEBUG 6940 --- [o-auto-1-exec-2] o.s.security.web.FilterChainProxy        : Securing PUT /api/v1/recipe/100
2023-12-02T18:58:17.154+01:00 TRACE 6940 --- [o-auto-1-exec-2] o.s.security.web.FilterChainProxy        : Invoking DisableEncodeUrlFilter (1/13)
2023-12-02T18:58:17.154+01:00 TRACE 6940 --- [o-auto-1-exec-2] o.s.security.web.FilterChainProxy        : Invoking WebAsyncManagerIntegrationFilter (2/13)
2023-12-02T18:58:17.154+01:00 TRACE 6940 --- [o-auto-1-exec-2] o.s.security.web.FilterChainProxy        : Invoking SecurityContextHolderFilter (3/13)
2023-12-02T18:58:17.154+01:00 TRACE 6940 --- [o-auto-1-exec-2] o.s.security.web.FilterChainProxy        : Invoking HeaderWriterFilter (4/13)
2023-12-02T18:58:17.154+01:00 TRACE 6940 --- [o-auto-1-exec-2] o.s.security.web.FilterChainProxy        : Invoking CorsFilter (5/13)
2023-12-02T18:58:17.154+01:00 TRACE 6940 --- [o-auto-1-exec-2] o.s.security.web.FilterChainProxy        : Invoking LogoutFilter (6/13)
2023-12-02T18:58:17.154+01:00 TRACE 6940 --- [o-auto-1-exec-2] o.s.s.w.a.logout.LogoutFilter            : Did not match request to Or [Ant [pattern='/logout', GET], Ant [pattern='/logout', POST], Ant [pattern='/logout', PUT], Ant [pattern='/logout', DELETE]]
2023-12-02T18:58:17.154+01:00 TRACE 6940 --- [o-auto-1-exec-2] o.s.security.web.FilterChainProxy        : Invoking BearerTokenAuthenticationFilter (7/13)
2023-12-02T18:58:17.154+01:00 TRACE 6940 --- [o-auto-1-exec-2] o.s.s.authentication.ProviderManager     : Authenticating request with JwtAuthenticationProvider (1/2)
2023-12-02T18:58:17.155+01:00 TRACE 6940 --- [o-auto-1-exec-2] s.o.s.r.a.JwtGrantedAuthoritiesConverter : Looking for scopes in claim scope
2023-12-02T18:58:17.155+01:00 DEBUG 6940 --- [o-auto-1-exec-2] o.s.s.o.s.r.a.JwtAuthenticationProvider  : Authenticated token
2023-12-02T18:58:17.155+01:00 DEBUG 6940 --- [o-auto-1-exec-2] .s.r.w.a.BearerTokenAuthenticationFilter : Set SecurityContextHolder to JwtAuthenticationToken [Principal=org.springframework.security.oauth2.jwt.Jwt@9dcdb2b, Credentials=[PROTECTED], Authenticated=true, Details=WebAuthenticationDetails [RemoteIpAddress=127.0.0.1, SessionId=null], Granted Authorities=[SCOPE_read]]
2023-12-02T18:58:17.155+01:00 TRACE 6940 --- [o-auto-1-exec-2] o.s.security.web.FilterChainProxy        : Invoking RequestCacheAwareFilter (8/13)
2023-12-02T18:58:17.155+01:00 TRACE 6940 --- [o-auto-1-exec-2] o.s.security.web.FilterChainProxy        : Invoking SecurityContextHolderAwareRequestFilter (9/13)
2023-12-02T18:58:17.155+01:00 TRACE 6940 --- [o-auto-1-exec-2] o.s.security.web.FilterChainProxy        : Invoking AnonymousAuthenticationFilter (10/13)
2023-12-02T18:58:17.155+01:00 TRACE 6940 --- [o-auto-1-exec-2] o.s.security.web.FilterChainProxy        : Invoking SessionManagementFilter (11/13)
2023-12-02T18:58:17.155+01:00 TRACE 6940 --- [o-auto-1-exec-2] o.s.s.w.a.AnonymousAuthenticationFilter  : Did not set SecurityContextHolder since already authenticated JwtAuthenticationToken [Principal=org.springframework.security.oauth2.jwt.Jwt@9dcdb2b, Credentials=[PROTECTED], Authenticated=true, Details=WebAuthenticationDetails [RemoteIpAddress=127.0.0.1, SessionId=null], Granted Authorities=[SCOPE_read]]
2023-12-02T18:58:17.155+01:00 TRACE 6940 --- [o-auto-1-exec-2] s.CompositeSessionAuthenticationStrategy : Preparing session with ChangeSessionIdAuthenticationStrategy (1/1)
2023-12-02T18:58:17.155+01:00 TRACE 6940 --- [o-auto-1-exec-2] o.s.security.web.FilterChainProxy        : Invoking ExceptionTranslationFilter (12/13)
2023-12-02T18:58:17.155+01:00 TRACE 6940 --- [o-auto-1-exec-2] o.s.security.web.FilterChainProxy        : Invoking AuthorizationFilter (13/13)
2023-12-02T18:58:17.155+01:00 TRACE 6940 --- [o-auto-1-exec-2] estMatcherDelegatingAuthorizationManager : Authorizing SecurityContextHolderAwareRequestWrapper[ org.springframework.security.web.header.HeaderWriterFilter$HeaderWriterRequest@1b0f9846]
2023-12-02T18:58:17.156+01:00 TRACE 6940 --- [o-auto-1-exec-2] estMatcherDelegatingAuthorizationManager : Checking authorization on SecurityContextHolderAwareRequestWrapper[ org.springframework.security.web.header.HeaderWriterFilter$HeaderWriterRequest@1b0f9846] using org.springframework.security.authorization.AuthenticatedAuthorizationManager@6385db
2023-12-02T18:58:17.156+01:00 DEBUG 6940 --- [o-auto-1-exec-2] o.s.security.web.FilterChainProxy        : Secured PUT /api/v1/recipe/100
2023-12-02T18:58:17.156+01:00  INFO 6940 --- [o-auto-1-exec-2] c.a.b.controller.RecipeController        : User mithu updating the recipe id 100
Hibernate: select r1_0.id,r1_0.crat_tsp,r1_0.crat_id,r1_0.name,r1_0.no_of_servings,r1_0.upd_tsp,r1_0.upd_id,r1_0.veg from recipe r1_0 where r1_0.id=?
2023-12-02T18:58:17.165+01:00 TRACE 6940 --- [o-auto-1-exec-2] o.s.s.w.header.writers.HstsHeaderWriter  : Not injecting HSTS header since it did not match request to [Is Secure]
]]></system-out>
  </testcase>
  <testcase name="shouldReturnEmptyRecipeWithValidSearch" classname="com.ar.bzassesment.controller.RecipeControllerIntTest" time="0.023">
    <system-out><![CDATA[2023-12-02T18:58:17.170+01:00 TRACE 6940 --- [o-auto-1-exec-3] o.s.security.web.FilterChainProxy        : Trying to match request against DefaultSecurityFilterChain [RequestMatcher=any request, Filters=[org.springframework.security.web.session.DisableEncodeUrlFilter@5575b4c2, org.springframework.security.web.context.request.async.WebAsyncManagerIntegrationFilter@4c89b58, org.springframework.security.web.context.SecurityContextHolderFilter@46611be4, org.springframework.security.web.header.HeaderWriterFilter@7094f0ae, org.springframework.web.filter.CorsFilter@472cf6af, org.springframework.security.web.authentication.logout.LogoutFilter@745690d7, org.springframework.security.oauth2.server.resource.web.authentication.BearerTokenAuthenticationFilter@30f51f8a, org.springframework.security.web.savedrequest.RequestCacheAwareFilter@17e77d57, org.springframework.security.web.servletapi.SecurityContextHolderAwareRequestFilter@2e7da886, org.springframework.security.web.authentication.AnonymousAuthenticationFilter@1fab1909, org.springframework.security.web.session.SessionManagementFilter@46663674, org.springframework.security.web.access.ExceptionTranslationFilter@27d40ca5, org.springframework.security.web.access.intercept.AuthorizationFilter@44e4fa97]] (1/1)
2023-12-02T18:58:17.170+01:00 DEBUG 6940 --- [o-auto-1-exec-3] o.s.security.web.FilterChainProxy        : Securing POST /token
2023-12-02T18:58:17.170+01:00 TRACE 6940 --- [o-auto-1-exec-3] o.s.security.web.FilterChainProxy        : Invoking DisableEncodeUrlFilter (1/13)
2023-12-02T18:58:17.170+01:00 TRACE 6940 --- [o-auto-1-exec-3] o.s.security.web.FilterChainProxy        : Invoking WebAsyncManagerIntegrationFilter (2/13)
2023-12-02T18:58:17.170+01:00 TRACE 6940 --- [o-auto-1-exec-3] o.s.security.web.FilterChainProxy        : Invoking SecurityContextHolderFilter (3/13)
2023-12-02T18:58:17.170+01:00 TRACE 6940 --- [o-auto-1-exec-3] o.s.security.web.FilterChainProxy        : Invoking HeaderWriterFilter (4/13)
2023-12-02T18:58:17.170+01:00 TRACE 6940 --- [o-auto-1-exec-3] o.s.security.web.FilterChainProxy        : Invoking CorsFilter (5/13)
2023-12-02T18:58:17.171+01:00 TRACE 6940 --- [o-auto-1-exec-3] o.s.security.web.FilterChainProxy        : Invoking LogoutFilter (6/13)
2023-12-02T18:58:17.171+01:00 TRACE 6940 --- [o-auto-1-exec-3] o.s.s.w.a.logout.LogoutFilter            : Did not match request to Or [Ant [pattern='/logout', GET], Ant [pattern='/logout', POST], Ant [pattern='/logout', PUT], Ant [pattern='/logout', DELETE]]
2023-12-02T18:58:17.171+01:00 TRACE 6940 --- [o-auto-1-exec-3] o.s.security.web.FilterChainProxy        : Invoking BearerTokenAuthenticationFilter (7/13)
2023-12-02T18:58:17.171+01:00 TRACE 6940 --- [o-auto-1-exec-3] .s.r.w.a.BearerTokenAuthenticationFilter : Did not process request since did not find bearer token
2023-12-02T18:58:17.171+01:00 TRACE 6940 --- [o-auto-1-exec-3] o.s.security.web.FilterChainProxy        : Invoking RequestCacheAwareFilter (8/13)
2023-12-02T18:58:17.171+01:00 TRACE 6940 --- [o-auto-1-exec-3] o.s.security.web.FilterChainProxy        : Invoking SecurityContextHolderAwareRequestFilter (9/13)
2023-12-02T18:58:17.171+01:00 TRACE 6940 --- [o-auto-1-exec-3] o.s.security.web.FilterChainProxy        : Invoking AnonymousAuthenticationFilter (10/13)
2023-12-02T18:58:17.171+01:00 TRACE 6940 --- [o-auto-1-exec-3] o.s.security.web.FilterChainProxy        : Invoking SessionManagementFilter (11/13)
2023-12-02T18:58:17.171+01:00 TRACE 6940 --- [o-auto-1-exec-3] .s.s.w.c.SupplierDeferredSecurityContext : Created SecurityContextImpl [Null authentication]
2023-12-02T18:58:17.171+01:00 TRACE 6940 --- [o-auto-1-exec-3] o.s.s.w.a.AnonymousAuthenticationFilter  : Set SecurityContextHolder to AnonymousAuthenticationToken [Principal=anonymousUser, Credentials=[PROTECTED], Authenticated=true, Details=WebAuthenticationDetails [RemoteIpAddress=127.0.0.1, SessionId=null], Granted Authorities=[ROLE_ANONYMOUS]]
2023-12-02T18:58:17.171+01:00 TRACE 6940 --- [o-auto-1-exec-3] o.s.security.web.FilterChainProxy        : Invoking ExceptionTranslationFilter (12/13)
2023-12-02T18:58:17.171+01:00 TRACE 6940 --- [o-auto-1-exec-3] o.s.security.web.FilterChainProxy        : Invoking AuthorizationFilter (13/13)
2023-12-02T18:58:17.171+01:00 TRACE 6940 --- [o-auto-1-exec-3] estMatcherDelegatingAuthorizationManager : Authorizing SecurityContextHolderAwareRequestWrapper[ org.springframework.security.web.header.HeaderWriterFilter$HeaderWriterRequest@580afbd2]
2023-12-02T18:58:17.171+01:00 TRACE 6940 --- [o-auto-1-exec-3] estMatcherDelegatingAuthorizationManager : Checking authorization on SecurityContextHolderAwareRequestWrapper[ org.springframework.security.web.header.HeaderWriterFilter$HeaderWriterRequest@580afbd2] using org.springframework.security.config.annotation.web.configurers.AuthorizeHttpRequestsConfigurer$$Lambda/0x0000007801c46420@4bb95a37
2023-12-02T18:58:17.171+01:00 DEBUG 6940 --- [o-auto-1-exec-3] o.s.security.web.FilterChainProxy        : Secured POST /token
2023-12-02T18:58:17.172+01:00 TRACE 6940 --- [o-auto-1-exec-3] o.s.s.authentication.ProviderManager     : Authenticating request with DaoAuthenticationProvider (1/1)
2023-12-02T18:58:17.172+01:00 DEBUG 6940 --- [o-auto-1-exec-3] o.s.s.a.dao.DaoAuthenticationProvider    : Authenticated user
2023-12-02T18:58:17.173+01:00 TRACE 6940 --- [o-auto-1-exec-3] o.s.s.w.header.writers.HstsHeaderWriter  : Not injecting HSTS header since it did not match request to [Is Secure]
2023-12-02T18:58:17.175+01:00 TRACE 6940 --- [o-auto-1-exec-4] o.s.security.web.FilterChainProxy        : Trying to match request against DefaultSecurityFilterChain [RequestMatcher=any request, Filters=[org.springframework.security.web.session.DisableEncodeUrlFilter@5575b4c2, org.springframework.security.web.context.request.async.WebAsyncManagerIntegrationFilter@4c89b58, org.springframework.security.web.context.SecurityContextHolderFilter@46611be4, org.springframework.security.web.header.HeaderWriterFilter@7094f0ae, org.springframework.web.filter.CorsFilter@472cf6af, org.springframework.security.web.authentication.logout.LogoutFilter@745690d7, org.springframework.security.oauth2.server.resource.web.authentication.BearerTokenAuthenticationFilter@30f51f8a, org.springframework.security.web.savedrequest.RequestCacheAwareFilter@17e77d57, org.springframework.security.web.servletapi.SecurityContextHolderAwareRequestFilter@2e7da886, org.springframework.security.web.authentication.AnonymousAuthenticationFilter@1fab1909, org.springframework.security.web.session.SessionManagementFilter@46663674, org.springframework.security.web.access.ExceptionTranslationFilter@27d40ca5, org.springframework.security.web.access.intercept.AuthorizationFilter@44e4fa97]] (1/1)
2023-12-02T18:58:17.175+01:00 DEBUG 6940 --- [o-auto-1-exec-4] o.s.security.web.FilterChainProxy        : Securing GET /api/v1/recipe/search?type=veg&minServings=1&maxServings=1&queryInstructions=Medium%20Fry%2C%20Fully%20cooked&includedIngredients=Tomato&excludedIngredients=Chicken
2023-12-02T18:58:17.175+01:00 TRACE 6940 --- [o-auto-1-exec-4] o.s.security.web.FilterChainProxy        : Invoking DisableEncodeUrlFilter (1/13)
2023-12-02T18:58:17.175+01:00 TRACE 6940 --- [o-auto-1-exec-4] o.s.security.web.FilterChainProxy        : Invoking WebAsyncManagerIntegrationFilter (2/13)
2023-12-02T18:58:17.175+01:00 TRACE 6940 --- [o-auto-1-exec-4] o.s.security.web.FilterChainProxy        : Invoking SecurityContextHolderFilter (3/13)
2023-12-02T18:58:17.175+01:00 TRACE 6940 --- [o-auto-1-exec-4] o.s.security.web.FilterChainProxy        : Invoking HeaderWriterFilter (4/13)
2023-12-02T18:58:17.175+01:00 TRACE 6940 --- [o-auto-1-exec-4] o.s.security.web.FilterChainProxy        : Invoking CorsFilter (5/13)
2023-12-02T18:58:17.175+01:00 TRACE 6940 --- [o-auto-1-exec-4] o.s.security.web.FilterChainProxy        : Invoking LogoutFilter (6/13)
2023-12-02T18:58:17.175+01:00 TRACE 6940 --- [o-auto-1-exec-4] o.s.s.w.a.logout.LogoutFilter            : Did not match request to Or [Ant [pattern='/logout', GET], Ant [pattern='/logout', POST], Ant [pattern='/logout', PUT], Ant [pattern='/logout', DELETE]]
2023-12-02T18:58:17.175+01:00 TRACE 6940 --- [o-auto-1-exec-4] o.s.security.web.FilterChainProxy        : Invoking BearerTokenAuthenticationFilter (7/13)
2023-12-02T18:58:17.175+01:00 TRACE 6940 --- [o-auto-1-exec-4] o.s.s.authentication.ProviderManager     : Authenticating request with JwtAuthenticationProvider (1/2)
2023-12-02T18:58:17.176+01:00 TRACE 6940 --- [o-auto-1-exec-4] s.o.s.r.a.JwtGrantedAuthoritiesConverter : Looking for scopes in claim scope
2023-12-02T18:58:17.176+01:00 DEBUG 6940 --- [o-auto-1-exec-4] o.s.s.o.s.r.a.JwtAuthenticationProvider  : Authenticated token
2023-12-02T18:58:17.176+01:00 DEBUG 6940 --- [o-auto-1-exec-4] .s.r.w.a.BearerTokenAuthenticationFilter : Set SecurityContextHolder to JwtAuthenticationToken [Principal=org.springframework.security.oauth2.jwt.Jwt@9dcdb2b, Credentials=[PROTECTED], Authenticated=true, Details=WebAuthenticationDetails [RemoteIpAddress=127.0.0.1, SessionId=null], Granted Authorities=[SCOPE_read]]
2023-12-02T18:58:17.176+01:00 TRACE 6940 --- [o-auto-1-exec-4] o.s.security.web.FilterChainProxy        : Invoking RequestCacheAwareFilter (8/13)
2023-12-02T18:58:17.176+01:00 TRACE 6940 --- [o-auto-1-exec-4] o.s.security.web.FilterChainProxy        : Invoking SecurityContextHolderAwareRequestFilter (9/13)
2023-12-02T18:58:17.176+01:00 TRACE 6940 --- [o-auto-1-exec-4] o.s.security.web.FilterChainProxy        : Invoking AnonymousAuthenticationFilter (10/13)
2023-12-02T18:58:17.176+01:00 TRACE 6940 --- [o-auto-1-exec-4] o.s.security.web.FilterChainProxy        : Invoking SessionManagementFilter (11/13)
2023-12-02T18:58:17.176+01:00 TRACE 6940 --- [o-auto-1-exec-4] o.s.s.w.a.AnonymousAuthenticationFilter  : Did not set SecurityContextHolder since already authenticated JwtAuthenticationToken [Principal=org.springframework.security.oauth2.jwt.Jwt@9dcdb2b, Credentials=[PROTECTED], Authenticated=true, Details=WebAuthenticationDetails [RemoteIpAddress=127.0.0.1, SessionId=null], Granted Authorities=[SCOPE_read]]
2023-12-02T18:58:17.176+01:00 TRACE 6940 --- [o-auto-1-exec-4] s.CompositeSessionAuthenticationStrategy : Preparing session with ChangeSessionIdAuthenticationStrategy (1/1)
2023-12-02T18:58:17.176+01:00 TRACE 6940 --- [o-auto-1-exec-4] o.s.security.web.FilterChainProxy        : Invoking ExceptionTranslationFilter (12/13)
2023-12-02T18:58:17.176+01:00 TRACE 6940 --- [o-auto-1-exec-4] o.s.security.web.FilterChainProxy        : Invoking AuthorizationFilter (13/13)
2023-12-02T18:58:17.176+01:00 TRACE 6940 --- [o-auto-1-exec-4] estMatcherDelegatingAuthorizationManager : Authorizing SecurityContextHolderAwareRequestWrapper[ org.springframework.security.web.header.HeaderWriterFilter$HeaderWriterRequest@491bf467]
2023-12-02T18:58:17.177+01:00 TRACE 6940 --- [o-auto-1-exec-4] estMatcherDelegatingAuthorizationManager : Checking authorization on SecurityContextHolderAwareRequestWrapper[ org.springframework.security.web.header.HeaderWriterFilter$HeaderWriterRequest@491bf467] using org.springframework.security.authorization.AuthenticatedAuthorizationManager@6385db
2023-12-02T18:58:17.177+01:00 DEBUG 6940 --- [o-auto-1-exec-4] o.s.security.web.FilterChainProxy        : Secured GET /api/v1/recipe/search?type=veg&minServings=1&maxServings=1&queryInstructions=Medium%20Fry%2C%20Fully%20cooked&includedIngredients=Tomato&excludedIngredients=Chicken
2023-12-02T18:58:17.178+01:00  INFO 6940 --- [o-auto-1-exec-4] c.a.b.controller.RecipeController        : User mithu initiated search request
Hibernate: select r1_0.id,r1_0.crat_tsp,r1_0.crat_id,r1_0.name,r1_0.no_of_servings,r1_0.upd_tsp,r1_0.upd_id,r1_0.veg from recipe r1_0 join instructions i1_0 on r1_0.id=i1_0.recipe_id join recipe_ingredients ri1_0 on r1_0.id=ri1_0.recipe_id join ingredients i2_0 on i2_0.id=ri1_0.ingredients_id left join recipe_ingredients ri2_0 on r1_0.id=ri2_0.recipe_id join ingredients i3_0 on i3_0.id=ri2_0.ingredients_id where r1_0.veg=? and i1_0.ins_steps in (?,?) and r1_0.no_of_servings between ? and ? and i2_0.name in (?) and i3_0.name not in (?)
Output ----- []
2023-12-02T18:58:17.188+01:00 TRACE 6940 --- [o-auto-1-exec-4] o.s.s.w.header.writers.HstsHeaderWriter  : Not injecting HSTS header since it did not match request to [Is Secure]
]]></system-out>
  </testcase>
</testsuite>